HWiNFOÆ ARM64 Version 8.16-5600

T16-JG --------------------------------------------------------------------

 [Aktueller Computer]
  Computername:                           T16-JG
  Computermarkenname:                     LENOVO ThinkBook 16 G7 QOY
 [Betriebssystem]
  Betriebssystem:                         Microsoft Windows 11 Professional (ARM64) Build 26100.2605 (24H2)
  UEFI-Start:                             Vorhanden
  Sicherer Start:                         Aktiviert
  Hypervisor-gesch√ºtzte Codeintegrit√§t (HVCI): Aktiviert

Hauptprozessor(en) --------------------------------------------------------

 [Anzahl der CPU-Einheiten]
  Anzahl der Prozessoren (physisch):      1
  Anzahl der Prozessorkerne:              8
  Anzahl logischer Prozessoren:           8

Qualcomm Snapdragon 8cx Next Gen ------------------------------------------

 [Allgemeine Informationen]
  Prozessorname:                          Qualcomm Snapdragon 8cx Next Gen
  Originale Prozessorfrequenz:            3300.0 MHz
  Original Processor Frequency [MHz]:     3300
  CPU-Codename:                           Oryon
  Anzahl der CPU-Kerne:                   4 x Oryon P2, 4 x Oryon P1
 [Cache und TLB]
  L1-Cache (Oryon P2 Cores):              Instruction: 4 x 192 KBytes, Data: 4 x 96 KBytes
  L1-Cache (Oryon P1 Cores):              Instruction: 4 x 192 KBytes, Data: 4 x 96 KBytes
  L2-Cache (Oryon P2 Cores):              Integrated: 12 MBytes
  L2-Cache (Oryon P1 Cores):              Integrated: 12 MBytes

Hauptplatine --------------------------------------------------------------

 [Computer]
  Computermarkenname:                     LENOVO ThinkBook 16 G7 QOY
 [Hauptplatine]
  Hauptplatinen-Modell:                   ThinkBook 16 G7 QOY
 [BIOS]
  BIOS-Hersteller:                        LENOVO
  BIOS-Datum (mm/tt/jjjj):                08/ 1/2024
  BIOS-Version:                           PWCN14WW
  Trusted Platform Module (TPM)-Chip:     Present, version 2.0

ACPI-Ger√§te --------------------------------------------------------------


HID Button over Interrupt Driver ------------------------------------------

  Ger√§tename:                            HID Button over Interrupt Driver
 [Zugewiesene Ressourcen]
  IRQ:                                    32770
 [Alternative 1]
  IRQ:                                    32770
  IRQ:                                    32771
  IRQ:                                    32772

PCI Express Root Complex --------------------------------------------------

  Ger√§tename:                            PCI Express Root Complex
 [Zugewiesene Ressourcen]
  Speicherort:                            7C300000 - 7DFFFFFF
 [Alternative 1]
  Speicherort:                            7C300000 - 7DFFFFFF

PCI Express Root Complex --------------------------------------------------

  Ger√§tename:                            PCI Express Root Complex
 [Zugewiesene Ressourcen]
  Speicherort:                            70300000 - 71FFFFFF
 [Alternative 1]
  Speicherort:                            70300000 - 71FFFFFF

Qualcomm(R) System Manager Device -----------------------------------------

  Ger√§tename:                            Qualcomm(R) System Manager Device
 [Zugewiesene Ressourcen]
  IRQ:                                    32768
 [Alternative 1]
  Speicherort:                            81F1E000
  IRQ:                                    32768

Qualcomm(R) Inter Processor Communication Interrupt Device ----------------

  Ger√§tename:                            Qualcomm(R) Inter Processor Communication Interrupt Device
 [Zugewiesene Ressourcen]
  IRQ:                                    261
 [Alternative 1]
  IRQ:                                    261
  IRQ:                                    262
  IRQ:                                    263
  IRQ:                                    900

Qualcomm(R) Bam Bus Device ------------------------------------------------

  Ger√§tename:                            Qualcomm(R) Bam Bus Device
 [Zugewiesene Ressourcen]
  Speicherort:                            01DC4000 - 01DEBFFF
 [Alternative 1]
  Speicherort:                            01DC4000 - 01DEBFFF
  IRQ:                                    304

Qualcomm(R) Bam Bus Device ------------------------------------------------

  Ger√§tename:                            Qualcomm(R) Bam Bus Device
 [Zugewiesene Ressourcen]
  Speicherort:                            06C04000 - 06C23FFF
 [Alternative 1]
  Speicherort:                            06C04000 - 06C23FFF
  IRQ:                                    196

Qualcomm(R) SPMI Bus Device -----------------------------------------------

  Ger√§tename:                            Qualcomm(R) SPMI Bus Device
 [Zugewiesene Ressourcen]
  Speicherort:                            0C400000 - 0C8FFFFF
 [Alternative 1]
  Speicherort:                            0C400000 - 0C8FFFFF

Qualcomm(R) System Manager GPIO Device ------------------------------------

  Ger√§tename:                            Qualcomm(R) System Manager GPIO Device
 [Zugewiesene Ressourcen]
  Speicherort:                            0F100000 - 0FFFFFFF
  IRQ:                                    240
  IRQ:                                    659
  IRQ:                                    642
 [Alternative 1]
  Speicherort:                            0F100000
  IRQ:                                    240
  IRQ:                                    240
  IRQ:                                    240
  IRQ:                                    240
  IRQ:                                    598
  IRQ:                                    760
  IRQ:                                    595
  IRQ:                                    659
  IRQ:                                    602
  IRQ:                                    604
  IRQ:                                    645
  IRQ:                                    642
  IRQ:                                    649
  IRQ:                                    756
  IRQ:                                    578
  IRQ:                                    594

Qualcomm(R) SPI Bus Device ------------------------------------------------

  Ger√§tename:                            Qualcomm(R) SPI Bus Device
 [Zugewiesene Ressourcen]
  Speicherort:                            00A88000 - 00A8BFFF
 [Alternative 1]
  Speicherort:                            00A88000 - 00A8BFFF
  IRQ:                                    834

Qualcomm(R) I2C Bus Device ------------------------------------------------

  Ger√§tename:                            Qualcomm(R) I2C Bus Device
 [Zugewiesene Ressourcen]
  Speicherort:                            00B80000 - 00B83FFF
 [Alternative 1]
  Speicherort:                            00B80000 - 00B83FFF
  IRQ:                                    405

Qualcomm(R) I2C Bus Device ------------------------------------------------

  Ger√§tename:                            Qualcomm(R) I2C Bus Device
 [Zugewiesene Ressourcen]
  Speicherort:                            00B84000 - 00B87FFF
 [Alternative 1]
  Speicherort:                            00B84000 - 00B87FFF
  IRQ:                                    615

Qualcomm(R) I2C Bus Device ------------------------------------------------

  Ger√§tename:                            Qualcomm(R) I2C Bus Device
 [Zugewiesene Ressourcen]
  Speicherort:                            00B88000 - 00B8BFFF
 [Alternative 1]
  Speicherort:                            00B88000 - 00B8BFFF
  IRQ:                                    616

Qualcomm(R) I2C Bus Device ------------------------------------------------

  Ger√§tename:                            Qualcomm(R) I2C Bus Device
 [Zugewiesene Ressourcen]
  Speicherort:                            00B8C000 - 00B8FFFF
 [Alternative 1]
  Speicherort:                            00B8C000 - 00B8FFFF
  IRQ:                                    617

Qualcomm(R) I2C Bus Device ------------------------------------------------

  Ger√§tename:                            Qualcomm(R) I2C Bus Device
 [Zugewiesene Ressourcen]
  Speicherort:                            00B90000 - 00B93FFF
 [Alternative 1]
  Speicherort:                            00B90000 - 00B93FFF
  IRQ:                                    618

Qualcomm(R) I2C Bus Device ------------------------------------------------

  Ger√§tename:                            Qualcomm(R) I2C Bus Device
 [Zugewiesene Ressourcen]
  Speicherort:                            00B94000 - 00B97FFF
 [Alternative 1]
  Speicherort:                            00B94000 - 00B97FFF
  IRQ:                                    619

Qualcomm(R) I2C Bus Device ------------------------------------------------

  Ger√§tename:                            Qualcomm(R) I2C Bus Device
 [Zugewiesene Ressourcen]
  Speicherort:                            00B9C000 - 00B9FFFF
 [Alternative 1]
  Speicherort:                            00B9C000 - 00B9FFFF
  IRQ:                                    494

Qualcomm(R) I2C Bus Device ------------------------------------------------

  Ger√§tename:                            Qualcomm(R) I2C Bus Device
 [Zugewiesene Ressourcen]
  Speicherort:                            00A80000 - 00A83FFF
 [Alternative 1]
  Speicherort:                            00A80000 - 00A83FFF
  IRQ:                                    832

Qualcomm(R) Analog-to-Digital Converter Device ----------------------------

  Ger√§tename:                            Qualcomm(R) Analog-to-Digital Converter Device
 [Zugewiesene Ressourcen]
 [Alternative 1]
  IRQ:                                    32781
  IRQ:                                    32782

Qualcomm(R) Bus Device ----------------------------------------------------

  Ger√§tename:                            Qualcomm(R) Bus Device
 [Zugewiesene Ressourcen]
  Speicherort:                            00894000 - 00897FFF
 [Alternative 1]
  Speicherort:                            00894000 - 00897FFF
  IRQ:                                    845
  IRQ:                                    32784

Qualcomm(R) Bus Device ----------------------------------------------------

  Ger√§tename:                            Qualcomm(R) Bus Device
 [Zugewiesene Ressourcen]
  Speicherort:                            00A98000 - 00A9BFFF
 [Alternative 1]
  Speicherort:                            00A98000 - 00A9BFFF
  IRQ:                                    838
  IRQ:                                    32783

Qualcomm Audio DSP Subsystem Device ---------------------------------------

  Ger√§tename:                            Qualcomm Audio DSP Subsystem Device
 [Zugewiesene Ressourcen]
  IRQ:                                    518
 [Alternative 1]
  IRQ:                                    518

Qualcomm(R) System Manager PMIC GPIO Framework Extension Device -----------

  Ger√§tename:                            Qualcomm(R) System Manager PMIC GPIO Framework Extension Device
 [Zugewiesene Ressourcen]
  IRQ:                                    513
 [Alternative 1]
  IRQ:                                    513
  IRQ:                                    515

Qualcomm(R) Bluetooth UART Transport Driver -------------------------------

  Ger√§tename:                            Qualcomm(R) Bluetooth UART Transport Driver
 [Zugewiesene Ressourcen]
 [Alternative 1]

Qualcomm(R) Power Management FGBCL Device ---------------------------------

  Ger√§tename:                            Qualcomm(R) Power Management FGBCL Device
 [Zugewiesene Ressourcen]
  IRQ:                                    32773
  IRQ:                                    32777
 [Alternative 1]
  IRQ:                                    32773
  IRQ:                                    32774
  IRQ:                                    32775
  IRQ:                                    32776
  IRQ:                                    32777
  IRQ:                                    32778
  IRQ:                                    32779
  IRQ:                                    32780

Qualcomm(R) System Manager Device -----------------------------------------

  Ger√§tename:                            Qualcomm(R) System Manager Device
 [Zugewiesene Ressourcen]
  Speicherort:                            010C3000 - 010C3FFF
 [Alternative 1]
  Speicherort:                            010C3000 - 010C3FFF

Qualcomm(R) Bus Device ----------------------------------------------------

  Ger√§tename:                            Qualcomm(R) Bus Device
 [Zugewiesene Ressourcen]
  Speicherort:                            00B04000 - 00B5BFFF
 [Alternative 1]
  Speicherort:                            00B04000 - 00B5BFFF
  IRQ:                                    620
  IRQ:                                    621

Qualcomm(R) Bus Device ----------------------------------------------------

  Ger√§tename:                            Qualcomm(R) Bus Device
 [Zugewiesene Ressourcen]
  Speicherort:                            00A04000 - 00A5BFFF
 [Alternative 1]
  Speicherort:                            00A04000 - 00A5BFFF
  IRQ:                                    808
  IRQ:                                    809

Qualcomm(R) Bus Device ----------------------------------------------------

  Ger√§tename:                            Qualcomm(R) Bus Device
 [Zugewiesene Ressourcen]
  Speicherort:                            00804000 - 0085BFFF
 [Alternative 1]
  Speicherort:                            00804000 - 0085BFFF
  IRQ:                                    820
  IRQ:                                    821

Synopsys USB 3.0 Dual-Role Controller -------------------------------------

  Ger√§tename:                            Synopsys USB 3.0 Dual-Role Controller
 [Zugewiesene Ressourcen]
  Speicherort:                            0A600000 - 0A6FFFFE
 [Alternative 1]
  Speicherort:                            0A600000 - 0A6FFFFE

Synopsys USB 3.0 Dual-Role Controller -------------------------------------

  Ger√§tename:                            Synopsys USB 3.0 Dual-Role Controller
 [Zugewiesene Ressourcen]
  Speicherort:                            0A800000 - 0A8FFFFE
 [Alternative 1]
  Speicherort:                            0A800000 - 0A8FFFFE

Qualcomm Secure Processor Subsystem Device --------------------------------

  Ger√§tename:                            Qualcomm Secure Processor Subsystem Device
 [Zugewiesene Ressourcen]
  Speicherort:                            0188103C - 0188103F
  IRQ:                                    384
  DMA:                                    0
 [Alternative 1]
  Speicherort:                            01881028
  Speicherort:                            01881024
  Speicherort:                            0188101C
  Speicherort:                            0188103C
  Speicherort:                            0188200C
  IRQ:                                    384

Qualcomm(R) PCIe Platform Extension Plugin --------------------------------

  Ger√§tename:                            Qualcomm(R) PCIe Platform Extension Plugin
 [Zugewiesene Ressourcen]
  E/A-Anschluss:                          0003 - 0002
  E/A-Anschluss:                          0006 - 0005
  IRQ:                                    505
  IRQ:                                    790
  IRQ:                                    0
 [Alternative 1]
  IRQ:                                    505
  IRQ:                                    638
  IRQ:                                    464
  IRQ:                                    199
  IRQ:                                    790
  IRQ:                                    779
  IRQ:                                    32769

USB xHCI Compliant Host Controller ----------------------------------------

  Ger√§tename:                            USB xHCI Compliant Host Controller
 [Zugewiesene Ressourcen]
  Speicherort:                            0A000000 - 0A0FFFFE
  IRQ:                                    564
 [Alternative 1]
  Speicherort:                            0A000000
  IRQ:                                    385
  IRQ:                                    402
  IRQ:                                    522
  IRQ:                                    564
  IRQ:                                    565

Qualcomm(R) USB Type-C Device ---------------------------------------------

  Ger√§tename:                            Qualcomm(R) USB Type-C Device
 [Zugewiesene Ressourcen]
  E/A-Anschluss:                          0020 - 001F
  E/A-Anschluss:                          0024 - 0023
  E/A-Anschluss:                          0028 - 0027
  E/A-Anschluss:                          002C - 002B
  E/A-Anschluss:                          0030 - 002F
  Speicherort:                            81F20040 - 81F2006E
 [Alternative 1]
  Speicherort:                            81F20040 - 81F2006E

Qualcomm Compute DSP Subsystem Device -------------------------------------

  Ger√§tename:                            Qualcomm Compute DSP Subsystem Device
 [Zugewiesene Ressourcen]
  IRQ:                                    610
 [Alternative 1]
  IRQ:                                    610

Qualcomm(R) EVA Device ----------------------------------------------------

  Ger√§tename:                            Qualcomm(R) EVA Device
 [Zugewiesene Ressourcen]
  IRQ:                                    266
 [Alternative 1]
  Speicherort:                            0AB00000
  Speicherort:                            00400000 - 004FFFFF
  Speicherort:                            00110000 - 0014FFFF
  IRQ:                                    266

USB xHCI Compliant Host Controller ----------------------------------------

  Ger√§tename:                            USB xHCI Compliant Host Controller
 [Zugewiesene Ressourcen]
  Speicherort:                            0A400000 - 0A4FFFFE
  IRQ:                                    346
  IRQ:                                    560
 [Alternative 1]
  Speicherort:                            0A400000
  IRQ:                                    339
  IRQ:                                    345
  IRQ:                                    562
  IRQ:                                    346
  IRQ:                                    563
  IRQ:                                    558
  IRQ:                                    559
  IRQ:                                    560
  IRQ:                                    561

USB xHCI Compliant Host Controller ----------------------------------------

  Ger√§tename:                            USB xHCI Compliant Host Controller
 [Zugewiesene Ressourcen]
  Speicherort:                            0A200000 - 0A2FFFFE
 [Alternative 1]
  Speicherort:                            0A200000 - 0A2FFFFE
  IRQ:                                    272
  IRQ:                                    277

BayHubTech Integrated MMC/SD controller(Generic) --------------------------

  Ger√§tename:                            BayHubTech Integrated MMC/SD controller(Generic)
 [Zugewiesene Ressourcen]
  E/A-Anschluss:                          0042 - 0041
  Speicherort:                            08804000 - 08804FFF
 [Alternative 1]
  Speicherort:                            08804000 - 08804FFF
  IRQ:                                    239
  IRQ:                                    32793

I2C HID Device ------------------------------------------------------------

  Ger√§tename:                            I2C HID Device
 [Zugewiesene Ressourcen]
 [Alternative 1]
  IRQ:                                    32796

I2C HID Device ------------------------------------------------------------

  Ger√§tename:                            I2C HID Device
 [Zugewiesene Ressourcen]
 [Alternative 1]
  IRQ:                                    32797

UCM-UCSI ACPI Device ------------------------------------------------------

  Ger√§tename:                            UCM-UCSI ACPI Device
 [Zugewiesene Ressourcen]
  Speicherort:                            81F20000 - 81F2002F
 [Alternative 1]
  Speicherort:                            81F20000 - 81F2002F

Qualcomm System MMU Device ------------------------------------------------

  Ger√§tename:                            Qualcomm System MMU Device
 [Zugewiesene Ressourcen]
  Speicherort:                            15000000 - 150FFFFF
  IRQ:                                    132
  IRQ:                                    136
  IRQ:                                    140
  IRQ:                                    144
  IRQ:                                    148
  IRQ:                                    214
  IRQ:                                    218
  IRQ:                                    222
  IRQ:                                    348
  IRQ:                                    352
  IRQ:                                    356
 [Alternative 1]
  Speicherort:                            15000000
  IRQ:                                    129
  IRQ:                                    130
  IRQ:                                    131
  IRQ:                                    132
  IRQ:                                    133
  IRQ:                                    134
  IRQ:                                    135
  IRQ:                                    136
  IRQ:                                    137
  IRQ:                                    138
  IRQ:                                    139
  IRQ:                                    140
  IRQ:                                    141
  IRQ:                                    142
  IRQ:                                    143
  IRQ:                                    144
  IRQ:                                    145
  IRQ:                                    146
  IRQ:                                    147
  IRQ:                                    148
  IRQ:                                    149
  IRQ:                                    150
  IRQ:                                    213
  IRQ:                                    214
  IRQ:                                    215
  IRQ:                                    216
  IRQ:                                    217
  IRQ:                                    218
  IRQ:                                    219
  IRQ:                                    220
  IRQ:                                    221
  IRQ:                                    222
  IRQ:                                    223
  IRQ:                                    224
  IRQ:                                    347
  IRQ:                                    348
  IRQ:                                    349
  IRQ:                                    350
  IRQ:                                    351
  IRQ:                                    352
  IRQ:                                    353
  IRQ:                                    354
  IRQ:                                    355
  IRQ:                                    356
  IRQ:                                    357
  IRQ:                                    358
  IRQ:                                    359
  IRQ:                                    360
  IRQ:                                    361
  IRQ:                                    362
  IRQ:                                    363
  IRQ:                                    364
  IRQ:                                    365
  IRQ:                                    366
  IRQ:                                    367
  IRQ:                                    368
  IRQ:                                    369
  IRQ:                                    370

Qualcomm System MMU Device ------------------------------------------------

  Ger√§tename:                            Qualcomm System MMU Device
 [Zugewiesene Ressourcen]
  Speicherort:                            03DA0000 - 03DDFFFF
  IRQ:                                    713
 [Alternative 1]
  Speicherort:                            03DA0000
  IRQ:                                    710
  IRQ:                                    711
  IRQ:                                    712
  IRQ:                                    713
  IRQ:                                    714
  IRQ:                                    715
  IRQ:                                    716

Qualcomm Power Engine Plug-in Device --------------------------------------

  Ger√§tename:                            Qualcomm Power Engine Plug-in Device
 [Zugewiesene Ressourcen]
  IRQ:                                    538
  IRQ:                                    540
  IRQ:                                    613
 [Alternative 1]
  IRQ:                                    538
  IRQ:                                    673
  IRQ:                                    539
  IRQ:                                    674
  IRQ:                                    540
  IRQ:                                    675
  IRQ:                                    37
  IRQ:                                    330
  IRQ:                                    613
  IRQ:                                    113
  IRQ:                                    66
  IRQ:                                    60

Qualcomm System Cache Device ----------------------------------------------

  Ger√§tename:                            Qualcomm System Cache Device
 [Zugewiesene Ressourcen]
  Speicherort:                            26200000 - 263FFFFF
 [Alternative 1]
  Speicherort:                            26200000 - 263FFFFF
  IRQ:                                    298

Qualcomm CPU DCVS Cluster 0 Policy Device ---------------------------------

  Ger√§tename:                            Qualcomm CPU DCVS Cluster 0 Policy Device
 [Zugewiesene Ressourcen]
  IRQ:                                    32785
 [Alternative 1]
  IRQ:                                    32785
  IRQ:                                    32786
  IRQ:                                    32787
  IRQ:                                    32788

Qualcomm(R) Adreno(TM) X1-45 GPU ------------------------------------------

  Ger√§tename:                            Qualcomm(R) Adreno(TM) X1-45 GPU
 [Zugewiesene Ressourcen]
  Speicherort:                            0AE00000 - 0AFFFFFF
  IRQ:                                    480
  IRQ:                                    458
  IRQ:                                    333
 [Alternative 1]
  Speicherort:                            0AE00000
  Speicherort:                            00FD0000
  Speicherort:                            03D00000
  Speicherort:                            0B280000
  Speicherort:                            0AA00000
  Speicherort:                            15200000
  IRQ:                                    115
  IRQ:                                    481
  IRQ:                                    480
  IRQ:                                    635
  IRQ:                                    634
  IRQ:                                    459
  IRQ:                                    458
  IRQ:                                    332
  IRQ:                                    336
  IRQ:                                    333
  IRQ:                                    206
  IRQ:                                    800

SMBIOS DMI ----------------------------------------------------------------


Systemgeh√§use ------------------------------------------------------------

  Hersteller:                             1
  Geh√§usetyp:                            Notebook
  Version:                                2
  Seriennummer:                           3
  Asset-Kennzeichnungsnummer:             4

Hauptplatine --------------------------------------------------------------

  Hauptplatinenhersteller:                LENOVO
  Hauptplatinenname:                      LNVNB161216
  Hauptplatinenversion:                   SDK0T76575 WIN
  Hauptplatinenseriennummer:              YX0EBNDT
  Asset-Kennzeichnung:                    Asset Tag
  Position im Geh√§use:                   6

BIOS ----------------------------------------------------------------------

  BIOS-Hersteller:                        LENOVO
  BIOS-Version:                           PWCN14WW
  BIOS-Ver√∂ffentlichungsdatum (mm/tt/jjjj): 08/ 1/2024
  BIOS-Startsegment:                      0
  BIOS-Gr√∂√üe:                           64 MByte
  System BIOS-Version:                    1.14
  Embedded-Controller-Firmware-Version:   1.14
  ACPI Support:                           Vorhanden
  USB Legacy Support:                     Nicht vorhanden
  AGP Support:                            Nicht vorhanden
  I2O Boot Support:                       Nicht vorhanden
  LS-120 Boot Support:                    Nicht vorhanden
  ATAPI ZIP Drive Boot Support:           Nicht vorhanden
  IEE1394 Boot Support:                   Nicht vorhanden
  Smart Battery Support:                  Nicht vorhanden
  BIOS Boot Specification Support:        Nicht vorhanden
  Function key-initiated Network Service Boot Support: Vorhanden
  Targeted Content Distribution Support:  Vorhanden
  UEFI Specification Support:             Nicht vorhanden
  Virtual Machine:                        Nicht vorhanden

L1 Instruction Cache ------------------------------------------------------

  Sockelbezeichnung:                      L1 Instruction Cache
  Cache-Status:                           Aktiviert
  Cache-Position:                         Intern
  Cache-Typ:                              L1 Instruction
  Cache-Schema:                           Write-Through and Write-Back
  Unterst√ºtzter SRAM-Typ:                
  Aktueller SRAM-Typ:                     
  Cache-Geschwindigkeit:                  Unknown
  Fehlerkorrekturtyp:                     Parity
  Maximale Cache-Gr√∂√üe:                 1536 KByte
  Installierte Cache-Gr√∂√üe:             1536 KByte
  Cache-Assoziativit√§t:                  16-way Set-Associative

L1 Data Cache -------------------------------------------------------------

  Sockelbezeichnung:                      L1 Data Cache
  Cache-Status:                           Aktiviert
  Cache-Position:                         Intern
  Cache-Typ:                              L1 Data
  Cache-Schema:                           Write-Through and Write-Back
  Unterst√ºtzter SRAM-Typ:                
  Aktueller SRAM-Typ:                     
  Cache-Geschwindigkeit:                  Unknown
  Fehlerkorrekturtyp:                     Parity
  Maximale Cache-Gr√∂√üe:                 768 KByte
  Installierte Cache-Gr√∂√üe:             768 KByte
  Cache-Assoziativit√§t:                  16-way Set-Associative

L2-Cache ------------------------------------------------------------------

  Sockelbezeichnung:                      L2 Cache
  Cache-Status:                           Aktiviert
  Cache-Position:                         Intern
  Cache-Typ:                              L2 Unified
  Cache-Schema:                           Write-Through and Write-Back
  Unterst√ºtzter SRAM-Typ:                
  Aktueller SRAM-Typ:                     
  Cache-Geschwindigkeit:                  Unknown
  Fehlerkorrekturtyp:                     Parity
  Maximale Cache-Gr√∂√üe:                 24576 KByte
  Installierte Cache-Gr√∂√üe:             24576 KByte
  Cache-Assoziativit√§t:                  8-way Set-Associative

System --------------------------------------------------------------------

  Systemhersteller:                       LENOVO
  Produktname:                            21NH
  Produktversion:                         ThinkBook 16 G7 QOY
  Produktseriennummer:                    YX0EBNDT
  UUID:                                   {20240921-2C9C-5822-8699-2C9C5822869A}
  SKU Number:                             LENOVO_MT_21NH_BU_idea_FM_ThinkBook 16 G7 QOY
  Family:                                 ThinkBook 16 G7 QOY

Systemgeh√§use ------------------------------------------------------------

  Hersteller:                             LENOVO
  Geh√§usetyp:                            Notebook
  Version:                                ThinkBook 16 G7 QOY
  Seriennummer:                           YX0EBNDT
  Asset-Kennzeichnungsnummer:             Asset Tag

Prozessor -----------------------------------------------------------------

  Prozessorhersteller:                    Qualcomm Technologies Inc
  Processorversion:                       Snapdragon (TM) 8cx Next Gen
  Externer Takt:                          N/A
  Maximal unterst√ºtzter Takt:            3300 MHz
  Aktueller Takt:                         2977 MHz
  CPU-Sockel:                             Best√ºckt
  CPU-Status:                             Aktiviert
  Prozessortyp:                           Hauptprozessor
  Prozessorspannung:                      1.1 V
  Prozessor-Upgrade:                      None
  Sockelbezeichnung:                      Qualcomm

Hardware-Sicherheit -------------------------------------------------------

  Power-on Password:                      Deaktiviert
  Keyboard Password:                      Deaktiviert
  Administrator Password:                 Deaktiviert
  Front Panel Reset:                      Deaktiviert

OEM-Textzeichenfolgen -----------------------------------------------------



Speicherger√§te -----------------------------------------------------------


Physisches Speicherfeld ---------------------------------------------------

  Feld-Speicherort:                       System board
  Feld-Verwendung:                        System memory
  Fehlererkennungsmethode:                Keine
  Speicherkapazit√§t:                     32 GByte
  Speicherger√§te:                        1

Speicherger√§t ------------------------------------------------------------

  Gesamtbreite:                           16 bits
  Datenbreite:                            16 bits
  Ger√§tegr√∂√üe:                         32768 MByte
  Ger√§te-Formfaktor:                     Row of chips
  Ger√§teposition:                        Top - on board
  Bankposition:                           Bank 0
  Ger√§tetyp:                             LPDDR5
  Details zum Ger√§tetyp:                 
  Speichergeschwindigkeit:                8448 MHz
  Hersteller:                             
  Seriennummer:                           
  Teilenummer:                            
  Asset-Kennzeichnung:                    

Gemappte Adresse des Speicherfeldes ---------------------------------------

  Startadresse:                           2147483648
  Endadresse:                             3120429032013823
  Partitionsbreite:                       1

Speicher ------------------------------------------------------------------

 [Allgemeine Informationen]
  Gesamtspeichergr√∂√üe:                  32 GByte
  Total Memory Size [MB]:                 32768
 [Aktuelle Leistungseinstellungen]

Grafikadapter -------------------------------------------------------------


Qualcomm Qualcomm(R) Adreno(TM) Graphics ----------------------------------

 [Grafik-Chipsatz]
  Grafik-Chipsatz:                        Qualcomm Qualcomm(R) Adreno(TM) Graphics
  Grafikspeicher:                         Unbekannt
 [Grafikkarte]
  Grafikkarten-Bus:                       Integrated
  GPU-Typ:                                Integrated
  Grafik-RAMDAC:                          InternalDAC
 [Leistung]
  Grafikprozessor-Frequenz:               280.0 MHz
  Grafikspeicher-Frequenz:                800.0 MHz
 [Informationen zum Ger√§tetreiber]
  Treiberhersteller:                      Qualcomm Incorporated
  Treiberbeschreibung:                    Qualcomm(R) Adreno(TM) X1-45 GPU
  Treiberanbieter:                        Qualcomm Incorporated
  Treiberversion:                         31.0.66.0
  Treiberdatum:                           23-Jul-2024
  DeviceInstanceId                        ACPI\VEN_QCOM&DEV_0D17&SUBSYS_CRD08380&REV_0001\0
  Pfad zum Speicherort                    ACPI(_SB_)#ACPI(GPU0)

Monitor -------------------------------------------------------------------


Lenovo [Unknown Model: LEN9156] -------------------------------------------

 [Allgemeine Informationen]
  Monitorname:                            Lenovo [Unknown Model: LEN9156]
  Monitorname (vom Hersteller):           LENOVO       LEN160WUXGA  
  Seriennummer:                           Unknown
  Herstellungsdatum:                      Woche: 32, Jahr: 2022
  Hardware-ID des Monitors:               Monitor\LEN9156
  Max. vertikale Gr√∂√üe:                 22 cm
  Max. horizontale Gr√∂√üe:               34 cm
  Horizontale Frequenz:                   75 - 75 kHz
  Vertikale Frequenz:                     40 - 60 Hz
  Maximaler Pixeltakt:                    160 MHz
 [Erweiterte Parameter]
  Eingangssignal:                         Digital
  Farbbit-Tiefe:                          8 Bits per Primary Color
  Digitaler Video-Schnittstellenstandard unterst√ºtzt: DisplayPort
  Gamma Factor:                           2.20
 [DPMS-Modi]
  Standby:                                Unterst√ºtzt
  Suspend:                                Unterst√ºtzt
  Active Off:                             Unterst√ºtzt
  Standard Colour Space (sRGB) Default:   Nicht unterst√ºtzt
  Preferred Timing Mode:                  Unterst√ºtzt
  Default GTF (Continuous Frequency):     Unterst√ºtzt
  DFP 1.x Compatible:                     Ja
 [Unterst√ºtzte Videomodi]
  1920 x 1200                             344 x 215 mm, Pixeltakt 154.26 MHz
 [Informationen zum Ger√§tetreiber]
  Treiberhersteller:                      Microsoft
  Treiberbeschreibung:                    Generic PnP Monitor
  Treiberanbieter:                        Microsoft
  Treiberversion:                         10.0.26100.2605
  Treiberdatum:                           21-Jun-2006
  DeviceInstanceId                        DISPLAY\LEN9156\3&F2D97F6&1&UID0
  Pfad zum Speicherort                    ACPI(_SB_)#ACPI(GPU0)#ACPI(MON0)

Laufwerke -----------------------------------------------------------------


(S)ATA/ATAPI-Laufwerke ----------------------------------------------------


NVMe-Laufwerke ------------------------------------------------------------


SAMSUNG MZAL81T0HDLB-00BL2 ------------------------------------------------

 [Allgemeine Informationen]
  Host-Controller:                        Samsung Electronics NVMe PCIe SSD Controller
  Laufwerksmodell:                        SAMSUNG MZAL81T0HDLB-00BL2
  Seriennummer des Laufwerks:             S77LNF2WC70369
  Firmware-Revision des Laufwerks:        6L1QKXD7
  Unterst√ºtzte NVMe-Version:             v2.0
  Laufwerkskapazit√§t:                    976,762 MByte (1024 GB)
  Drive Capacity [MB]:                    976762
  SCSI-Adresse:                           0:0:0:0
  Drive Letter(s):                        C:
 [F√§higkeiten]
  Volatile Write Cache:                   Vorhanden
  Compare Command:                        Unterst√ºtzt
  Write Uncorrectable Command:            Unterst√ºtzt
  Dataset Management:                     Unterst√ºtzt
  Write Zeroes:                           Unterst√ºtzt
  Save field set to a non-zero value:     Unterst√ºtzt
  Reservations:                           Nicht unterst√ºtzt
  Timestamp:                              Unterst√ºtzt
  Autonomous Power State Transitions:     Unterst√ºtzt
  Host Memory Buffer (HMB) Capability:    Unterst√ºtzt
  Host Memory Buffer (HMB) Minimum Size:  16 MByte
  Host Memory Buffer (HMB) Preferred Size: 64 MByte
  Host Memory Buffer (HMB) Status:        Aktiviert
  Host Memory Buffer (HMB) Enabled Size:  64 MByte
 [I/O Command Sets]
  NVM Command Set:                        Nicht unterst√ºtzt
  Key Value (KV) Command Set:             Nicht unterst√ºtzt
  Zoned Namespace (ZNS) Command Set:      Nicht unterst√ºtzt
  Subsystem Local Memory Command Set:     Nicht unterst√ºtzt
  Computational Programs Namespace Command Set: Nicht unterst√ºtzt
 [Self-Monitoring, Analysis and Reporting Technology (S.M.A.R.T.)]
  Verf√ºgbarer Reserveplatz unterhalb des Schwellenwerts: Normal
  Temperatur √ºberstieg kritischen Schwellenwert: Normal
  Ger√§tezuverl√§ssigkeit verschlechtert: Normal
  Medien im schreibgesch√ºtzten Modus:    Normal
  Sicherungsger√§t f√ºr fl√ºchtigen Speicher fehlgeschlagen: Normal
  Festplattentemperatur:                  31 ¬∞C
  Warnung Temperaturschwelle:             83 ¬∞C
  Kritische Temperaturschwelle:           85 ¬∞C
  Zeit √ºber Warntemperaturschwelle:      0 Minuten
  Zeit √ºber der kritischen Temperaturschwelle: 0 Minuten
  Verf√ºgbare Reservekapazit√§t:          100%
  Ger√§tegesundheit:                      100%
  Leistungszyklen:                        50
  Betriebsstunden:                        19 Stunden
  Unsichere Abschaltungen:                0
  Medienfehler:                           0
  Host-Lesevorg√§nge gesamt:              430 GByte
  Host-Schreibvorg√§nge gesamt:           434 GByte

Audio ---------------------------------------------------------------------


Unknown or none -----------------------------------------------------------


Netzwerk ------------------------------------------------------------------


Anschl√ºsse ---------------------------------------------------------------


USB -----------------------------------------------------------------------


Qualcomm(R) USB3(TM) eXtensible Host Controller ---------------------------


Root Hub ------------------------------------------------------------------


[Port1] : No Device Connected ---------------------------------------------


[Port2] : Logitech HID Keyboard -------------------------------------------

 [Ger√§teinformation]
  Ger√§tehersteller:                      Logitech
  Produktname:                            USB Receiver
  Seriennummer:                           N/A
  Unterst√ºtzte USB-Version:              2.00
  USB-Ger√§tegeschwindigkeit:             USB 1.1 Full-speed
  Treiberbeschreibung:                    USB-Verbundger√§t
  Hardware-ID:                            USB\VID_046D&PID_C534
 [Informationen zum Ger√§tetreiber]
  Treiberhersteller:                      Microsoft
  Treiberbeschreibung:                    USB Composite Device
  Treiberanbieter:                        Microsoft
  Treiberversion:                         10.0.26100.1882
  Treiberdatum:                           21-Jun-2006
  DeviceInstanceId                        USB\VID_046D&PID_C534\4&562E25C&0&2
  Pfad zum Speicherort                    ACPI(_SB_)#ACPI(USB3)#ACPI(RHUB)#ACPI(MP1_)

[Port3] : No Device Connected ---------------------------------------------


[Port4] : No Device Connected ---------------------------------------------


Qualcomm(R) USB3(TM) eXtensible Host Controller ---------------------------


Root Hub ------------------------------------------------------------------


[Port1] : FPC Fingerprint Reader ------------------------------------------

 [Ger√§teinformation]
  Ger√§tehersteller:                      -
  Produktname:                            -
  Seriennummer:                           -
  Unterst√ºtzte USB-Version:              2.00
  USB-Ger√§tegeschwindigkeit:             USB 1.1 Full-speed
  Treiberbeschreibung:                    FPC Fingerprint Reader
  Hardware-ID:                            USB\VID_10A5&PID_D805
 [Informationen zum Ger√§tetreiber]
  Treiberhersteller:                      Fingerprint Cards AB
  Treiberbeschreibung:                    FPC Fingerprint Reader
  Treiberanbieter:                        Fingerprint Cards AB
  Treiberversion:                         32.27.1.10
  Treiberdatum:                           12-Aug-2024
  DeviceInstanceId                        USB\VID_10A5&PID_D805\4&2179414E&0&1
  Pfad zum Speicherort                    ACPI(_SB_)#ACPI(USB2)#ACPI(RHUB)#ACPI(PRT0)

[Port2] : No Device Connected ---------------------------------------------


Qualcomm(R) USB3(TM) eXtensible Host Controller ---------------------------


Root Hub ------------------------------------------------------------------


[Port1] : Acer, PID=1198 --------------------------------------------------

 [Ger√§teinformation]
  Ger√§tehersteller:                      Acer
  Produktname:                            Acer, PID=1198
  Seriennummer:                           -
  Unterst√ºtzte USB-Version:              2.01
  USB-Ger√§tegeschwindigkeit:             USB 2.0 High-speed
  Treiberbeschreibung:                    USB-Verbundger√§t
  Hardware-ID:                            USB\VID_5986&PID_1198
 [Informationen zum Ger√§tetreiber]
  Treiberhersteller:                      Microsoft
  Treiberbeschreibung:                    USB Composite Device
  Treiberanbieter:                        Microsoft
  Treiberversion:                         10.0.26100.1882
  Treiberdatum:                           21-Jun-2006
  DeviceInstanceId                        USB\VID_5986&PID_1198\0001
  Pfad zum Speicherort                    ACPI(_SB_)#ACPI(USB4)#ACPI(RHUB)#ACPI(PRT0)

Batterie ------------------------------------------------------------------


Battery #0 ----------------------------------------------------------------

 [Allgemeine Eigenschaften]
  Ger√§tename:                            L24B4PE1
  Herstellername:                         BYD
  Herstellungsdatum:                      8-2-2024
  Seriennummer:                           432
  Eindeutige ID:                          BYD432
  Chemie:                                 
  Nennkapazit√§t:                         84000 mWh
  Voll geladene Kapazit√§t:               86480 mWh
  Verschlei√ügrad:                        0.0 %
  Anzahl der Durchg√§nge:                 2
 [Aktueller Energiestatus]
  Energiestatus:                          Entladen
  Aktuelle Kapazit√§t:                    47810 mWh (55.3 %)
  Aktuelle Spannung:                      7.828 V
  Entladungsrate:                         -6818 mW
  Temperature:                            23.1 C
