HWiNFOÆ ARM64 Version 8.30-5800

MINI-X --------------------------------------------------------------------

 [Aktueller Computer]
  Computername:                           MINI-X
  Computermarkenname:                     LENOVO 91B6CTO1WW
 [Betriebssystem]
  Betriebssystem:                         Microsoft Windows 11 Professional (ARM64) Build 26100.6584 (24H2)
  UEFI-Start:                             Vorhanden
  Sicherer Start:                         Aktiviert
  Hypervisor-gesch√ºtzte Codeintegrit√§t (HVCI): Aktiviert

Hauptprozessor(en) --------------------------------------------------------

 [Anzahl der CPU-Einheiten]
  Anzahl der Prozessoren (physisch):      1
  Anzahl der Prozessorkerne:              8
  Anzahl logischer Prozessoren:           8

 X12-61-00  ---------------------------------------------------------------

 [Allgemeine Informationen]
  Prozessorname:                           X12-61-00 
  Originale Prozessorfrequenz:            2976.0 MHz
  Original Processor Frequency [MHz]:     2976
  CPU-Codename:                           Oryon
  Anzahl der CPU-Kerne:                   4 x Oryon P2, 4 x Oryon P1
 [Cache und TLB]
  L1-Cache (Oryon P2 Cores):              Instruction: 4 x 192 KByte, Data: 4 x 96 KByte
  L1-Cache (Oryon P1 Cores):              Instruction: 4 x 192 KByte, Data: 4 x 96 KByte
  L2-Cache (Oryon P2 Cores):              Integriert: 12 MByte
  L2-Cache (Oryon P1 Cores):              Integriert: 12 MByte

Hauptplatine --------------------------------------------------------------

 [Computer]
  Computermarkenname:                     LENOVO 91B6CTO1WW
 [Hauptplatine]
  Hauptplatinen-Modell:                   IdeaCentre Mini 01Q8X10
 [BIOS]
  BIOS-Hersteller:                        LENOVO
  BIOS-Datum (mm/tt/jjjj):                08/01/2025
  BIOS-Version:                           O6NKT41A
  Trusted Platform Module (TPM)-Chip:     Trustzone, version 2.0

ACPI-Ger√§te --------------------------------------------------------------


HID Button over Interrupt Driver ------------------------------------------

  Ger√§tename:                            HID Button over Interrupt Driver
 [Zugewiesene Ressourcen]
  IRQ:                                    32770
 [Alternative 1]
  IRQ:                                    32770
  IRQ:                                    32771
  IRQ:                                    32772

PCI Express Root Complex --------------------------------------------------

  Ger√§tename:                            PCI Express Root Complex
 [Zugewiesene Ressourcen]
  Speicherort:                            7E300000 - 7FFFFFFF
 [Alternative 1]
  Speicherort:                            7E300000 - 7FFFFFFF

PCI Express Root Complex --------------------------------------------------

  Ger√§tename:                            PCI Express Root Complex
 [Zugewiesene Ressourcen]
  Speicherort:                            70300000 - 71FFFFFF
 [Alternative 1]
  Speicherort:                            70300000 - 71FFFFFF

Qualcomm(R) System Manager Device -----------------------------------------

  Ger√§tename:                            Qualcomm(R) System Manager Device
 [Zugewiesene Ressourcen]
  IRQ:                                    32768
 [Alternative 1]
  Speicherort:                            81F1E000
  IRQ:                                    32768

Qualcomm(R) Inter Processor Communication Interrupt Device ----------------

  Ger√§tename:                            Qualcomm(R) Inter Processor Communication Interrupt Device
 [Zugewiesene Ressourcen]
  IRQ:                                    261
 [Alternative 1]
  IRQ:                                    261
  IRQ:                                    262
  IRQ:                                    263
  IRQ:                                    900

Qualcomm(R) Bam Bus Device ------------------------------------------------

  Ger√§tename:                            Qualcomm(R) Bam Bus Device
 [Zugewiesene Ressourcen]
  Speicherort:                            01DC4000 - 01DEBFFF
 [Alternative 1]
  Speicherort:                            01DC4000 - 01DEBFFF
  IRQ:                                    304

Qualcomm(R) Bam Bus Device ------------------------------------------------

  Ger√§tename:                            Qualcomm(R) Bam Bus Device
 [Zugewiesene Ressourcen]
  Speicherort:                            06C04000 - 06C23FFF
 [Alternative 1]
  Speicherort:                            06C04000 - 06C23FFF
  IRQ:                                    196

Qualcomm(R) SPMI Bus Device -----------------------------------------------

  Ger√§tename:                            Qualcomm(R) SPMI Bus Device
 [Zugewiesene Ressourcen]
  Speicherort:                            0C400000 - 0C8FFFFF
 [Alternative 1]
  Speicherort:                            0C400000 - 0C8FFFFF

Qualcomm(R) System Manager GPIO Device ------------------------------------

  Ger√§tename:                            Qualcomm(R) System Manager GPIO Device
 [Zugewiesene Ressourcen]
  Speicherort:                            0F100000 - 0FFFFFFF
  IRQ:                                    240
  IRQ:                                    659
  IRQ:                                    642
 [Alternative 1]
  Speicherort:                            0F100000
  IRQ:                                    240
  IRQ:                                    240
  IRQ:                                    240
  IRQ:                                    240
  IRQ:                                    598
  IRQ:                                    760
  IRQ:                                    595
  IRQ:                                    659
  IRQ:                                    602
  IRQ:                                    604
  IRQ:                                    645
  IRQ:                                    642
  IRQ:                                    649
  IRQ:                                    756
  IRQ:                                    594
  IRQ:                                    578

Qualcomm(R) SPI Bus Device ------------------------------------------------

  Ger√§tename:                            Qualcomm(R) SPI Bus Device
 [Zugewiesene Ressourcen]
  Speicherort:                            00A88000 - 00A8BFFF
 [Alternative 1]
  Speicherort:                            00A88000 - 00A8BFFF
  IRQ:                                    834

Qualcomm(R) I2C Bus Device ------------------------------------------------

  Ger√§tename:                            Qualcomm(R) I2C Bus Device
 [Zugewiesene Ressourcen]
  Speicherort:                            00B80000 - 00B83FFF
 [Alternative 1]
  Speicherort:                            00B80000 - 00B83FFF
  IRQ:                                    405

Qualcomm(R) I2C Bus Device ------------------------------------------------

  Ger√§tename:                            Qualcomm(R) I2C Bus Device
 [Zugewiesene Ressourcen]
  Speicherort:                            00B84000 - 00B87FFF
 [Alternative 1]
  Speicherort:                            00B84000 - 00B87FFF
  IRQ:                                    615

Qualcomm(R) I2C Bus Device ------------------------------------------------

  Ger√§tename:                            Qualcomm(R) I2C Bus Device
 [Zugewiesene Ressourcen]
  Speicherort:                            00B88000 - 00B8BFFF
 [Alternative 1]
  Speicherort:                            00B88000 - 00B8BFFF
  IRQ:                                    616

Qualcomm(R) I2C Bus Device ------------------------------------------------

  Ger√§tename:                            Qualcomm(R) I2C Bus Device
 [Zugewiesene Ressourcen]
  Speicherort:                            00B8C000 - 00B8FFFF
 [Alternative 1]
  Speicherort:                            00B8C000 - 00B8FFFF
  IRQ:                                    617

Qualcomm(R) I2C Bus Device ------------------------------------------------

  Ger√§tename:                            Qualcomm(R) I2C Bus Device
 [Zugewiesene Ressourcen]
  Speicherort:                            00B90000 - 00B93FFF
 [Alternative 1]
  Speicherort:                            00B90000 - 00B93FFF
  IRQ:                                    618

Qualcomm(R) I2C Bus Device ------------------------------------------------

  Ger√§tename:                            Qualcomm(R) I2C Bus Device
 [Zugewiesene Ressourcen]
  Speicherort:                            00B94000 - 00B97FFF
 [Alternative 1]
  Speicherort:                            00B94000 - 00B97FFF
  IRQ:                                    619

Qualcomm(R) I2C Bus Device ------------------------------------------------

  Ger√§tename:                            Qualcomm(R) I2C Bus Device
 [Zugewiesene Ressourcen]
  Speicherort:                            00B9C000 - 00B9FFFF
 [Alternative 1]
  Speicherort:                            00B9C000 - 00B9FFFF
  IRQ:                                    494

Qualcomm(R) I2C Bus Device ------------------------------------------------

  Ger√§tename:                            Qualcomm(R) I2C Bus Device
 [Zugewiesene Ressourcen]
  Speicherort:                            00A80000 - 00A83FFF
 [Alternative 1]
  Speicherort:                            00A80000 - 00A83FFF
  IRQ:                                    832

Qualcomm(R) I2C Bus Device ------------------------------------------------

  Ger√§tename:                            Qualcomm(R) I2C Bus Device
 [Zugewiesene Ressourcen]
  Speicherort:                            00A84000 - 00A87FFF
 [Alternative 1]
  Speicherort:                            00A84000 - 00A87FFF
  IRQ:                                    833

Qualcomm(R) Analog-to-Digital Converter Device ----------------------------

  Ger√§tename:                            Qualcomm(R) Analog-to-Digital Converter Device
 [Zugewiesene Ressourcen]
 [Alternative 1]
  IRQ:                                    32773
  IRQ:                                    32774

Qualcomm(R) Bus Device ----------------------------------------------------

  Ger√§tename:                            Qualcomm(R) Bus Device
 [Zugewiesene Ressourcen]
  Speicherort:                            00894000 - 00897FFF
 [Alternative 1]
  Speicherort:                            00894000 - 00897FFF
  IRQ:                                    845
  IRQ:                                    32776

Qualcomm(R) Bus Device ----------------------------------------------------

  Ger√§tename:                            Qualcomm(R) Bus Device
 [Zugewiesene Ressourcen]
  Speicherort:                            00A98000 - 00A9BFFF
 [Alternative 1]
  Speicherort:                            00A98000 - 00A9BFFF
  IRQ:                                    838
  IRQ:                                    32775

Qualcomm Audio DSP Subsystem Device ---------------------------------------

  Ger√§tename:                            Qualcomm Audio DSP Subsystem Device
 [Zugewiesene Ressourcen]
  IRQ:                                    518
 [Alternative 1]
  IRQ:                                    518

Qualcomm(R) System Manager PMIC GPIO Framework Extension Device -----------

  Ger√§tename:                            Qualcomm(R) System Manager PMIC GPIO Framework Extension Device
 [Zugewiesene Ressourcen]
  IRQ:                                    513
 [Alternative 1]
  IRQ:                                    513
  IRQ:                                    515

Qualcomm(R) Bluetooth UART Transport Driver -------------------------------

  Ger√§tename:                            Qualcomm(R) Bluetooth UART Transport Driver
 [Zugewiesene Ressourcen]
 [Alternative 1]

Qualcomm(R) System Manager Device -----------------------------------------

  Ger√§tename:                            Qualcomm(R) System Manager Device
 [Zugewiesene Ressourcen]
  Speicherort:                            010C3000 - 010C3FFF
 [Alternative 1]
  Speicherort:                            010C3000 - 010C3FFF

Qualcomm(R) Bus Device ----------------------------------------------------

  Ger√§tename:                            Qualcomm(R) Bus Device
 [Zugewiesene Ressourcen]
  Speicherort:                            00B04000 - 00B5BFFF
 [Alternative 1]
  Speicherort:                            00B04000 - 00B5BFFF
  IRQ:                                    620
  IRQ:                                    621

Qualcomm(R) Bus Device ----------------------------------------------------

  Ger√§tename:                            Qualcomm(R) Bus Device
 [Zugewiesene Ressourcen]
  Speicherort:                            00A04000 - 00A5BFFF
 [Alternative 1]
  Speicherort:                            00A04000 - 00A5BFFF
  IRQ:                                    808
  IRQ:                                    809

Qualcomm(R) Bus Device ----------------------------------------------------

  Ger√§tename:                            Qualcomm(R) Bus Device
 [Zugewiesene Ressourcen]
  Speicherort:                            00804000 - 0085BFFF
 [Alternative 1]
  Speicherort:                            00804000 - 0085BFFF
  IRQ:                                    820
  IRQ:                                    821

Synopsys USB 3.0 Dual-Role Controller -------------------------------------

  Ger√§tename:                            Synopsys USB 3.0 Dual-Role Controller
 [Zugewiesene Ressourcen]
  Speicherort:                            0A600000 - 0A6FFFFE
 [Alternative 1]
  Speicherort:                            0A600000 - 0A6FFFFE

Qualcomm Secure Processor Subsystem Device --------------------------------

  Ger√§tename:                            Qualcomm Secure Processor Subsystem Device
 [Zugewiesene Ressourcen]
  Speicherort:                            0188103C - 0188103F
  IRQ:                                    384
  DMA:                                    0
 [Alternative 1]
  Speicherort:                            01881028
  Speicherort:                            01881024
  Speicherort:                            0188101C
  Speicherort:                            0188103C
  Speicherort:                            0188200C
  IRQ:                                    384

Qualcomm(R) PCIe Platform Extension Plugin --------------------------------

  Ger√§tename:                            Qualcomm(R) PCIe Platform Extension Plugin
 [Zugewiesene Ressourcen]
  E/A-Anschluss:                          0003 - 0002
  E/A-Anschluss:                          0006 - 0005
  IRQ:                                    505
  IRQ:                                    790
  IRQ:                                    0
 [Alternative 1]
  IRQ:                                    505
  IRQ:                                    638
  IRQ:                                    464
  IRQ:                                    199
  IRQ:                                    790
  IRQ:                                    779
  IRQ:                                    32769

Qualcomm(R) USB Type-C Device ---------------------------------------------

  Ger√§tename:                            Qualcomm(R) USB Type-C Device
 [Zugewiesene Ressourcen]
  E/A-Anschluss:                          0019 - 0018
  E/A-Anschluss:                          001D - 001C
  E/A-Anschluss:                          0021 - 0020
  E/A-Anschluss:                          0025 - 0024
  E/A-Anschluss:                          0029 - 0028
  E/A-Anschluss:                          002D - 002C
  Speicherort:                            81F20040 - 81F2006E
 [Alternative 1]
  Speicherort:                            81F20040 - 81F2006E

Qualcomm Compute DSP Subsystem Device -------------------------------------

  Ger√§tename:                            Qualcomm Compute DSP Subsystem Device
 [Zugewiesene Ressourcen]
  IRQ:                                    610
 [Alternative 1]
  IRQ:                                    610

USB xHCI Compliant Host Controller ----------------------------------------

  Ger√§tename:                            USB xHCI Compliant Host Controller
 [Zugewiesene Ressourcen]
  Speicherort:                            0A400000 - 0A4FFFFE
  IRQ:                                    346
  IRQ:                                    560
 [Alternative 1]
  Speicherort:                            0A400000
  IRQ:                                    339
  IRQ:                                    345
  IRQ:                                    562
  IRQ:                                    346
  IRQ:                                    563
  IRQ:                                    558
  IRQ:                                    559
  IRQ:                                    560
  IRQ:                                    561

Qualcomm SoC Secure Digital host controller -------------------------------

  Ger√§tename:                            Qualcomm SoC Secure Digital host controller
 [Zugewiesene Ressourcen]
  Speicherort:                            08804000 - 08804FFF
 [Alternative 1]
  Speicherort:                            08804000 - 08804FFF
  IRQ:                                    239
  IRQ:                                    32786

I2C HID Device ------------------------------------------------------------

  Ger√§tename:                            I2C HID Device
 [Zugewiesene Ressourcen]
 [Alternative 1]
  IRQ:                                    32788

UCM-UCSI ACPI Device ------------------------------------------------------

  Ger√§tename:                            UCM-UCSI ACPI Device
 [Zugewiesene Ressourcen]
  Speicherort:                            81F20000 - 81F2002F
 [Alternative 1]
  Speicherort:                            81F20000 - 81F2002F

Qualcomm System MMU Device ------------------------------------------------

  Ger√§tename:                            Qualcomm System MMU Device
 [Zugewiesene Ressourcen]
  Speicherort:                            15000000 - 150FFFFF
  IRQ:                                    132
  IRQ:                                    136
  IRQ:                                    140
  IRQ:                                    144
  IRQ:                                    148
  IRQ:                                    214
  IRQ:                                    218
  IRQ:                                    222
  IRQ:                                    348
  IRQ:                                    352
  IRQ:                                    356
 [Alternative 1]
  Speicherort:                            15000000
  IRQ:                                    129
  IRQ:                                    130
  IRQ:                                    131
  IRQ:                                    132
  IRQ:                                    133
  IRQ:                                    134
  IRQ:                                    135
  IRQ:                                    136
  IRQ:                                    137
  IRQ:                                    138
  IRQ:                                    139
  IRQ:                                    140
  IRQ:                                    141
  IRQ:                                    142
  IRQ:                                    143
  IRQ:                                    144
  IRQ:                                    145
  IRQ:                                    146
  IRQ:                                    147
  IRQ:                                    148
  IRQ:                                    149
  IRQ:                                    150
  IRQ:                                    213
  IRQ:                                    214
  IRQ:                                    215
  IRQ:                                    216
  IRQ:                                    217
  IRQ:                                    218
  IRQ:                                    219
  IRQ:                                    220
  IRQ:                                    221
  IRQ:                                    222
  IRQ:                                    223
  IRQ:                                    224
  IRQ:                                    347
  IRQ:                                    348
  IRQ:                                    349
  IRQ:                                    350
  IRQ:                                    351
  IRQ:                                    352
  IRQ:                                    353
  IRQ:                                    354
  IRQ:                                    355
  IRQ:                                    356
  IRQ:                                    357
  IRQ:                                    358
  IRQ:                                    359
  IRQ:                                    360
  IRQ:                                    361
  IRQ:                                    362
  IRQ:                                    363
  IRQ:                                    364
  IRQ:                                    365
  IRQ:                                    366
  IRQ:                                    367
  IRQ:                                    368
  IRQ:                                    369
  IRQ:                                    370

Qualcomm System MMU Device ------------------------------------------------

  Ger√§tename:                            Qualcomm System MMU Device
 [Zugewiesene Ressourcen]
  Speicherort:                            03DA0000 - 03DDFFFF
  IRQ:                                    713
 [Alternative 1]
  Speicherort:                            03DA0000
  IRQ:                                    710
  IRQ:                                    711
  IRQ:                                    712
  IRQ:                                    713
  IRQ:                                    714
  IRQ:                                    715
  IRQ:                                    716

Qualcomm Power Engine Plug-in Device --------------------------------------

  Ger√§tename:                            Qualcomm Power Engine Plug-in Device
 [Zugewiesene Ressourcen]
  IRQ:                                    538
  IRQ:                                    540
  IRQ:                                    613
 [Alternative 1]
  IRQ:                                    538
  IRQ:                                    673
  IRQ:                                    539
  IRQ:                                    674
  IRQ:                                    540
  IRQ:                                    675
  IRQ:                                    37
  IRQ:                                    330
  IRQ:                                    613
  IRQ:                                    113
  IRQ:                                    66
  IRQ:                                    60

Qualcomm System Cache Device ----------------------------------------------

  Ger√§tename:                            Qualcomm System Cache Device
 [Zugewiesene Ressourcen]
  Speicherort:                            26200000 - 263FFFFF
 [Alternative 1]
  Speicherort:                            26200000 - 263FFFFF
  IRQ:                                    298

Qualcomm CPU DCVS Cluster 0 Policy Device ---------------------------------

  Ger√§tename:                            Qualcomm CPU DCVS Cluster 0 Policy Device
 [Zugewiesene Ressourcen]
  IRQ:                                    32777
 [Alternative 1]
  IRQ:                                    32777
  IRQ:                                    32778
  IRQ:                                    32779
  IRQ:                                    32780
  IRQ:                                    32781

Qualcomm(R) Adreno(TM) X1-45 GPU ------------------------------------------

  Ger√§tename:                            Qualcomm(R) Adreno(TM) X1-45 GPU
 [Zugewiesene Ressourcen]
  Speicherort:                            0AE00000 - 0AFFFFFF
  IRQ:                                    480
  IRQ:                                    458
  IRQ:                                    333
 [Alternative 1]
  Speicherort:                            0AE00000
  Speicherort:                            00FD0000
  Speicherort:                            03D00000
  Speicherort:                            0B280000
  Speicherort:                            0AA00000
  Speicherort:                            15200000
  IRQ:                                    115
  IRQ:                                    481
  IRQ:                                    480
  IRQ:                                    635
  IRQ:                                    634
  IRQ:                                    459
  IRQ:                                    458
  IRQ:                                    332
  IRQ:                                    336
  IRQ:                                    333
  IRQ:                                    206
  IRQ:                                    800

SMBIOS DMI ----------------------------------------------------------------


BIOS ----------------------------------------------------------------------

  BIOS-Hersteller:                        LENOVO
  BIOS-Version:                           O6NKT41A
  BIOS-Ver√∂ffentlichungsdatum (mm/tt/jjjj): 08/01/2025
  BIOS-Startsegment:                      0
  BIOS-Gr√∂√üe:                           16384 KByte
  System BIOS-Version:                    1.65
  Embedded-Controller-Firmware-Version:   0.22
  ISA Support:                            Nicht vorhanden
  MCA Support:                            Nicht vorhanden
  EISA Support:                           Nicht vorhanden
  PCI Support:                            Nicht vorhanden
  PC Card (PCMCIA) Support:               Nicht vorhanden
  Plug-and-Play Support:                  Nicht vorhanden
  APM Support:                            Nicht vorhanden
  Flash BIOS:                             Nicht vorhanden
  BIOS Shadow:                            Nicht vorhanden
  VL-VESA Support:                        Nicht vorhanden
  ESCD Support:                           Nicht vorhanden
  Boot from CD:                           Nicht vorhanden
  Selectable Boot:                        Nicht vorhanden
  BIOS ROM Socketed:                      Nicht vorhanden
  Boot from PC Card:                      Nicht vorhanden
  EDD Support:                            Nicht vorhanden
  NEC PC-98 Support:                      Nicht vorhanden
  ACPI Support:                           Vorhanden
  USB Legacy Support:                     Nicht vorhanden
  AGP Support:                            Nicht vorhanden
  I2O Boot Support:                       Nicht vorhanden
  LS-120 Boot Support:                    Nicht vorhanden
  ATAPI ZIP Drive Boot Support:           Nicht vorhanden
  IEE1394 Boot Support:                   Nicht vorhanden
  Smart Battery Support:                  Nicht vorhanden
  BIOS Boot Specification Support:        Nicht vorhanden
  Function key-initiated Network Service Boot Support: Vorhanden
  Targeted Content Distribution Support:  Vorhanden
  UEFI Specification Support:             Nicht vorhanden
  Virtual Machine:                        Nicht vorhanden

System --------------------------------------------------------------------

  Systemhersteller:                       LENOVO
  Produktname:                            91B6CTO1WW
  Produktversion:                         IdeaCentre Mini 01Q8X10
  Produktseriennummer:                    PF5RSEGN
  UUID:                                   {B333E940-E9FD-49AB-9C22-A82BDD079727}
  SKU Nummer:                             LENOVO_MT_91B6_BU_Lenovo_FM_IdeaCentre Mini 01Q8X10
  Family:                                 IdeaCentre Mini 01Q8X10

Hauptplatine --------------------------------------------------------------

  Hauptplatinenhersteller:                LENOVO
  Hauptplatinenname:                      3796
  Hauptplatinenversion:                   SDK0T76575 WIN 3556262455073
  Hauptplatinenseriennummer:              12345678
  Asset-Kennzeichnung:                    Type2 - Board Asset Tag
  Position im Geh√§use:                   Type2 - Board Chassis Location

Systemgeh√§use ------------------------------------------------------------

  Hersteller:                             LENOVO
  Geh√§usetyp:                            Mini PC
  Version:                                None
  Seriennummer:                           INVALID
  Asset-Kennzeichnungsnummer:              

Prozessor -----------------------------------------------------------------

  Prozessorhersteller:                    Qualcomm Technologies Inc
  Processorversion:                       Snapdragon(R) X - X126100 - Qualcomm(R) Oryon(TM) CPU
  Externer Takt:                          N/A
  Maximal unterst√ºtzter Takt:            2976 MHz
  Aktueller Takt:                         2958 MHz
  CPU-Sockel:                             Best√ºckt
  CPU-Status:                             Aktiviert
  Prozessortyp:                           Hauptprozessor
  Prozessorspannung:                      1.1 V
  Prozessor-Upgrade:                      None
  Sockelbezeichnung:                      Qualcomm

L1 Instruction Cache ------------------------------------------------------

  Sockelbezeichnung:                      L1 Instruction Cache
  Cache-Status:                           Aktiviert
  Cache-Position:                         Intern
  Cache-Typ:                              L1 Instruction
  Cache-Schema:                           Write-Through and Write-Back
  Unterst√ºtzter SRAM-Typ:                
  Aktueller SRAM-Typ:                     
  Cache-Geschwindigkeit:                  Unknown
  Fehlerkorrekturtyp:                     Parity
  Maximale Cache-Gr√∂√üe:                 1536 KByte
  Installierte Cache-Gr√∂√üe:             1536 KByte
  Cache-Assoziativit√§t:                  16-way Set-Associative

L1 Data Cache -------------------------------------------------------------

  Sockelbezeichnung:                      L1 Data Cache
  Cache-Status:                           Aktiviert
  Cache-Position:                         Intern
  Cache-Typ:                              L1 Data
  Cache-Schema:                           Write-Through and Write-Back
  Unterst√ºtzter SRAM-Typ:                
  Aktueller SRAM-Typ:                     
  Cache-Geschwindigkeit:                  Unknown
  Fehlerkorrekturtyp:                     Parity
  Maximale Cache-Gr√∂√üe:                 768 KByte
  Installierte Cache-Gr√∂√üe:             768 KByte
  Cache-Assoziativit√§t:                  16-way Set-Associative

L2-Cache ------------------------------------------------------------------

  Sockelbezeichnung:                      L2 Cache
  Cache-Status:                           Aktiviert
  Cache-Position:                         Intern
  Cache-Typ:                              L2 Unified
  Cache-Schema:                           Write-Through and Write-Back
  Unterst√ºtzter SRAM-Typ:                
  Aktueller SRAM-Typ:                     
  Cache-Geschwindigkeit:                  Unknown
  Fehlerkorrekturtyp:                     Parity
  Maximale Cache-Gr√∂√üe:                 24576 KByte
  Installierte Cache-Gr√∂√üe:             24576 KByte
  Cache-Assoziativit√§t:                  8-way Set-Associative

On-Board-Ger√§t -----------------------------------------------------------

  Ger√§tebeschreibung:                    ssttw
  Ger√§tetyp:                             Audio Device
  Ger√§testatus:                          Deaktiviert

OEM-Textzeichenfolgen -----------------------------------------------------

















BIOS-Sprache --------------------------------------------------------------




System-Ereignisprotokoll --------------------------------------------------


Tragbarer Akku ------------------------------------------------------------

  Batterieposition:                       Fake
  Batteriehersteller:                     -Virtual Battery 0-
  Herstellungsdatum:                      08/08/2010
  Seriennummer:                           Battery 0
  Ger√§tename:                            CRB Battery 0
  Ger√§techemie:                          Zinc Air
  Designkapazit√§t:                       Unknown
  Designspannung:                         Unknown
  SBDS Verison Number:                    
  Max. Error in Battery Data:             Unknown
  SBDS-Seriennummer:                      Unknown
  SBDS-Herstellungsdatum:                 Unknown
  SBDS-Ger√§techemie:                     LithiumPolymer

Hardware-Sicherheit -------------------------------------------------------

  Power-on Password:                      Deaktiviert
  Keyboard Password:                      Not implemented
  Administrator Password:                 Deaktiviert
  Front Panel Reset:                      Not implemented

Informationen zum Systemstart ---------------------------------------------

  Startstatus:                            Es ist kein Fehler aufgetreten

TPM -----------------------------------------------------------------------

  TPM-Spezifikationsversion:              0.0
  TPM-Hersteller:                         
  TPM-Beschreibung:                       TPM Device

Intel ---------------------------------------------------------------------


Speicherger√§te -----------------------------------------------------------


Physisches Speicherfeld ---------------------------------------------------

  Feld-Speicherort:                       System board
  Feld-Verwendung:                        System memory
  Fehlererkennungsmethode:                Keine
  Speicherkapazit√§t:                     32 GByte
  Speicherger√§te:                        1

Speicherger√§t ------------------------------------------------------------

  Gesamtbreite:                           16 bits
  Datenbreite:                            16 bits
  Ger√§tegr√∂√üe:                         32768 MByte
  Ger√§te-Formfaktor:                     TSOP
  Ger√§teposition:                        Top - on board
  Bankposition:                           Bank 0
  Ger√§tetyp:                             LPDDR5
  Details zum Ger√§tetyp:                 
  Speichergeschwindigkeit:                8448 MT/s
  Configured Memory Speed:                8448 MT/s
  Hersteller:                             Samsung
  Seriennummer:                           
  Teilenummer:                            
  Asset-Kennzeichnung:                    

Gemappte Adresse des Speicherfeldes ---------------------------------------

  Startadresse:                           2147483648
  Endadresse:                             4823645557882879
  Partitionsbreite:                       1

Gemappte Adresse des Speicherger√§tes -------------------------------------

  Startadresse:                           00000000
  Endadresse:                             01FFFBFF
  Partition Row Position:                 Unbekannt
  Interleave Position:                    Non-interleaved
  Interleave Data Depth:                  0

Anschl√ºsse ---------------------------------------------------------------


Parallel Port PS/2 --------------------------------------------------------

  Anschlusstyp:                           Parallel Port PS/2
  Interne Referenz:                       1234
  Interner Anschlusstyp:                  DB25 pin male
  Externe Referenz:                       3456
  Externer Anschlusstyp:                  DB-15  pin male

Systemsteckpl√§tze --------------------------------------------------------


1234 ----------------------------------------------------------------------

  Steckplatz-Bezeichnung:                 1234
  Steckplatz-Typ:                         MCA
  Steckplatz-Nutzung:                     Unbekannt
  Steckplatz-Datenbusbreite:              64-bit
  Steckplatz-L√§nge:                      Unbekannt
  Base Segment:Bus:Device:Function Number: 0:4:0:6

Speicher ------------------------------------------------------------------

 [Allgemeine Informationen]
  Gesamtspeichergr√∂√üe:                  32 GByte
  Total Memory Size [MB]:                 32768
 [Aktuelle Leistungseinstellungen]

Reihe: 0 [Bank 0/Top - on board] - 32 GB LPDDR5 SDRAM Samsung  ------------

 [General Row Information]
  Row Number:                             0
  Row Size:                               32 GBytes
  Speichertyp:                            LPDDR5 SDRAM
  Modulhersteller:                        Samsung
  Modultyp:                               LPDDR5 SDRAM

Bus -----------------------------------------------------------------------


Grafikadapter -------------------------------------------------------------


Qualcomm Qualcomm(R) Adreno(TM) Graphics ----------------------------------

 [Grafik-Chipsatz]
  Grafik-Chipsatz:                        Qualcomm Qualcomm(R) Adreno(TM) Graphics
  Grafikspeicher:                         Unbekannt
 [Grafikkarte]
  Grafikkarten-Bus:                       Integrated
  GPU-Typ:                                Integrated
  Grafik-RAMDAC:                          InternalDAC
 [Leistung]
  Grafikprozessor-Frequenz:               280.0 MHz
  Grafikspeicher-Frequenz:                800.0 MHz
 [Informationen zum Ger√§tetreiber]
  Treiberhersteller:                      Qualcomm Incorporated
  Treiberbeschreibung:                    Qualcomm(R) Adreno(TM) X1-45 GPU
  Treiberanbieter:                        Qualcomm Incorporated
  Treiberversion:                         31.0.85.0
  Treiberdatum:                           28-Nov-2024
  DeviceInstanceId                        ACPI\VEN_QCOM&DEV_0D17&SUBSYS_CRD08380&REV_002F\0
  Pfad zum Speicherort                    ACPI(_SB_)#ACPI(GPU0)

Monitor -------------------------------------------------------------------


ASUS [Unknown Model: AUS3227] ---------------------------------------------

 [Allgemeine Informationen]
  Monitorname:                            ASUS [Unknown Model: AUS3227]
  Monitorname (vom Hersteller):           VA32UQSB     
  Seriennummer:                           R3LMDW022058 
  Herstellungsdatum:                      Woche: 13, Jahr: 2023
  Hardware-ID des Monitors:               Monitor\AUS3227
  Max. vertikale Gr√∂√üe:                 40 cm
  Max. horizontale Gr√∂√üe:               70 cm
  Horizontale Frequenz:                   15 - 225 kHz
  Vertikale Frequenz:                     50 - 60 Hz
  Maximaler Pixeltakt:                    600 MHz
 [Erweiterte Parameter]
  Eingangssignal:                         Digital
  Gamma Factor:                           2.20
 [DPMS-Modi]
  Standby:                                Nicht unterst√ºtzt
  Suspend:                                Nicht unterst√ºtzt
  Active Off:                             Unterst√ºtzt
  Standard Colour Space (sRGB) Default:   Unterst√ºtzt
  Preferred Timing Mode:                  Unterst√ºtzt
  Default GTF (Continuous Frequency):     Nicht unterst√ºtzt
  DFP 1.x Compatible:                     Nein
 [Unterst√ºtzte Videomodi]
  2048 x 1152                             60 Hz
  1920 x 1200                             60 Hz
  1920 x 1080                             60 Hz
  1680 x 1050                             60 Hz
  1600 x 900                              60 Hz
  1280 x 800                              60 Hz
  1280 x 720                              60 Hz
  3840 x 2160                             698 x 393 mm, Pixeltakt 533.28 MHz
 [Chromaticity Coordinates]
  Red [x,y]:                               0.6846, 0.3096
  Green [x,y]:                             0.2598, 0.6846
  Blue [x,y]:                              0.1504, 0.0596
  White [x,y]:                             0.3135, 0.3291
 [Color Gamut]
  sRGB Coverage:                          136.778 %
  AdobeRGB Coverage:                      101.395 %
  DCI-P3 Coverage:                        100.828 %
  NTSC Coverage:                          96.877 %
  BT.2020 Coverage:                       72.338 %
  HDR Support:                            Unterst√ºtzt
  HDR10+ Support:                         Nicht unterst√ºtzt
 [AMD FreeSync]
  AMD FreeSync Support:                   Unterst√ºtzt
  Native Color Space Set:                 Nicht unterst√ºtzt
  Local Dimming:                          Nicht unterst√ºtzt
  Gamma 2.2 EOTF:                         Nicht unterst√ºtzt
  Refresh rate:                           48 - 60 Hz
  NVIDIA G-Sync Support:                  Nicht unterst√ºtzt
 [HDMI]
  Maximum TMDS Character Rate:            600 MHz
  HDMI AdaptiveSync Support:              Unterst√ºtzt
  Variable Refresh Rate:                  5 Hz - 227 Hz
  VESA AdaptiveSync Support:              Nicht unterst√ºtzt
 [Informationen zum Ger√§tetreiber]
  Treiberhersteller:                      Microsoft
  Treiberbeschreibung:                    Generic PnP Monitor
  Treiberanbieter:                        Microsoft
  Treiberversion:                         10.0.26100.6584
  Treiberdatum:                           21-Jun-2006
  DeviceInstanceId                        DISPLAY\AUS3227\3&CC8D879&1&UID5

Laufwerke -----------------------------------------------------------------


(S)ATA/ATAPI-Laufwerke ----------------------------------------------------


NVMe-Laufwerke ------------------------------------------------------------


SAMSUNG MZVL81T0HFLB-00BLL ------------------------------------------------

 [Allgemeine Informationen]
  Host-Controller:                        Samsung Electronics Piccolo S4LY022 PCIe 4.0 x4 NVMe 2.0 DRAM-less SSD Controller
  Laufwerksmodell:                        SAMSUNG MZVL81T0HFLB-00BLL
  Seriennummer des Laufwerks:             S7XKNF0Y829107
  Firmware-Revision des Laufwerks:        2L2QKXF7
  Unterst√ºtzte NVMe-Version:             v2.0
  Laufwerkskapazit√§t:                    976,762 MByte (1024 GB)
  Drive Capacity [MB]:                    976762
  SCSI-Adresse:                           0:0:0:0
  Laufwerksbuchstabe(n):                  C:
 [F√§higkeiten]
  Volatile Write Cache:                   Vorhanden
  Compare Command:                        Unterst√ºtzt
  Write Uncorrectable Command:            Unterst√ºtzt
  Dataset Management:                     Unterst√ºtzt
  Write Zeroes:                           Unterst√ºtzt
  Save field set to a non-zero value:     Unterst√ºtzt
  Reservations:                           Nicht unterst√ºtzt
  Timestamp:                              Unterst√ºtzt
  Autonomous Power State Transitions:     Unterst√ºtzt
  Host Memory Buffer (HMB) Capability:    Unterst√ºtzt
  Host Memory Buffer (HMB) Minimum Size:  16 MByte
  Host Memory Buffer (HMB) Preferred Size: 64 MByte
  Host Memory Buffer (HMB) Status:        Aktiviert
  Host Memory Buffer (HMB) Enabled Size:  64 MByte
 [I/O Command Sets]
  NVM Command Set:                        Nicht unterst√ºtzt
  Key Value (KV) Command Set:             Nicht unterst√ºtzt
  Zoned Namespace (ZNS) Command Set:      Nicht unterst√ºtzt
  Subsystem Local Memory Command Set:     Nicht unterst√ºtzt
  Computational Programs Namespace Command Set: Nicht unterst√ºtzt
 [Self-Monitoring, Analysis and Reporting Technology (S.M.A.R.T.)]
  Verf√ºgbarer Reserveplatz unterhalb des Schwellenwerts: Normal
  Temperatur √ºberstieg kritischen Schwellenwert: Normal
  Ger√§tezuverl√§ssigkeit verschlechtert: Normal
  Medien im schreibgesch√ºtzten Modus:    Normal
  Sicherungsger√§t f√ºr fl√ºchtigen Speicher fehlgeschlagen: Normal
  Festplattentemperatur:                  35 ¬∞C
  Warnung Temperaturschwelle:             83 ¬∞C
  Kritische Temperaturschwelle:           85 ¬∞C
  Zeit √ºber Warntemperaturschwelle:      0 Minuten
  Zeit √ºber der kritischen Temperaturschwelle: 0 Minuten
  Verf√ºgbare Reservekapazit√§t:          100%
  Ger√§tegesundheit:                      100%
  Leistungszyklen:                        119
  Betriebsstunden:                        24 Stunden
  Unsichere Abschaltungen:                18
  Medienfehler:                           0
  Host-Lesevorg√§nge gesamt:              538 GByte
  Host-Schreibvorg√§nge gesamt:           683 GByte

XG7000-2TB 2242 -----------------------------------------------------------

 [Allgemeine Informationen]
  Festplatten-Controller:                 NVMe
  Host-Controller:                        Realtek Semiconductor Realtek RT9210
  Laufwerksmodell:                        XG7000-2TB 2242
  Seriennummer des Laufwerks:             0030775040916
  Firmware-Revision des Laufwerks:        SN24779
  Unterst√ºtzte NVMe-Version:             v2.0
  Laufwerkskapazit√§t:                    1,953,514 MByte (2048 GB)
  Drive Capacity [MB]:                    1953514
  SCSI-Adresse:                           1:0:0:0
  Laufwerksbuchstabe(n):                  E:
 [F√§higkeiten]
  Volatile Write Cache:                   Vorhanden
  Compare Command:                        Unterst√ºtzt
  Write Uncorrectable Command:            Unterst√ºtzt
  Dataset Management:                     Unterst√ºtzt
  Write Zeroes:                           Unterst√ºtzt
  Save field set to a non-zero value:     Unterst√ºtzt
  Reservations:                           Nicht unterst√ºtzt
  Timestamp:                              Unterst√ºtzt
  Autonomous Power State Transitions:     Unterst√ºtzt
  Host Memory Buffer (HMB) Capability:    Unterst√ºtzt
  Host Memory Buffer (HMB) Minimum Size:  40 MByte
  Host Memory Buffer (HMB) Preferred Size: 40 MByte
 [I/O Command Sets]
  NVM Command Set:                        Nicht unterst√ºtzt
  Key Value (KV) Command Set:             Nicht unterst√ºtzt
  Zoned Namespace (ZNS) Command Set:      Nicht unterst√ºtzt
  Subsystem Local Memory Command Set:     Nicht unterst√ºtzt
  Computational Programs Namespace Command Set: Nicht unterst√ºtzt
 [Self-Monitoring, Analysis and Reporting Technology (S.M.A.R.T.)]
  Verf√ºgbarer Reserveplatz unterhalb des Schwellenwerts: Normal
  Temperatur √ºberstieg kritischen Schwellenwert: Normal
  Ger√§tezuverl√§ssigkeit verschlechtert: Normal
  Medien im schreibgesch√ºtzten Modus:    Normal
  Sicherungsger√§t f√ºr fl√ºchtigen Speicher fehlgeschlagen: Normal
  Festplattentemperatur:                  35 ¬∞C
  Warnung Temperaturschwelle:             90 ¬∞C
  Kritische Temperaturschwelle:           95 ¬∞C
  Zeit √ºber Warntemperaturschwelle:      0 Minuten
  Zeit √ºber der kritischen Temperaturschwelle: 0 Minuten
  Verf√ºgbare Reservekapazit√§t:          100%
  Ger√§tegesundheit:                      100%
  Leistungszyklen:                        19
  Betriebsstunden:                        0 Stunden
  Unsichere Abschaltungen:                5
  Medienfehler:                           0
  Host-Lesevorg√§nge gesamt:              0 GByte
  Host-Schreibvorg√§nge gesamt:           64 GByte

Audio ---------------------------------------------------------------------


Unknown or none -----------------------------------------------------------


Netzwerk ------------------------------------------------------------------


Realtek PCIe GbE Family Controller ----------------------------------------

 [Allgemeine Informationen]
  Netzwerkkarte:                          Realtek PCIe GbE Family Controller
  Herstellerbeschreibung:                 Realtek PCIe GbE Family Controller
  MAC-Adresse:                            A8-2B-DD-07-97-27
 [F√§higkeiten]
  Maximale Verbindungsgeschwindigkeit:    1 Gbps
  Aktuelle Verbindungsgeschwindigkeit:    1 Gbps
  √úbertragungspuffergr√∂√üe:             193792 Bytes
  Empfangspuffergr√∂√üe:                  775168 Bytes

Anschl√ºsse ---------------------------------------------------------------


USB -----------------------------------------------------------------------


Qualcomm(R) USB3(TM) eXtensible Host Controller ---------------------------


Root Hub ------------------------------------------------------------------


[Port1] : Genesys Logic USB V2.0 4-Port Hub -------------------------------

 [Ger√§teinformation]
  Ger√§tehersteller:                      GenesysLogic
  Produktname:                            USB2.1 Hub
  Seriennummer:                           N/A
  Unterst√ºtzte USB-Version:              3.00
  USB Speed Capable:                      USB 3.0 Gen2 (SuperSpeedPlus 10 Gbps)
  USB Speed Connected:                    USB 2.0 High-speed
  Treiberbeschreibung:                    Generischer USB-Hub
  Hardware-ID:                            USB\VID_05E3&PID_0610
 [Informationen zum Ger√§tetreiber]
  Treiberhersteller:                      Microsoft
  Treiberbeschreibung:                    Generic USB Hub
  Treiberanbieter:                        Microsoft
  Treiberversion:                         10.0.26100.5074
  Treiberdatum:                           26-Aug-2025
  DeviceInstanceId                        USB\VID_05E3&PID_0610\4&562E25C&0&1
  Pfad zum Speicherort                    ACPI(_SB_)#ACPI(USB3)#ACPI(RHUB)#ACPI(MP0_)

[Port1] : No Device Connected ---------------------------------------------


[Port2] : No Device Connected ---------------------------------------------


[Port3] : No Device Connected ---------------------------------------------


[Port4] : Genesys Logic USB V2.0 4-Port Hub -------------------------------

 [Ger√§teinformation]
  Ger√§tehersteller:                      N/A
  Produktname:                            USB2.0 Hub
  Seriennummer:                           N/A
  Unterst√ºtzte USB-Version:              2.00
  USB Speed Capable:                      USB 2.0 High-speed
  USB Speed Connected:                    USB 2.0 High-speed
  Maximum Current:                        100 mA
  Treiberbeschreibung:                    Generischer USB-Hub
  Hardware-ID:                            USB\VID_05E3&PID_0608
 [Informationen zum Ger√§tetreiber]
  Treiberhersteller:                      Microsoft
  Treiberbeschreibung:                    Generic USB Hub
  Treiberanbieter:                        Microsoft
  Treiberversion:                         10.0.26100.5074
  Treiberdatum:                           26-Aug-2025
  DeviceInstanceId                        USB\VID_05E3&PID_0608\5&25A7E32F&0&4
  Pfad zum Speicherort                    ACPI(_SB_)#ACPI(USB3)#ACPI(RHUB)#ACPI(MP0_)#USB(4)

[Port1] : CHERRY, PID=C098 ------------------------------------------------

 [Ger√§teinformation]
  Ger√§tehersteller:                      Cherry GmbH
  Produktname:                            CHERRY Corded Device
  Seriennummer:                           N/A
  Unterst√ºtzte USB-Version:              2.00
  USB Speed Capable:                      USB 2.0 High-speed
  USB Speed Connected:                    USB 1.1 Low-speed
  Maximum Current:                        100 mA
  Treiberbeschreibung:                    USB-Verbundger√§t
  Hardware-ID:                            USB\VID_046A&PID_C098
 [Informationen zum Ger√§tetreiber]
  Treiberhersteller:                      Microsoft
  Treiberbeschreibung:                    USB Composite Device
  Treiberanbieter:                        Microsoft
  Treiberversion:                         10.0.26100.5074
  Treiberdatum:                           21-Jun-2006
  DeviceInstanceId                        USB\VID_046A&PID_C098\6&5075F24&0&1
  Pfad zum Speicherort                    ACPI(_SB_)#ACPI(USB3)#ACPI(RHUB)#ACPI(MP0_)#USB(4)#USB(1)

[Port2] : Brother International, PID=03A0 ---------------------------------

 [Ger√§teinformation]
  Ger√§tehersteller:                      Brother
  Produktname:                            MFC-L5700DN series
  Seriennummer:                           E75384J0N501991
  Unterst√ºtzte USB-Version:              2.00
  USB Speed Capable:                      USB 2.0 High-speed
  USB Speed Connected:                    USB 2.0 High-speed
  Maximum Current:                        2 mA
  Treiberbeschreibung:                    USB-Verbundger√§t
  Hardware-ID:                            USB\VID_04F9&PID_03A0
 [Informationen zum Ger√§tetreiber]
  Treiberhersteller:                      Microsoft
  Treiberbeschreibung:                    USB Composite Device
  Treiberanbieter:                        Microsoft
  Treiberversion:                         10.0.26100.5074
  Treiberdatum:                           21-Jun-2006
  DeviceInstanceId                        USB\VID_04F9&PID_03A0\E75384J0N501991
  Pfad zum Speicherort                    ACPI(_SB_)#ACPI(USB3)#ACPI(RHUB)#ACPI(MP0_)#USB(4)#USB(2)

[Port3] : Logitech HID Keyboard -------------------------------------------

 [Ger√§teinformation]
  Ger√§tehersteller:                      Logitech
  Produktname:                            USB Receiver
  Seriennummer:                           N/A
  Unterst√ºtzte USB-Version:              2.00
  USB Speed Capable:                      USB 2.0 High-speed
  USB Speed Connected:                    USB 1.1 Full-speed
  Maximum Current:                        98 mA
  Treiberbeschreibung:                    USB-Verbundger√§t
  Hardware-ID:                            USB\VID_046D&PID_C534
 [Informationen zum Ger√§tetreiber]
  Treiberhersteller:                      Microsoft
  Treiberbeschreibung:                    USB Composite Device
  Treiberanbieter:                        Microsoft
  Treiberversion:                         10.0.26100.5074
  Treiberdatum:                           21-Jun-2006
  DeviceInstanceId                        USB\VID_046D&PID_C534\6&5075F24&0&3
  Pfad zum Speicherort                    ACPI(_SB_)#ACPI(USB3)#ACPI(RHUB)#ACPI(MP0_)#USB(4)#USB(3)

[Port4] : No Device Connected ---------------------------------------------


[Port2] : No Device Connected ---------------------------------------------


[Port3] : Genesys Logic USB 3.2 Gen2 Hub ----------------------------------

 [Ger√§teinformation]
  Ger√§tehersteller:                      GenesysLogic
  Produktname:                            USB3.2 Hub
  Seriennummer:                           N/A
  Unterst√ºtzte USB-Version:              3.20
  USB Speed Capable:                      USB 3.2 Gen2 (SuperSpeedPlus 10 Gbps)
  USB Speed Connected:                    USB 3.2 Gen2 (SuperSpeedPlus 10 Gbps)
  Receive Lanes Active:                   1 x 10 Gbps
  Transmit Lanes Active:                  1 x 10 Gbps
  Treiberbeschreibung:                    Generischer Hochgeschwindigkeits-USB-Hub (SuperSpeed)
  Hardware-ID:                            USB\VID_05E3&PID_0625
 [Informationen zum Ger√§tetreiber]
  Treiberhersteller:                      Microsoft
  Treiberbeschreibung:                    Generic SuperSpeed USB Hub
  Treiberanbieter:                        Microsoft
  Treiberversion:                         10.0.26100.5074
  Treiberdatum:                           26-Aug-2025
  DeviceInstanceId                        USB\VID_05E3&PID_0625\4&562E25C&0&3
  Pfad zum Speicherort                    ACPI(_SB_)#ACPI(USB3)#ACPI(RHUB)#ACPI(MP2_)

[Port1] : Realtek Semiconductor Realtek RT9210 ----------------------------

 [Ger√§teinformation]
  Ger√§tehersteller:                      Ugreen
  Produktname:                            Ugreen Storage Device
  Seriennummer:                           0129380509E6
  Unterst√ºtzte USB-Version:              3.20
  USB Speed Capable:                      USB 3.2 Gen2 (SuperSpeedPlus 10 Gbps)
  USB Speed Connected:                    USB 3.2 Gen2 (SuperSpeedPlus 10 Gbps)
  Receive Lanes Active:                   1 x 10 Gbps
  Transmit Lanes Active:                  1 x 10 Gbps
  Maximum Current:                        896 mA
  Treiberbeschreibung:                    Per USB angeschlossenes SCSI (UAS)-Massenspeicherger√§t
  Hardware-ID:                            USB\VID_0BDA&PID_9210
 [Informationen zum Ger√§tetreiber]
  Treiberhersteller:                      Microsoft
  Treiberbeschreibung:                    USB Attached SCSI (UAS) Mass Storage Device
  Treiberanbieter:                        Microsoft
  Treiberversion:                         10.0.26100.1882
  Treiberdatum:                           21-Jun-2006
  DeviceInstanceId                        USB\VID_0BDA&PID_9210\MSFT300129380509E6
  Pfad zum Speicherort                    ACPI(_SB_)#ACPI(USB3)#ACPI(RHUB)#ACPI(MP2_)#USB(1)

[Port2] : No Device Connected ---------------------------------------------


[Port3] : No Device Connected ---------------------------------------------


[Port4] : No Device Connected ---------------------------------------------

