HWiNFO® ARM64 Version 8.22-5670

DESKTOP-DRJG1Q ------------------------------------------------------------

 [Current Computer]
  Computer Name:                          
  Computer Description:                   
  Computer Brand Name:                    HP HP EliteBook Ultra G1q 14 inch Notebook AI PC
 [Operating System]
  Operating System:                       Microsoft Windows 11 Professional (ARM64) Build 26100.3476 (24H2)
  UEFI Boot:                              Present
  Secure Boot:                            Disabled
  Hypervisor-protected Code Integrity (HVCI): Enabled

Central Processor(s) ------------------------------------------------------

 [CPU Unit Count]
  Number Of Processor Packages (Physical): 1
  Number Of Processor Cores:              12
  Number Of Logical Processors:           12

Qualcomm Snapdragon X Elite X1E-78-100 ------------------------------------

 [General Information]
  Processor Name:                         Qualcomm Snapdragon X Elite X1E-78-100
  Original Processor Frequency:           3417.0 MHz
  Original Processor Frequency [MHz]:     3417
  CPU Code Name:                          Oryon
  Number of CPU Cores:                    4 x Oryon P2, 8 x Oryon P1
 [Cache and TLB]
  L1 Cache (Oryon P2 Cores):              Instruction: 4 x 192 KBytes, Data: 4 x 96 KBytes
  L1 Cache (Oryon P1 Cores):              Instruction: 8 x 192 KBytes, Data: 8 x 96 KBytes
  L2 Cache (Oryon P2 Cores):              Integrated: 12 MBytes
  L2 Cache (Oryon P1 Cores):              Integrated: 2 x 12 MBytes

Motherboard ---------------------------------------------------------------

 [Computer]
  Computer Brand Name:                    HP HP EliteBook Ultra G1q 14 inch Notebook AI PC
 [Motherboard]
  Motherboard Model:                      103C_5336AN HP EliteBook Ultra
 [BIOS]
  BIOS Manufacturer:                      Insyde
  BIOS Date:                              11/19/2024
  BIOS Version:                           F.12
  Trusted Platform Module (TPM) Chip:     Present, version 2.0

ACPI Devices --------------------------------------------------------------


HID Button over Interrupt Driver ------------------------------------------

  Device Name:                            HID Button over Interrupt Driver
 [Assigned Resources]
  IRQ:                                    32770
 [Alternative 1]
  IRQ:                                    32770
  IRQ:                                    32771
  IRQ:                                    32772

I2C HID Device ------------------------------------------------------------

  Device Name:                            I2C HID Device
 [Assigned Resources]
 [Alternative 1]
  IRQ:                                    32796

PCI Express Root Complex --------------------------------------------------

  Device Name:                            PCI Express Root Complex
 [Assigned Resources]
  Memory Location:                        7C300000 - 7DFFFFFF
 [Alternative 1]
  Memory Location:                        7C300000 - 7DFFFFFF

PCI Express Root Complex --------------------------------------------------

  Device Name:                            PCI Express Root Complex
 [Assigned Resources]
  Memory Location:                        70300000 - 71FFFFFF
 [Alternative 1]
  Memory Location:                        70300000 - 71FFFFFF

Qualcomm(R) System Manager Device -----------------------------------------

  Device Name:                            Qualcomm(R) System Manager Device
 [Assigned Resources]
  IRQ:                                    32768
 [Alternative 1]
  Memory Location:                        81F1E000
  IRQ:                                    32768

Qualcomm(R) Inter Processor Communication Interrupt Device ----------------

  Device Name:                            Qualcomm(R) Inter Processor Communication Interrupt Device
 [Assigned Resources]
  IRQ:                                    261
 [Alternative 1]
  IRQ:                                    261
  IRQ:                                    262
  IRQ:                                    263
  IRQ:                                    900

Qualcomm(R) Bam Bus Device ------------------------------------------------

  Device Name:                            Qualcomm(R) Bam Bus Device
 [Assigned Resources]
  Memory Location:                        01DC4000 - 01DEBFFF
 [Alternative 1]
  Memory Location:                        01DC4000 - 01DEBFFF
  IRQ:                                    304

Qualcomm(R) Bam Bus Device ------------------------------------------------

  Device Name:                            Qualcomm(R) Bam Bus Device
 [Assigned Resources]
  Memory Location:                        06C04000 - 06C23FFF
 [Alternative 1]
  Memory Location:                        06C04000 - 06C23FFF
  IRQ:                                    196

Qualcomm(R) SPMI Bus Device -----------------------------------------------

  Device Name:                            Qualcomm(R) SPMI Bus Device
 [Assigned Resources]
  Memory Location:                        0C400000 - 0C8FFFFF
 [Alternative 1]
  Memory Location:                        0C400000 - 0C8FFFFF

Qualcomm(R) System Manager GPIO Device ------------------------------------

  Device Name:                            Qualcomm(R) System Manager GPIO Device
 [Assigned Resources]
  Memory Location:                        0F100000 - 0FFFFFFF
  IRQ:                                    240
  IRQ:                                    659
  IRQ:                                    642
 [Alternative 1]
  Memory Location:                        0F100000
  IRQ:                                    240
  IRQ:                                    240
  IRQ:                                    240
  IRQ:                                    240
  IRQ:                                    598
  IRQ:                                    760
  IRQ:                                    595
  IRQ:                                    659
  IRQ:                                    602
  IRQ:                                    604
  IRQ:                                    645
  IRQ:                                    642
  IRQ:                                    649
  IRQ:                                    756
  IRQ:                                    578
  IRQ:                                    594

Qualcomm(R) I2C Bus Device ------------------------------------------------

  Device Name:                            Qualcomm(R) I2C Bus Device
 [Assigned Resources]
  Memory Location:                        00B80000 - 00B83FFF
 [Alternative 1]
  Memory Location:                        00B80000 - 00B83FFF
  IRQ:                                    405

Qualcomm(R) I2C Bus Device ------------------------------------------------

  Device Name:                            Qualcomm(R) I2C Bus Device
 [Assigned Resources]
  Memory Location:                        00B84000 - 00B87FFF
 [Alternative 1]
  Memory Location:                        00B84000 - 00B87FFF
  IRQ:                                    615

Qualcomm(R) I2C Bus Device ------------------------------------------------

  Device Name:                            Qualcomm(R) I2C Bus Device
 [Assigned Resources]
  Memory Location:                        00B8C000 - 00B8FFFF
 [Alternative 1]
  Memory Location:                        00B8C000 - 00B8FFFF
  IRQ:                                    617

Qualcomm(R) I2C Bus Device ------------------------------------------------

  Device Name:                            Qualcomm(R) I2C Bus Device
 [Assigned Resources]
  Memory Location:                        00B90000 - 00B93FFF
 [Alternative 1]
  Memory Location:                        00B90000 - 00B93FFF
  IRQ:                                    618

Qualcomm(R) I2C Bus Device ------------------------------------------------

  Device Name:                            Qualcomm(R) I2C Bus Device
 [Assigned Resources]
  Memory Location:                        00B94000 - 00B97FFF
 [Alternative 1]
  Memory Location:                        00B94000 - 00B97FFF
  IRQ:                                    619

Qualcomm(R) I2C Bus Device ------------------------------------------------

  Device Name:                            Qualcomm(R) I2C Bus Device
 [Assigned Resources]
  Memory Location:                        00B9C000 - 00B9FFFF
 [Alternative 1]
  Memory Location:                        00B9C000 - 00B9FFFF
  IRQ:                                    494

Qualcomm(R) I2C Bus Device ------------------------------------------------

  Device Name:                            Qualcomm(R) I2C Bus Device
 [Assigned Resources]
  Memory Location:                        00A80000 - 00A83FFF
 [Alternative 1]
  Memory Location:                        00A80000 - 00A83FFF
  IRQ:                                    832

Qualcomm(R) I2C Bus Device ------------------------------------------------

  Device Name:                            Qualcomm(R) I2C Bus Device
 [Assigned Resources]
  Memory Location:                        00A84000 - 00A87FFF
 [Alternative 1]
  Memory Location:                        00A84000 - 00A87FFF
  IRQ:                                    833

Qualcomm(R) Analog-to-Digital Converter Device ----------------------------

  Device Name:                            Qualcomm(R) Analog-to-Digital Converter Device
 [Assigned Resources]
 [Alternative 1]
  IRQ:                                    32781
  IRQ:                                    32782

Qualcomm(R) Bus Device ----------------------------------------------------

  Device Name:                            Qualcomm(R) Bus Device
 [Assigned Resources]
  Memory Location:                        00894000 - 00897FFF
 [Alternative 1]
  Memory Location:                        00894000 - 00897FFF
  IRQ:                                    845
  IRQ:                                    32784

Qualcomm(R) Bus Device ----------------------------------------------------

  Device Name:                            Qualcomm(R) Bus Device
 [Assigned Resources]
  Memory Location:                        00A98000 - 00A9BFFF
 [Alternative 1]
  Memory Location:                        00A98000 - 00A9BFFF
  IRQ:                                    838
  IRQ:                                    32783

Qualcomm Audio DSP Subsystem Device ---------------------------------------

  Device Name:                            Qualcomm Audio DSP Subsystem Device
 [Assigned Resources]
  IRQ:                                    518
 [Alternative 1]
  IRQ:                                    518

Qualcomm(R) Spectra(TM) 695 ISP Camera Device -----------------------------

  Device Name:                            Qualcomm(R) Spectra(TM) 695 ISP Camera Device
 [Assigned Resources]
  IRQ:                                    488
  IRQ:                                    499
  IRQ:                                    500
 [Alternative 1]
  IRQ:                                    488
  IRQ:                                    319
  IRQ:                                    495
  IRQ:                                    497
  IRQ:                                    499
  IRQ:                                    501
  IRQ:                                    496
  IRQ:                                    498
  IRQ:                                    500
  IRQ:                                    721
  IRQ:                                    796
  IRQ:                                    797

Qualcomm(R) System Manager PMIC GPIO Framework Extension Device -----------

  Device Name:                            Qualcomm(R) System Manager PMIC GPIO Framework Extension Device
 [Assigned Resources]
  IRQ:                                    513
 [Alternative 1]
  IRQ:                                    513
  IRQ:                                    515

Qualcomm(R) Spectra(TM) 695 ISP Camera Platform Device --------------------

  Device Name:                            Qualcomm(R) Spectra(TM) 695 ISP Camera Platform Device
 [Assigned Resources]
  Memory Location:                        0AC13000 - 0AC13FFF
  IRQ:                                    492
 [Alternative 1]
  Memory Location:                        0AC13000
  Memory Location:                        0AC19000
  Memory Location:                        0AC15000
  Memory Location:                        0AC16000
  IRQ:                                    492
  IRQ:                                    303
  IRQ:                                    491

Qualcomm(R) Spectra(TM) 695 ISP Camera JPEG Encoder Device ----------------

  Device Name:                            Qualcomm(R) Spectra(TM) 695 ISP Camera JPEG Encoder Device
 [Assigned Resources]
  Memory Location:                        0AC2A000 - 0AC2AFFF
 [Alternative 1]
  Memory Location:                        0AC2A000 - 0AC2AFFF
  Memory Location:                        0AC2B000
  IRQ:                                    506
  IRQ:                                    507

Qualcomm(R) Bluetooth UART Transport Driver -------------------------------

  Device Name:                            Qualcomm(R) Bluetooth UART Transport Driver
 [Assigned Resources]
 [Alternative 1]

Qualcomm(R) Power Management FGBCL Device ---------------------------------

  Device Name:                            Qualcomm(R) Power Management FGBCL Device
 [Assigned Resources]
  IRQ:                                    32773
  IRQ:                                    32777
 [Alternative 1]
  IRQ:                                    32773
  IRQ:                                    32774
  IRQ:                                    32775
  IRQ:                                    32776
  IRQ:                                    32777
  IRQ:                                    32778
  IRQ:                                    32779
  IRQ:                                    32780

Qualcomm(R) System Manager Device -----------------------------------------

  Device Name:                            Qualcomm(R) System Manager Device
 [Assigned Resources]
  Memory Location:                        010C3000 - 010C3FFF
 [Alternative 1]
  Memory Location:                        010C3000 - 010C3FFF

Qualcomm(R) Bus Device ----------------------------------------------------

  Device Name:                            Qualcomm(R) Bus Device
 [Assigned Resources]
  Memory Location:                        00B04000 - 00B5BFFF
 [Alternative 1]
  Memory Location:                        00B04000 - 00B5BFFF
  IRQ:                                    620
  IRQ:                                    621

Qualcomm(R) Bus Device ----------------------------------------------------

  Device Name:                            Qualcomm(R) Bus Device
 [Assigned Resources]
  Memory Location:                        00A04000 - 00A5BFFF
 [Alternative 1]
  Memory Location:                        00A04000 - 00A5BFFF
  IRQ:                                    808
  IRQ:                                    809

Qualcomm(R) Bus Device ----------------------------------------------------

  Device Name:                            Qualcomm(R) Bus Device
 [Assigned Resources]
  Memory Location:                        00804000 - 0085BFFF
 [Alternative 1]
  Memory Location:                        00804000 - 0085BFFF
  IRQ:                                    820
  IRQ:                                    821

Synopsys USB 3.0 Dual-Role Controller -------------------------------------

  Device Name:                            Synopsys USB 3.0 Dual-Role Controller
 [Assigned Resources]
  Memory Location:                        0A600000 - 0A6FFFFE
 [Alternative 1]
  Memory Location:                        0A600000 - 0A6FFFFE

Synopsys USB 3.0 Dual-Role Controller -------------------------------------

  Device Name:                            Synopsys USB 3.0 Dual-Role Controller
 [Assigned Resources]
  Memory Location:                        0A800000 - 0A8FFFFE
 [Alternative 1]
  Memory Location:                        0A800000 - 0A8FFFFE

Qualcomm Secure Processor Subsystem Device --------------------------------

  Device Name:                            Qualcomm Secure Processor Subsystem Device
 [Assigned Resources]
  Memory Location:                        0188103C - 0188103F
  IRQ:                                    384
  DMA:                                    0
 [Alternative 1]
  Memory Location:                        01881028
  Memory Location:                        01881024
  Memory Location:                        0188101C
  Memory Location:                        0188103C
  Memory Location:                        0188200C
  IRQ:                                    384

Qualcomm(R) PCIe Platform Extension Plugin --------------------------------

  Device Name:                            Qualcomm(R) PCIe Platform Extension Plugin
 [Assigned Resources]
  I/O Port:                               0003 - 0002
  I/O Port:                               0006 - 0005
  IRQ:                                    505
  IRQ:                                    790
  IRQ:                                    0
 [Alternative 1]
  IRQ:                                    505
  IRQ:                                    638
  IRQ:                                    464
  IRQ:                                    199
  IRQ:                                    790
  IRQ:                                    779
  IRQ:                                    32769

Qualcomm(R) Spectra(TM) 695 ISP Camera MipiCsi Device ---------------------

  Device Name:                            Qualcomm(R) Spectra(TM) 695 ISP Camera MipiCsi Device
 [Assigned Resources]
  Memory Location:                        0ACE4000 - 0ACE5FFF
  Memory Location:                        0ACF6000 - 0ACF63FF
  IRQ:                                    510
 [Alternative 1]
  Memory Location:                        0ACE4000
  Memory Location:                        0ACE6000 - 0ACE7FFF
  Memory Location:                        0ACE8000
  Memory Location:                        0ACEC000
  Memory Location:                        0ACF6000
  Memory Location:                        0ACF7000
  Memory Location:                        0ACF8000
  IRQ:                                    509
  IRQ:                                    510
  IRQ:                                    511
  IRQ:                                    154

Qualcomm(R) USB Type-C Device ---------------------------------------------

  Device Name:                            Qualcomm(R) USB Type-C Device
 [Assigned Resources]
  I/O Port:                               001F - 001E
  I/O Port:                               0023 - 0022
  Memory Location:                        81F20040 - 81F2006E
 [Alternative 1]
  Memory Location:                        81F20040 - 81F2006E

Qualcomm Compute DSP Subsystem Device -------------------------------------

  Device Name:                            Qualcomm Compute DSP Subsystem Device
 [Assigned Resources]
  IRQ:                                    610
 [Alternative 1]
  IRQ:                                    610

Qualcomm(R) Spectra(TM) 395 SecureISP Device ------------------------------

  Device Name:                            Qualcomm(R) Spectra(TM) 395 SecureISP Device
 [Assigned Resources]
  Memory Location:                        0ACCA000 - 0ACCDFFF
 [Alternative 1]
  Memory Location:                        0ACCA000 - 0ACCDFFF
  IRQ:                                    392
  IRQ:                                    391

Qualcomm(R)  EVA Device ---------------------------------------------------

  Device Name:                            Qualcomm(R)  EVA Device
 [Assigned Resources]
  IRQ:                                    266
 [Alternative 1]
  Memory Location:                        0AB00000
  Memory Location:                        00400000
  Memory Location:                        00110000
  IRQ:                                    266

Qualcomm CPU DCVS Cluster 0 Policy Device ---------------------------------

  Device Name:                            Qualcomm CPU DCVS Cluster 0 Policy Device
 [Assigned Resources]
  IRQ:                                    32785
 [Alternative 1]
  IRQ:                                    32785
  IRQ:                                    32786
  IRQ:                                    32787
  IRQ:                                    32788
  IRQ:                                    32789

USB xHCI Compliant Host Controller ----------------------------------------

  Device Name:                            USB xHCI Compliant Host Controller
 [Assigned Resources]
  Memory Location:                        0A400000 - 0A4FFFFE
  IRQ:                                    346
 [Alternative 1]
  Memory Location:                        0A400000
  IRQ:                                    339
  IRQ:                                    345
  IRQ:                                    562
  IRQ:                                    346
  IRQ:                                    563
  IRQ:                                    558
  IRQ:                                    559

USB xHCI Compliant Host Controller ----------------------------------------

  Device Name:                            USB xHCI Compliant Host Controller
 [Assigned Resources]
  Memory Location:                        0A200000 - 0A2FFFFE
 [Alternative 1]
  Memory Location:                        0A200000 - 0A2FFFFE
  IRQ:                                    272
  IRQ:                                    277

Qualcomm SoC Secure Digital host controller -------------------------------

  Device Name:                            Qualcomm SoC Secure Digital host controller
 [Assigned Resources]
  Memory Location:                        08804000 - 08804FFF
 [Alternative 1]
  Memory Location:                        08804000 - 08804FFF
  IRQ:                                    239
  IRQ:                                    32792

I2C HID Device ------------------------------------------------------------

  Device Name:                            I2C HID Device
 [Assigned Resources]
 [Alternative 1]
  IRQ:                                    32795

UCM-UCSI ACPI Device ------------------------------------------------------

  Device Name:                            UCM-UCSI ACPI Device
 [Assigned Resources]
  Memory Location:                        81F20000 - 81F2002F
 [Alternative 1]
  Memory Location:                        81F20000 - 81F2002F

I2C HID Device ------------------------------------------------------------

  Device Name:                            I2C HID Device
 [Assigned Resources]
 [Alternative 1]
  IRQ:                                    32797

Qualcomm System MMU Device ------------------------------------------------

  Device Name:                            Qualcomm System MMU Device
 [Assigned Resources]
  Memory Location:                        15000000 - 150FFFFF
  IRQ:                                    132
  IRQ:                                    136
  IRQ:                                    140
  IRQ:                                    144
  IRQ:                                    148
  IRQ:                                    214
  IRQ:                                    218
  IRQ:                                    222
  IRQ:                                    348
  IRQ:                                    352
  IRQ:                                    356
 [Alternative 1]
  Memory Location:                        15000000
  IRQ:                                    129
  IRQ:                                    130
  IRQ:                                    131
  IRQ:                                    132
  IRQ:                                    133
  IRQ:                                    134
  IRQ:                                    135
  IRQ:                                    136
  IRQ:                                    137
  IRQ:                                    138
  IRQ:                                    139
  IRQ:                                    140
  IRQ:                                    141
  IRQ:                                    142
  IRQ:                                    143
  IRQ:                                    144
  IRQ:                                    145
  IRQ:                                    146
  IRQ:                                    147
  IRQ:                                    148
  IRQ:                                    149
  IRQ:                                    150
  IRQ:                                    213
  IRQ:                                    214
  IRQ:                                    215
  IRQ:                                    216
  IRQ:                                    217
  IRQ:                                    218
  IRQ:                                    219
  IRQ:                                    220
  IRQ:                                    221
  IRQ:                                    222
  IRQ:                                    223
  IRQ:                                    224
  IRQ:                                    347
  IRQ:                                    348
  IRQ:                                    349
  IRQ:                                    350
  IRQ:                                    351
  IRQ:                                    352
  IRQ:                                    353
  IRQ:                                    354
  IRQ:                                    355
  IRQ:                                    356
  IRQ:                                    357
  IRQ:                                    358
  IRQ:                                    359
  IRQ:                                    360
  IRQ:                                    361
  IRQ:                                    362
  IRQ:                                    363
  IRQ:                                    364
  IRQ:                                    365
  IRQ:                                    366
  IRQ:                                    367
  IRQ:                                    368
  IRQ:                                    369
  IRQ:                                    370

Qualcomm System MMU Device ------------------------------------------------

  Device Name:                            Qualcomm System MMU Device
 [Assigned Resources]
  Memory Location:                        03DA0000 - 03DDFFFF
  IRQ:                                    713
 [Alternative 1]
  Memory Location:                        03DA0000
  IRQ:                                    710
  IRQ:                                    711
  IRQ:                                    712
  IRQ:                                    713
  IRQ:                                    714
  IRQ:                                    715
  IRQ:                                    716

Qualcomm Power Engine Plug-in Device --------------------------------------

  Device Name:                            Qualcomm Power Engine Plug-in Device
 [Assigned Resources]
  IRQ:                                    538
  IRQ:                                    540
  IRQ:                                    37
 [Alternative 1]
  IRQ:                                    538
  IRQ:                                    673
  IRQ:                                    539
  IRQ:                                    674
  IRQ:                                    540
  IRQ:                                    675
  IRQ:                                    541
  IRQ:                                    802
  IRQ:                                    37
  IRQ:                                    330
  IRQ:                                    613
  IRQ:                                    113
  IRQ:                                    66
  IRQ:                                    60

Qualcomm(R) Adreno(TM) X1-85 GPU ------------------------------------------

  Device Name:                            Qualcomm(R) Adreno(TM) X1-85 GPU
 [Assigned Resources]
  Memory Location:                        0AE00000 - 0AFFFFFF
  IRQ:                                    480
  IRQ:                                    458
  IRQ:                                    333
 [Alternative 1]
  Memory Location:                        0AE00000
  Memory Location:                        00FD0000
  Memory Location:                        03D00000
  Memory Location:                        0B280000
  Memory Location:                        0AA00000
  Memory Location:                        15200000
  IRQ:                                    115
  IRQ:                                    481
  IRQ:                                    480
  IRQ:                                    635
  IRQ:                                    634
  IRQ:                                    459
  IRQ:                                    458
  IRQ:                                    332
  IRQ:                                    336
  IRQ:                                    333
  IRQ:                                    206
  IRQ:                                    800

Qualcomm System Cache Device ----------------------------------------------

  Device Name:                            Qualcomm System Cache Device
 [Assigned Resources]
  Memory Location:                        26200000 - 263FFFFF
 [Alternative 1]
  Memory Location:                        26200000 - 263FFFFF
  IRQ:                                    298

SMBIOS DMI ----------------------------------------------------------------


BIOS ----------------------------------------------------------------------

  BIOS Vendor:                            Insyde
  BIOS Version:                           F.12
  BIOS Release Date:                      11/19/2024
  BIOS Start Segment:                     0
  BIOS Size:                              16384 KBytes
  System BIOS Version:                    15.12
  Embedded Controller Firmware Version:   17.40
  ISA Support:                            Not Present
  MCA Support:                            Not Present
  EISA Support:                           Not Present
  PCI Support:                            Present
  PC Card (PCMCIA) Support:               Not Present
  Plug-and-Play Support:                  Not Present
  APM Support:                            Not Present
  Flash BIOS:                             Present
  BIOS Shadow:                            Not Present
  VL-VESA Support:                        Not Present
  ESCD Support:                           Not Present
  Boot from CD:                           Not Present
  Selectable Boot:                        Present
  BIOS ROM Socketed:                      Not Present
  Boot from PC Card:                      Not Present
  EDD Support:                            Not Present
  NEC PC-98 Support:                      Not Present
  ACPI Support:                           Present
  USB Legacy Support:                     Not Present
  AGP Support:                            Not Present
  I2O Boot Support:                       Not Present
  LS-120 Boot Support:                    Not Present
  ATAPI ZIP Drive Boot Support:           Not Present
  IEE1394 Boot Support:                   Not Present
  Smart Battery Support:                  Not Present
  BIOS Boot Specification Support:        Not Present
  Function key-initiated Network Service Boot Support: Present
  Targeted Content Distribution Support:  Present
  UEFI Specification Support:             Not Present
  Virtual Machine:                        Not Present

System --------------------------------------------------------------------

  System Manufacturer:                    HP
  Product Name:                           HP EliteBook Ultra G1q 14 inch Notebook AI PC
  Product Version:                        ConfigID
  Product Serial Number:                  
  UUID:                                   {XXXXXXXX-XXXX-XXXX-XXXX-XXXXXXXXXXXX}
  SKU Number:                             A3LZ2AA#ABA
  Family:                                 103C_5336AN HP EliteBook Ultra

Mainboard -----------------------------------------------------------------

  Mainboard Manufacturer:                 HP
  Mainboard Name:                         8CBE
  Mainboard Version:                      17.40
  Mainboard Serial Number:                
  Asset Tag:                              Type2 - Board Asset Tag
  Location in chassis:                    Type2 - Board Chassis Location

System Enclosure ----------------------------------------------------------

  Manufacturer:                           HP
  Case Type:                              Notebook
  Version:                                Chassis Version
  Serial Number:                          
  Asset Tag Number:                       

Processor -----------------------------------------------------------------

  Processor Manufacturer:                 Qualcomm Technologies Inc
  Processor Version:                      Snapdragon(TM) X Elite - X1E78100 - Qualcomm(TM) Oryon(TM) CPU
  External Clock:                         N/A
  Maximum Clock Supported:                3417 MHz
  Current Clock:                          2977 MHz
  CPU Socket:                             Populated
  CPU Status:                             Enabled
  Processor Type:                         Central Processor
  Processor Voltage:                      1.1 V
  Processor Upgrade:                      None
  Socket Designation:                     Qualcomm

L1 Instruction Cache ------------------------------------------------------

  Socket Designation:                     L1 Instruction Cache
  Cache State:                            Enabled
  Cache Location:                         Internal
  Cache Type:                             L1 Instruction
  Cache Scheme:                           Write-Through and Write-Back
  Supported SRAM Type:                    
  Current SRAM Type:                      
  Cache Speed:                            Unknown
  Error Correction Type:                  Parity
  Maximum Cache Size:                     2304 KBytes
  Installed Cache Size:                   2304 KBytes
  Cache Associativity:                    16-way Set-Associative

L1 Data Cache -------------------------------------------------------------

  Socket Designation:                     L1 Data Cache
  Cache State:                            Enabled
  Cache Location:                         Internal
  Cache Type:                             L1 Data
  Cache Scheme:                           Write-Through and Write-Back
  Supported SRAM Type:                    
  Current SRAM Type:                      
  Cache Speed:                            Unknown
  Error Correction Type:                  Parity
  Maximum Cache Size:                     1152 KBytes
  Installed Cache Size:                   1152 KBytes
  Cache Associativity:                    16-way Set-Associative

L2 Cache ------------------------------------------------------------------

  Socket Designation:                     L2 Cache
  Cache State:                            Enabled
  Cache Location:                         Internal
  Cache Type:                             L2 Unified
  Cache Scheme:                           Write-Through and Write-Back
  Supported SRAM Type:                    
  Current SRAM Type:                      
  Cache Speed:                            Unknown
  Error Correction Type:                  Parity
  Maximum Cache Size:                     36864 KBytes
  Installed Cache Size:                   36864 KBytes
  Cache Associativity:                    8-way Set-Associative

On Board Device -----------------------------------------------------------

  Device Description:                     ssttw
  Device Type:                            Audio Device
  Device Status:                          Disabled

OEM Strings ---------------------------------------------------------------













Portable Battery ----------------------------------------------------------

  Battery Location:                       Primary
  Battery Manufacturer:                   333-2C-2E-A
  Manufacture Date:                       ManufDate
  Serial Number:                          
  Device Name:                            GD03059XL
  Device Chemistry:                       Unknown
  Design Capacity:                        59150 mWh
  Design Voltage:                         11580 mV
  SBDS Verison Number:                    1
  Max. Error in Battery Data:             1
  SBDS Serial Number:                     
  SBDS Manufacture Date:                  6/5/40
  SBDS Device Chemistry:                  LION

System Boot Information ---------------------------------------------------

  Boot Status:                            No error occurred

On Board Device -----------------------------------------------------------

  Device Description:                     WLAN
  Device Type:                            Unknown
  Device Status:                          Enabled

TPM -----------------------------------------------------------------------

  TPM Specification Version:              0.0
  TPM Vendor:                             
  TPM Description:                        TPM Device

Memory Devices ------------------------------------------------------------


Physical Memory Array -----------------------------------------------------

  Array Location:                         System board
  Array Use:                              System memory
  Error Detecting Method:                 None
  Memory Capacity:                        16 GBytes
  Memory Devices:                         1

Memory Device -------------------------------------------------------------

  Total Width:                            16 bits
  Data Width:                             16 bits
  Device Size:                            16384 MBytes
  Device Form Factor:                     Row of chips
  Device Locator:                         Bottom - on board
  Bank Locator:                           Bank 0
  Device Type:                            LPDDR5
  Device Type Detail:                     Synchronous
  Memory Speed:                           8448 MT/s
  Configured Memory Speed:                8448 MT/s
  Manufacturer:                           SK Hynix
  Serial Number:                          
  Part Number:                            H58G56BK8BX068
  Asset Tag:                              9876543210

Memory Array Mapped Address -----------------------------------------------

  Starting Address:                       00000000
  Ending Address:                         5105120534593535
  Partition Width:                        1

Memory Device Mapped Address ----------------------------------------------

  Starting Address:                       00000000
  Ending Address:                         00FFFFFF
  Partition Row Position:                 1
  Interleave Position:                    1
  Interleave Data Depth:                  1

Port Connectors -----------------------------------------------------------


USB -----------------------------------------------------------------------

  Port Type:                              USB
  Internal Reference:                     Left USB 3.1
  Internal Connector Type:                Access Bus (USB)
  External Reference:                     Left TYPE C
  External Connector Type:                Access Bus (USB)

USB -----------------------------------------------------------------------

  Port Type:                              USB
  Internal Reference:                     Left USB 3.1
  Internal Connector Type:                Access Bus (USB)
  External Reference:                     Left TYPE C
  External Connector Type:                Access Bus (USB)

USB -----------------------------------------------------------------------

  Port Type:                              USB
  Internal Reference:                     Right USB 3.1
  Internal Connector Type:                Access Bus (USB)
  External Reference:                     Right TYPE A
  External Connector Type:                Access Bus (USB)

System Slots --------------------------------------------------------------


PCI1 ----------------------------------------------------------------------

  Slot Designation:                       PCI1
  Slot Type:                              PCI Express x1
  Slot Usage:                             Empty
  Slot Data Bus Width:                    1x / x1
  Slot Length:                            Unknown
  Base Segment:Bus:Device:Function Number: 41:0:0

PCI2 ----------------------------------------------------------------------

  Slot Designation:                       PCI2
  Slot Type:                              PCI Express x4
  Slot Usage:                             Empty
  Slot Data Bus Width:                    4x / x4
  Slot Length:                            Unknown
  Base Segment:Bus:Device:Function Number: 61:0:0

Memory --------------------------------------------------------------------

 [General Information]
  Total Memory Size:                      16 GBytes
  Total Memory Size [MB]:                 16384
 [Current Performance Settings]

Bus -----------------------------------------------------------------------


PCI Segment #4 ------------------------------------------------------------


PCI Bus #0 ----------------------------------------------------------------


Airgo Networks/Qualcomm Snapdragon PCI Express Root Port ------------------

 [General Information]
  Device Name:                            Airgo Networks/Qualcomm Snapdragon PCI Express Root Port
  Original Device Name:                   Airgo Networks/Qualcomm Snapdragon PCI Express Root Port
  Device Class:                           PCI-to-PCI Bridge
  Revision ID:                            0
  PCI Address (Bus:Device:Function) Number: 0:0:0
  PCI Segment Group Number:               4
  PCI Latency Timer:                      0
  Hardware ID:                            PCI\VEN_17CB&DEV_0111&SUBSYS_00000000&REV_00
 [PCI Express]
  Version:                                3.0
  Maximum Link Width:                     x2
  Current Link Width:                     x1
  Maximum Link Speed:                     8.0 GT/s
  Current Link Speed:                     8.0 GT/s
  Device/Port Type:                       Root Port of PCI Express Root Complex
  Slot Implemented:                       Yes
  Hot-Plug:                               Not Capable
  Hot-Plug Surprise:                      Not Capable
  Emergency Power Reduction:              Not Supported
  Active State Power Management (ASPM) Support: L0s and L1
  Active State Power Management (ASPM) Status: L0s and L1 Entry
  L0s Exit Latency:                       2 - 4 us
  L1 Exit Latency:                        4 - 8 us
  Maximum Payload Size Supported:         128 bytes
  Maximum Payload Size:                   128 bytes
  Resizable BAR Support:                  Not Supported
 [System Resources]
  Interrupt Line:                         N/A
  Interrupt Pin:                          N/A
 [Features]
  Bus Mastering:                          Enabled
  Running At 66 MHz:                      Not Capable
  Fast Back-to-Back Transactions:         Not Capable
 [Driver Information]
  Driver Manufacturer:                    Microsoft
  Driver Description:                     PCI Express Root Port
  Driver Provider:                        Microsoft
  Driver Version:                         10.0.26100.3323
  Driver Date:                            21-Jun-2006
  DeviceInstanceId                        PCI\VEN_17CB&DEV_0111&SUBSYS_00000000&REV_00\3&2C8B7305&1&00
  Location Paths                          PCIROOT(400)#PCI(0000)

PCI Express x2 Bus #1 -----------------------------------------------------


Airgo Networks/Qualcomm WCN6856/QCNFA765 Wireless Network Adapter ---------

 [General Information]
  Device Name:                            Airgo Networks/Qualcomm WCN6856/QCNFA765 Wireless Network Adapter
  Original Device Name:                   Airgo Networks/Qualcomm WCN6856/QCNFA765 Wireless Network Adapter
  Device Class:                           Other Network Adapter
  Revision ID:                            1
  PCI Address (Bus:Device:Function) Number: 1:0:0
  PCI Segment Group Number:               4
  PCI Latency Timer:                      0
  Hardware ID:                            PCI\VEN_17CB&DEV_1103&SUBSYS_E108105B&REV_01
 [PCI Express]
  Version:                                3.0
  Maximum Link Width:                     x1
  Current Link Width:                     x1
  Maximum Link Speed:                     8.0 GT/s
  Current Link Speed:                     8.0 GT/s
  Device/Port Type:                       PCI Express Endpoint
  Slot Implemented:                       No
  Emergency Power Reduction:              Not Supported
  Active State Power Management (ASPM) Support: L0s and L1
  Active State Power Management (ASPM) Status: L0s and L1 Entry
  L0s Exit Latency:                       512 ns - 1 us
  L1 Exit Latency:                        32 - 64 us
  Maximum Payload Size Supported:         128 bytes
  Maximum Payload Size:                   128 bytes
  Resizable BAR Support:                  Not Supported
 [System Resources]
  Interrupt Line:                         N/A
  Interrupt Pin:                          N/A
  Memory Base Address 0                   7C400000
 [Features]
  Bus Mastering:                          Enabled
  Running At 66 MHz:                      Not Capable
  Fast Back-to-Back Transactions:         Not Capable
 [Driver Information]
  Driver Manufacturer:                    Qualcomm Communications Inc.
  Driver Description:                     Qualcomm FastConnect 6900 Wi-Fi 6E Dual Band Simultaneous (DBS) WiFiCx Network Adapter
  Driver Provider:                        Qualcomm Communications Inc.
  Driver Version:                         1.0.4074.5800
  Driver Date:                            07-Jul-2024
  DeviceInstanceId                        PCI\VEN_17CB&DEV_1103&SUBSYS_E108105B&REV_01\4&1C17455D&0&0000
  Location Paths                          PCIROOT(400)#PCI(0000)#PCI(0000)

PCI Segment #6 ------------------------------------------------------------


PCI Bus #0 ----------------------------------------------------------------


Airgo Networks/Qualcomm Snapdragon PCI Express Root Port ------------------

 [General Information]
  Device Name:                            Airgo Networks/Qualcomm Snapdragon PCI Express Root Port
  Original Device Name:                   Airgo Networks/Qualcomm Snapdragon PCI Express Root Port
  Device Class:                           PCI-to-PCI Bridge
  Revision ID:                            0
  PCI Address (Bus:Device:Function) Number: 0:0:0
  PCI Segment Group Number:               6
  PCI Latency Timer:                      0
  Hardware ID:                            PCI\VEN_17CB&DEV_0111&SUBSYS_00000000&REV_00
 [PCI Express]
  Version:                                4.0
  Maximum Link Width:                     x4
  Current Link Width:                     x4
  Maximum Link Speed:                     16.0 GT/s
  Current Link Speed:                     16.0 GT/s
  Device/Port Type:                       Root Port of PCI Express Root Complex
  Slot Implemented:                       Yes
  Hot-Plug:                               Not Capable
  Hot-Plug Surprise:                      Not Capable
  Emergency Power Reduction:              Not Supported
  Active State Power Management (ASPM) Support: L0s and L1
  Active State Power Management (ASPM) Status: L1 Entry
  L0s Exit Latency:                       512 ns - 1 us
  L1 Exit Latency:                        32 - 64 us
  Maximum Payload Size Supported:         256 bytes
  Maximum Payload Size:                   256 bytes
  Resizable BAR Support:                  Not Supported
 [System Resources]
  Interrupt Line:                         N/A
  Interrupt Pin:                          N/A
 [Features]
  Bus Mastering:                          Enabled
  Running At 66 MHz:                      Not Capable
  Fast Back-to-Back Transactions:         Not Capable
 [Driver Information]
  Driver Manufacturer:                    Microsoft
  Driver Description:                     PCI Express Root Port
  Driver Provider:                        Microsoft
  Driver Version:                         10.0.26100.3323
  Driver Date:                            21-Jun-2006
  DeviceInstanceId                        PCI\VEN_17CB&DEV_0111&SUBSYS_00000000&REV_00\3&71811BB&1&00
  Location Paths                          PCIROOT(600)#PCI(0000)

PCI Express x4 Bus #1 -----------------------------------------------------


Sandisk NVMe Controller ---------------------------------------------------

 [General Information]
  Device Name:                            Sandisk NVMe Controller
  Original Device Name:                   Sandisk NVMe Controller
  Device Class:                           NVMe Controller
  Revision ID:                            1
  PCI Address (Bus:Device:Function) Number: 1:0:0
  PCI Segment Group Number:               6
  PCI Latency Timer:                      0
  Hardware ID:                            PCI\VEN_15B7&DEV_5011&SUBSYS_501115B7&REV_01
 [PCI Express]
  Version:                                4.0
  Maximum Link Width:                     x4
  Current Link Width:                     x4
  Maximum Link Speed:                     16.0 GT/s
  Current Link Speed:                     16.0 GT/s
  Device/Port Type:                       PCI Express Endpoint
  Slot Implemented:                       No
  Emergency Power Reduction:              Not Supported
  Active State Power Management (ASPM) Support: L1
  Active State Power Management (ASPM) Status: L1 Entry
  L0s Exit Latency:                       >4 us
  L1 Exit Latency:                        4 - 8 us
  Maximum Payload Size Supported:         512 bytes
  Maximum Payload Size:                   256 bytes
  Resizable BAR Support:                  Not Supported
 [System Resources]
  Interrupt Line:                         N/A
  Interrupt Pin:                          INTA#
  Memory Base Address 0                   70300000
 [Features]
  Bus Mastering:                          Enabled
  Running At 66 MHz:                      Not Capable
  Fast Back-to-Back Transactions:         Not Capable
 [Driver Information]
  Driver Manufacturer:                    Microsoft
  Driver Description:                     Standard NVM Express Controller
  Driver Provider:                        Microsoft
  Driver Version:                         10.0.26100.3323
  Driver Date:                            21-Jun-2006
  DeviceInstanceId                        PCI\VEN_15B7&DEV_5011&SUBSYS_501115B7&REV_01\4&26CA4225&0&0000
  Location Paths                          PCIROOT(600)#PCI(0000)#PCI(0000)

Video Adapter -------------------------------------------------------------


Qualcomm Qualcomm(R) Adreno(TM) Graphics ----------------------------------

 [Video Chipset]
  Video Chipset:                          Qualcomm Qualcomm(R) Adreno(TM) Graphics
  Video Memory:                           Unknown
 [Video Card]
  Video Bus:                              Integrated
  GPU Type:                               Integrated
  Video RAMDAC:                           InternalDAC
 [Performance]
  Graphics Processor Clock:               300.0 MHz
  Graphics Memory Clock:                  800.0 MHz
 [Driver Information]
  Driver Manufacturer:                    Qualcomm Incorporated
  Driver Description:                     Qualcomm(R) Adreno(TM) X1-85 GPU
  Driver Provider:                        Qualcomm Incorporated
  Driver Version:                         31.0.60.1
  Driver Date:                            24-Jun-2024
  DeviceInstanceId                        ACPI\VEN_QCOM&DEV_0C36&SUBSYS_CRD08380&REV_0086\0
  Location Paths                          ACPI(_SB_)#ACPI(GPU0)

Monitor -------------------------------------------------------------------


BOE [Unknown Model: BOE0C93] ----------------------------------------------

 [General Information]
  Monitor Name:                           BOE [Unknown Model: BOE0C93]
  Serial Number:                          
  Date Of Manufacture:                    Week: 37, Year: 2023
  Monitor Hardware ID:                    Monitor\BOE0C93
  Max. Vertical Size:                     19 cm
  Max. Horizontal Size:                   30 cm
 [Advanced parameters]
  Input Signal:                           Digital
  Color Bit Depth:                        8 Bits per Primary Color
  Digital Video Interface Standard Supported: DisplayPort
  Gamma Factor:                           2.20
 [DPMS Modes]
  Standby:                                Not Supported
  Suspend:                                Not Supported
  Active Off:                             Not Supported
  Standard Colour Space (sRGB) Default:   Not Supported
  Preferred Timing Mode:                  Supported
  Default GTF (Continuous Frequency):     Supported
  DFP 1.x Compatible:                     Yes
 [Supported Video Modes]
  2240 x 1400                             302 x 188 mm, Pixel Clock 224.36 MHz
  2240 x 1400                             302 x 188 mm, Pixel Clock 149.57 MHz
 [Driver Information]
  Driver Manufacturer:                    Microsoft
  Driver Description:                     Generic PnP Monitor
  Driver Provider:                        Microsoft
  Driver Version:                         10.0.26100.3037
  Driver Date:                            21-Jun-2006
  DeviceInstanceId                        DISPLAY\BOE0C93\3&5C2CBA&0&UID0
  Location Paths                          ACPI(_SB_)#ACPI(GPU0)#ACPI(MON0)

Drives --------------------------------------------------------------------


(S)ATA/ATAPI Drives -------------------------------------------------------


NVMe Drives ---------------------------------------------------------------


WD PC SN810 SDCPNRY-512G-1006 ---------------------------------------------

 [General Information]
  Drive Controller:                       NVMe (PCIe x4 16.0 GT/s @ x4 16.0 GT/s)
  Host Controller:                        Sandisk NVMe Controller
  Drive Model:                            WD PC SN810 SDCPNRY-512G-1006
  Drive Serial Number:                    
  Drive Firmware Revision:                HPS3
  NVMe Version Supported:                 v1.4
  Drive Capacity:                         488,386 MBytes (512 GB)
  Drive Capacity [MB]:                    488386
  SCSI Address:                           0:0:0:0
  Drive Letter(s):                        C:
 [Capabilities]
  Volatile Write Cache:                   Present
  Compare Command:                        Supported
  Write Uncorrectable Command:            Supported
  Dataset Management:                     Supported
  Write Zeroes:                           Supported
  Save field set to a non-zero value:     Supported
  Reservations:                           Not Supported
  Timestamp:                              Supported
  Autonomous Power State Transitions:     Supported
  Host Memory Buffer (HMB) Capability:    Not Supported
 [I/O Command Sets]
  NVM Command Set:                        Not Supported
  Key Value (KV) Command Set:             Not Supported
  Zoned Namespace (ZNS) Command Set:      Not Supported
  Subsystem Local Memory Command Set:     Not Supported
  Computational Programs Namespace Command Set: Not Supported
 [Self-Monitoring, Analysis and Reporting Technology (S.M.A.R.T.)]
  Available Space Below Threshold:        OK
  Temperature Exceeded Critical Threshold: OK
  Device Reliablity Degraded:             OK
  Media In Read Only Mode:                OK
  Volatile Memory Backup Device Failed:   OK
  Drive Temperature:                      33 °C
  Warning Temperature Threshold:          84 °C
  Critical Temperature Threshold:         88 °C
  Time Above Warning Temperature Threshold: 0 minutes
  Time Above Critical Temperature Threshold: 0 minutes
  Spare Capacity Available:               100%
  Device Health:                          100%
  Power Cycles:                           127
  Power On Hours:                         10 hours
  Unsafe Shutdowns:                       3
  Media Errors:                           0
  Total Host Reads:                       1.08 TBytes
  Total Host Writes:                      623 GBytes

Audio ---------------------------------------------------------------------


Unknown or none -----------------------------------------------------------


Network -------------------------------------------------------------------


Airgo Networks/Qualcomm WCN6856/QCNFA765 Wireless Network Adapter ---------

 [General Information]
  Network Card:                           Airgo Networks/Qualcomm WCN6856/QCNFA765 Wireless Network Adapter
  Vendor Description:                     Microsoft
  MAC Address:                            5A-CD-C9-F0-80-1D
 [Capabilities]
  Maximum Link Speed:                     2100 Mbps
  Current Link Speed:                     2100 Mbps
  Transmit Buffer Size:                   6201344 Bytes
  Receive Buffer Size:                    6201344 Bytes
  Hardware ID:                            PCI\VEN_17CB&DEV_1103&SUBSYS_E108105B&REV_01
 [Driver Information]
  Driver Manufacturer:                    Qualcomm Communications Inc.
  Driver Description:                     Qualcomm FastConnect 6900 Wi-Fi 6E Dual Band Simultaneous (DBS) WiFiCx Network Adapter
  Driver Provider:                        Qualcomm Communications Inc.
  Driver Version:                         1.0.4074.5800
  Driver Date:                            07-Jul-2024
  DeviceInstanceId                        PCI\VEN_17CB&DEV_1103&SUBSYS_E108105B&REV_01\4&1C17455D&0&0000
  Location Paths                          PCIROOT(400)#PCI(0000)#PCI(0000)

Ports ---------------------------------------------------------------------


USB -----------------------------------------------------------------------


Qualcomm(R) USB3(TM) eXtensible Host Controller ---------------------------


Root Hub ------------------------------------------------------------------


[Port1] : No Device Connected ---------------------------------------------


[Port2] : No Device Connected ---------------------------------------------


[Port3] : No Device Connected ---------------------------------------------


[Port4] : No Device Connected ---------------------------------------------


Smart Battery -------------------------------------------------------------


Battery #0 ----------------------------------------------------------------

 [General Properties]
  Device Name:                            	GD03059XL***********
  Manufacturer Name:                      333-2C-2E-A
  Manufacture Date:                       6-5-2024
  Serial Number:                          
  Unique ID:                              333-2C-2E-A6023
  Chemistry:                              
  Designed Capacity:                      59160 mWh
  Full Charged Capacity:                  59950 mWh
  Wear Level:                             0.0 %
  Cycle Count:                            1
 [Current Power Status]
  Power Status:                           Discharging
  Current Capacity:                       40167 mWh (67.0 %)
  Current Voltage:                        11.940 V
  Discharge Rate:                         -10996 mW
  Temperature:                            24.1 C
