HWiNFO® ARM64 Version 8.24-5700

HP-xxxxxxxxxx -------------------------------------------------------------

 [Current Computer]
  Computer Name:                          
  Computer Description:                   
  Computer Brand Name:                    HP HP EliteBook 6 G1q 14 inch Notebook Next Gen AI PC
 [Operating System]
  Operating System:                       Microsoft Windows 11 Professional (ARM64) Build 26100.3323 (24H2)
  UEFI Boot:                              Present
  Secure Boot:                            Disabled
  Hypervisor-protected Code Integrity (HVCI): Enabled

Central Processor(s) ------------------------------------------------------

 [CPU Unit Count]
  Number Of Processor Packages (Physical): 1
  Number Of Processor Cores:              8
  Number Of Logical Processors:           8

Qualcomm Snapdragon X Plus X1P-42-100 -------------------------------------

 [General Information]
  Processor Name:                         Qualcomm Snapdragon X Plus X1P-42-100
  Original Processor Frequency:           3300.0 MHz
  Original Processor Frequency [MHz]:     3300
  CPU Code Name:                          Oryon
  Number of CPU Cores:                    4 x Oryon P2, 4 x Oryon P1
 [Cache and TLB]
  L1 Cache (Oryon P2 Cores):              Instruction: 4 x 192 KBytes, Data: 4 x 96 KBytes
  L1 Cache (Oryon P1 Cores):              Instruction: 4 x 192 KBytes, Data: 4 x 96 KBytes
  L2 Cache (Oryon P2 Cores):              Integrated: 12 MBytes
  L2 Cache (Oryon P1 Cores):              Integrated: 12 MBytes

Motherboard ---------------------------------------------------------------

 [Computer]
  Computer Brand Name:                    HP HP EliteBook 6 G1q 14 inch Notebook Next Gen AI PC
 [Motherboard]
  Motherboard Model:                      103C_5336AN HP EliteBook
 [BIOS]
  BIOS Manufacturer:                      Insyde
  BIOS Date:                              02/20/2025
  BIOS Version:                           X68 Ver.92.04.04
  Trusted Platform Module (TPM) Chip:     Trustzone, version 2.0

ACPI Devices --------------------------------------------------------------


HID Button over Interrupt Driver ------------------------------------------

  Device Name:                            HID Button over Interrupt Driver
 [Assigned Resources]
  IRQ:                                    32770
 [Alternative 1]
  IRQ:                                    32770
  IRQ:                                    32771
  IRQ:                                    32772

I2C HID Device ------------------------------------------------------------

  Device Name:                            I2C HID Device
 [Assigned Resources]
 [Alternative 1]
  IRQ:                                    32797

PCI Express Root Complex --------------------------------------------------

  Device Name:                            PCI Express Root Complex
 [Assigned Resources]
  Memory Location:                        7A000000 - 7BFFFFFF
 [Alternative 1]
  Memory Location:                        7A000000 - 7BFFFFFF
  Memory Location:                        40200000

PCI Express Root Complex --------------------------------------------------

  Device Name:                            PCI Express Root Complex
 [Assigned Resources]
  Memory Location:                        7C300000 - 7DFFFFFF
 [Alternative 1]
  Memory Location:                        7C300000 - 7DFFFFFF

PCI Express Root Complex --------------------------------------------------

  Device Name:                            PCI Express Root Complex
 [Assigned Resources]
  Memory Location:                        7E300000 - 7FFFFFFF
 [Alternative 1]
  Memory Location:                        7E300000 - 7FFFFFFF

PCI Express Root Complex --------------------------------------------------

  Device Name:                            PCI Express Root Complex
 [Assigned Resources]
  Memory Location:                        70300000 - 71FFFFFF
 [Alternative 1]
  Memory Location:                        70300000 - 71FFFFFF

Qualcomm(R) System Manager Device -----------------------------------------

  Device Name:                            Qualcomm(R) System Manager Device
 [Assigned Resources]
  IRQ:                                    32768
 [Alternative 1]
  Memory Location:                        81F1E000
  IRQ:                                    32768

Qualcomm(R) Inter Processor Communication Interrupt Device ----------------

  Device Name:                            Qualcomm(R) Inter Processor Communication Interrupt Device
 [Assigned Resources]
  IRQ:                                    261
 [Alternative 1]
  IRQ:                                    261
  IRQ:                                    262
  IRQ:                                    263
  IRQ:                                    900

Qualcomm(R) Bam Bus Device ------------------------------------------------

  Device Name:                            Qualcomm(R) Bam Bus Device
 [Assigned Resources]
  Memory Location:                        01DC4000 - 01DEBFFF
 [Alternative 1]
  Memory Location:                        01DC4000 - 01DEBFFF
  IRQ:                                    304

Qualcomm(R) Bam Bus Device ------------------------------------------------

  Device Name:                            Qualcomm(R) Bam Bus Device
 [Assigned Resources]
  Memory Location:                        06C04000 - 06C23FFF
 [Alternative 1]
  Memory Location:                        06C04000 - 06C23FFF
  IRQ:                                    196

Qualcomm(R) SPMI Bus Device -----------------------------------------------

  Device Name:                            Qualcomm(R) SPMI Bus Device
 [Assigned Resources]
  Memory Location:                        0C400000 - 0C8FFFFF
 [Alternative 1]
  Memory Location:                        0C400000 - 0C8FFFFF

Qualcomm(R) System Manager GPIO Device ------------------------------------

  Device Name:                            Qualcomm(R) System Manager GPIO Device
 [Assigned Resources]
  Memory Location:                        0F100000 - 0FFFFFFF
  IRQ:                                    240
  IRQ:                                    659
  IRQ:                                    642
 [Alternative 1]
  Memory Location:                        0F100000
  IRQ:                                    240
  IRQ:                                    240
  IRQ:                                    240
  IRQ:                                    240
  IRQ:                                    598
  IRQ:                                    760
  IRQ:                                    595
  IRQ:                                    659
  IRQ:                                    602
  IRQ:                                    604
  IRQ:                                    645
  IRQ:                                    642
  IRQ:                                    649
  IRQ:                                    756
  IRQ:                                    594
  IRQ:                                    578

Qualcomm(R) SPI Bus Device ------------------------------------------------

  Device Name:                            Qualcomm(R) SPI Bus Device
 [Assigned Resources]
  Memory Location:                        00A88000 - 00A8BFFF
 [Alternative 1]
  Memory Location:                        00A88000 - 00A8BFFF
  IRQ:                                    834

Qualcomm(R) I2C Bus Device ------------------------------------------------

  Device Name:                            Qualcomm(R) I2C Bus Device
 [Assigned Resources]
  Memory Location:                        00B80000 - 00B83FFF
 [Alternative 1]
  Memory Location:                        00B80000 - 00B83FFF
  IRQ:                                    405

Qualcomm(R) I2C Bus Device ------------------------------------------------

  Device Name:                            Qualcomm(R) I2C Bus Device
 [Assigned Resources]
  Memory Location:                        00884000 - 00887FFF
 [Alternative 1]
  Memory Location:                        00884000 - 00887FFF
  IRQ:                                    841

Qualcomm(R) I2C Bus Device ------------------------------------------------

  Device Name:                            Qualcomm(R) I2C Bus Device
 [Assigned Resources]
  Memory Location:                        00B84000 - 00B87FFF
 [Alternative 1]
  Memory Location:                        00B84000 - 00B87FFF
  IRQ:                                    615

Qualcomm(R) I2C Bus Device ------------------------------------------------

  Device Name:                            Qualcomm(R) I2C Bus Device
 [Assigned Resources]
  Memory Location:                        00B8C000 - 00B8FFFF
 [Alternative 1]
  Memory Location:                        00B8C000 - 00B8FFFF
  IRQ:                                    617

Qualcomm(R) I2C Bus Device ------------------------------------------------

  Device Name:                            Qualcomm(R) I2C Bus Device
 [Assigned Resources]
  Memory Location:                        00B90000 - 00B93FFF
 [Alternative 1]
  Memory Location:                        00B90000 - 00B93FFF
  IRQ:                                    618

Qualcomm(R) I2C Bus Device ------------------------------------------------

  Device Name:                            Qualcomm(R) I2C Bus Device
 [Assigned Resources]
  Memory Location:                        00B94000 - 00B97FFF
 [Alternative 1]
  Memory Location:                        00B94000 - 00B97FFF
  IRQ:                                    619

Qualcomm(R) I2C Bus Device ------------------------------------------------

  Device Name:                            Qualcomm(R) I2C Bus Device
 [Assigned Resources]
  Memory Location:                        00B9C000 - 00B9FFFF
 [Alternative 1]
  Memory Location:                        00B9C000 - 00B9FFFF
  IRQ:                                    494

Qualcomm(R) I2C Bus Device ------------------------------------------------

  Device Name:                            Qualcomm(R) I2C Bus Device
 [Assigned Resources]
  Memory Location:                        00A80000 - 00A83FFF
 [Alternative 1]
  Memory Location:                        00A80000 - 00A83FFF
  IRQ:                                    832

Qualcomm(R) Analog-to-Digital Converter Device ----------------------------

  Device Name:                            Qualcomm(R) Analog-to-Digital Converter Device
 [Assigned Resources]
 [Alternative 1]
  IRQ:                                    32781
  IRQ:                                    32782

Qualcomm(R) Bus Device ----------------------------------------------------

  Device Name:                            Qualcomm(R) Bus Device
 [Assigned Resources]
  Memory Location:                        00894000 - 00897FFF
 [Alternative 1]
  Memory Location:                        00894000 - 00897FFF
  IRQ:                                    845
  IRQ:                                    32784

Qualcomm(R) Bus Device ----------------------------------------------------

  Device Name:                            Qualcomm(R) Bus Device
 [Assigned Resources]
  Memory Location:                        00A98000 - 00A9BFFF
 [Alternative 1]
  Memory Location:                        00A98000 - 00A9BFFF
  IRQ:                                    838
  IRQ:                                    32783

Qualcomm Audio DSP Subsystem Device ---------------------------------------

  Device Name:                            Qualcomm Audio DSP Subsystem Device
 [Assigned Resources]
  IRQ:                                    518
 [Alternative 1]
  IRQ:                                    518

Qualcomm(R) System Manager PMIC GPIO Framework Extension Device -----------

  Device Name:                            Qualcomm(R) System Manager PMIC GPIO Framework Extension Device
 [Assigned Resources]
  IRQ:                                    513
 [Alternative 1]
  IRQ:                                    513
  IRQ:                                    515

Qualcomm(R) Bluetooth UART Transport Driver -------------------------------

  Device Name:                            Qualcomm(R) Bluetooth UART Transport Driver
 [Assigned Resources]
 [Alternative 1]

Qualcomm(R) Power Management FGBCL Device ---------------------------------

  Device Name:                            Qualcomm(R) Power Management FGBCL Device
 [Assigned Resources]
  IRQ:                                    32773
  IRQ:                                    32777
 [Alternative 1]
  IRQ:                                    32773
  IRQ:                                    32774
  IRQ:                                    32775
  IRQ:                                    32776
  IRQ:                                    32777
  IRQ:                                    32778
  IRQ:                                    32779
  IRQ:                                    32780

Qualcomm(R) System Manager Device -----------------------------------------

  Device Name:                            Qualcomm(R) System Manager Device
 [Assigned Resources]
  Memory Location:                        010C3000 - 010C3FFF
 [Alternative 1]
  Memory Location:                        010C3000 - 010C3FFF

Qualcomm(R) Bus Device ----------------------------------------------------

  Device Name:                            Qualcomm(R) Bus Device
 [Assigned Resources]
  Memory Location:                        00B04000 - 00B5BFFF
 [Alternative 1]
  Memory Location:                        00B04000 - 00B5BFFF
  IRQ:                                    620
  IRQ:                                    621

Qualcomm(R) Bus Device ----------------------------------------------------

  Device Name:                            Qualcomm(R) Bus Device
 [Assigned Resources]
  Memory Location:                        00A04000 - 00A5BFFF
 [Alternative 1]
  Memory Location:                        00A04000 - 00A5BFFF
  IRQ:                                    808
  IRQ:                                    809

Qualcomm(R) Bus Device ----------------------------------------------------

  Device Name:                            Qualcomm(R) Bus Device
 [Assigned Resources]
  Memory Location:                        00804000 - 0085BFFF
 [Alternative 1]
  Memory Location:                        00804000 - 0085BFFF
  IRQ:                                    820
  IRQ:                                    821

Synopsys USB 3.0 Dual-Role Controller -------------------------------------

  Device Name:                            Synopsys USB 3.0 Dual-Role Controller
 [Assigned Resources]
  Memory Location:                        0A600000 - 0A6FFFFE
 [Alternative 1]
  Memory Location:                        0A600000 - 0A6FFFFE

Synopsys USB 3.0 Dual-Role Controller -------------------------------------

  Device Name:                            Synopsys USB 3.0 Dual-Role Controller
 [Assigned Resources]
  Memory Location:                        0A800000 - 0A8FFFFE
 [Alternative 1]
  Memory Location:                        0A800000 - 0A8FFFFE

Qualcomm(R) PCIe Platform Extension Plugin --------------------------------

  Device Name:                            Qualcomm(R) PCIe Platform Extension Plugin
 [Assigned Resources]
  I/O Port:                               0003 - 0002
  I/O Port:                               0006 - 0005
  IRQ:                                    505
  IRQ:                                    790
  IRQ:                                    0
 [Alternative 1]
  IRQ:                                    505
  IRQ:                                    638
  IRQ:                                    464
  IRQ:                                    199
  IRQ:                                    790
  IRQ:                                    779
  IRQ:                                    32769

USB xHCI Compliant Host Controller ----------------------------------------

  Device Name:                            USB xHCI Compliant Host Controller
 [Assigned Resources]
  Memory Location:                        0A000000 - 0A0FFFFE
  IRQ:                                    564
 [Alternative 1]
  Memory Location:                        0A000000
  IRQ:                                    385
  IRQ:                                    402
  IRQ:                                    522
  IRQ:                                    564
  IRQ:                                    565

Qualcomm(R) USB Type-C Device ---------------------------------------------

  Device Name:                            Qualcomm(R) USB Type-C Device
 [Assigned Resources]
  I/O Port:                               0023 - 0022
  I/O Port:                               0027 - 0026
  I/O Port:                               002B - 002A
  I/O Port:                               002F - 002E
  I/O Port:                               0033 - 0032
  Memory Location:                        81F20040 - 81F2006E
 [Alternative 1]
  Memory Location:                        81F20040 - 81F2006E

Qualcomm Compute DSP Subsystem Device -------------------------------------

  Device Name:                            Qualcomm Compute DSP Subsystem Device
 [Assigned Resources]
  IRQ:                                    610
 [Alternative 1]
  IRQ:                                    610

Qualcomm(R) EVA Device ----------------------------------------------------

  Device Name:                            Qualcomm(R) EVA Device
 [Assigned Resources]
  IRQ:                                    266
 [Alternative 1]
  Memory Location:                        0AB00000
  Memory Location:                        00400000 - 004FFFFF
  Memory Location:                        00110000 - 0014FFFF
  IRQ:                                    266

USB xHCI Compliant Host Controller ----------------------------------------

  Device Name:                            USB xHCI Compliant Host Controller
 [Assigned Resources]
  Memory Location:                        0A400000 - 0A4FFFFE
  IRQ:                                    346
  IRQ:                                    560
 [Alternative 1]
  Memory Location:                        0A400000
  IRQ:                                    339
  IRQ:                                    345
  IRQ:                                    562
  IRQ:                                    346
  IRQ:                                    563
  IRQ:                                    558
  IRQ:                                    559
  IRQ:                                    560
  IRQ:                                    561

USB xHCI Compliant Host Controller ----------------------------------------

  Device Name:                            USB xHCI Compliant Host Controller
 [Assigned Resources]
  Memory Location:                        0A200000 - 0A2FFFFE
  IRQ:                                    557
 [Alternative 1]
  Memory Location:                        0A200000
  IRQ:                                    272
  IRQ:                                    277
  IRQ:                                    556
  IRQ:                                    557

I2C HID Device ------------------------------------------------------------

  Device Name:                            I2C HID Device
 [Assigned Resources]
 [Alternative 1]
  IRQ:                                    32796

UCM-UCSI ACPI Device ------------------------------------------------------

  Device Name:                            UCM-UCSI ACPI Device
 [Assigned Resources]
  Memory Location:                        81F20000 - 81F2002F
 [Alternative 1]
  Memory Location:                        81F20000 - 81F2002F

Qualcomm System MMU Device ------------------------------------------------

  Device Name:                            Qualcomm System MMU Device
 [Assigned Resources]
  Memory Location:                        15000000 - 150FFFFF
  IRQ:                                    132
  IRQ:                                    136
  IRQ:                                    140
  IRQ:                                    144
  IRQ:                                    148
  IRQ:                                    214
  IRQ:                                    218
  IRQ:                                    222
  IRQ:                                    348
  IRQ:                                    352
  IRQ:                                    356
 [Alternative 1]
  Memory Location:                        15000000
  IRQ:                                    129
  IRQ:                                    130
  IRQ:                                    131
  IRQ:                                    132
  IRQ:                                    133
  IRQ:                                    134
  IRQ:                                    135
  IRQ:                                    136
  IRQ:                                    137
  IRQ:                                    138
  IRQ:                                    139
  IRQ:                                    140
  IRQ:                                    141
  IRQ:                                    142
  IRQ:                                    143
  IRQ:                                    144
  IRQ:                                    145
  IRQ:                                    146
  IRQ:                                    147
  IRQ:                                    148
  IRQ:                                    149
  IRQ:                                    150
  IRQ:                                    213
  IRQ:                                    214
  IRQ:                                    215
  IRQ:                                    216
  IRQ:                                    217
  IRQ:                                    218
  IRQ:                                    219
  IRQ:                                    220
  IRQ:                                    221
  IRQ:                                    222
  IRQ:                                    223
  IRQ:                                    224
  IRQ:                                    347
  IRQ:                                    348
  IRQ:                                    349
  IRQ:                                    350
  IRQ:                                    351
  IRQ:                                    352
  IRQ:                                    353
  IRQ:                                    354
  IRQ:                                    355
  IRQ:                                    356
  IRQ:                                    357
  IRQ:                                    358
  IRQ:                                    359
  IRQ:                                    360
  IRQ:                                    361
  IRQ:                                    362
  IRQ:                                    363
  IRQ:                                    364
  IRQ:                                    365
  IRQ:                                    366
  IRQ:                                    367
  IRQ:                                    368
  IRQ:                                    369
  IRQ:                                    370

Qualcomm System MMU Device ------------------------------------------------

  Device Name:                            Qualcomm System MMU Device
 [Assigned Resources]
  Memory Location:                        03DA0000 - 03DDFFFF
  IRQ:                                    713
 [Alternative 1]
  Memory Location:                        03DA0000
  IRQ:                                    710
  IRQ:                                    711
  IRQ:                                    712
  IRQ:                                    713
  IRQ:                                    714
  IRQ:                                    715
  IRQ:                                    716

Qualcomm Power Engine Plug-in Device --------------------------------------

  Device Name:                            Qualcomm Power Engine Plug-in Device
 [Assigned Resources]
  IRQ:                                    538
  IRQ:                                    540
  IRQ:                                    613
 [Alternative 1]
  IRQ:                                    538
  IRQ:                                    673
  IRQ:                                    539
  IRQ:                                    674
  IRQ:                                    540
  IRQ:                                    675
  IRQ:                                    37
  IRQ:                                    330
  IRQ:                                    613
  IRQ:                                    113
  IRQ:                                    66
  IRQ:                                    60

Qualcomm System Cache Device ----------------------------------------------

  Device Name:                            Qualcomm System Cache Device
 [Assigned Resources]
  Memory Location:                        26200000 - 263FFFFF
 [Alternative 1]
  Memory Location:                        26200000 - 263FFFFF
  IRQ:                                    298

Qualcomm CPU DCVS Cluster 0 Policy Device ---------------------------------

  Device Name:                            Qualcomm CPU DCVS Cluster 0 Policy Device
 [Assigned Resources]
  IRQ:                                    32785
 [Alternative 1]
  IRQ:                                    32785
  IRQ:                                    32786
  IRQ:                                    32787
  IRQ:                                    32788
  IRQ:                                    32789

Qualcomm(R) Adreno(TM) X1-45 GPU ------------------------------------------

  Device Name:                            Qualcomm(R) Adreno(TM) X1-45 GPU
 [Assigned Resources]
  Memory Location:                        0AE00000 - 0AFFFFFF
  IRQ:                                    480
  IRQ:                                    458
  IRQ:                                    333
 [Alternative 1]
  Memory Location:                        0AE00000
  Memory Location:                        00FD0000
  Memory Location:                        03D00000
  Memory Location:                        0B280000
  Memory Location:                        0AA00000
  Memory Location:                        15200000
  IRQ:                                    115
  IRQ:                                    481
  IRQ:                                    480
  IRQ:                                    635
  IRQ:                                    634
  IRQ:                                    459
  IRQ:                                    458
  IRQ:                                    332
  IRQ:                                    336
  IRQ:                                    333
  IRQ:                                    206
  IRQ:                                    800

SMBIOS DMI ----------------------------------------------------------------


BIOS ----------------------------------------------------------------------

  BIOS Vendor:                            Insyde
  BIOS Version:                           X68 Ver.92.04.04
  BIOS Release Date:                      02/20/2025
  BIOS Start Segment:                     0
  BIOS Size:                              16384 KBytes
  System BIOS Version:                    4.4
  Embedded Controller Firmware Version:   25.7
  ISA Support:                            Not Present
  MCA Support:                            Not Present
  EISA Support:                           Not Present
  PCI Support:                            Not Present
  PC Card (PCMCIA) Support:               Not Present
  Plug-and-Play Support:                  Not Present
  APM Support:                            Not Present
  Flash BIOS:                             Not Present
  BIOS Shadow:                            Not Present
  VL-VESA Support:                        Not Present
  ESCD Support:                           Not Present
  Boot from CD:                           Not Present
  Selectable Boot:                        Not Present
  BIOS ROM Socketed:                      Not Present
  Boot from PC Card:                      Not Present
  EDD Support:                            Not Present
  NEC PC-98 Support:                      Not Present
  ACPI Support:                           Present
  USB Legacy Support:                     Not Present
  AGP Support:                            Not Present
  I2O Boot Support:                       Not Present
  LS-120 Boot Support:                    Not Present
  ATAPI ZIP Drive Boot Support:           Not Present
  IEE1394 Boot Support:                   Not Present
  Smart Battery Support:                  Not Present
  BIOS Boot Specification Support:        Not Present
  Function key-initiated Network Service Boot Support: Present
  Targeted Content Distribution Support:  Present
  UEFI Specification Support:             Not Present
  Virtual Machine:                        Not Present

System --------------------------------------------------------------------

  System Manufacturer:                    HP
  Product Name:                           HP EliteBook 6 G1q 14 inch Notebook Next Gen AI PC
  Product Version:                        ConfigID
  Product Serial Number:                  
  UUID:                                   {A9EEE92A-CE48-401A-8D57-5771FA67B44F}
  SKU Number:                             X8VSKU6#ABA
  Family:                                 103C_5336AN HP EliteBook

Mainboard -----------------------------------------------------------------

  Mainboard Manufacturer:                 HP
  Mainboard Name:                         8E06
  Mainboard Version:                      25.07
  Mainboard Serial Number:                
  Asset Tag:                              Type2 - Board Asset Tag
  Location in chassis:                    Type2 - Board Chassis Location

System Enclosure ----------------------------------------------------------

  Manufacturer:                           HP
  Case Type:                              Notebook
  Version:                                Chassis Version
  Serial Number:                          
  Asset Tag Number:                        

Processor -----------------------------------------------------------------

  Processor Manufacturer:                 Qualcomm Technologies Inc
  Processor Version:                      Snapdragon(R) X Plus - X1P42100 - Qualcomm(R) Oryon(TM) CPU
  External Clock:                         N/A
  Maximum Clock Supported:                3300 MHz
  Current Clock:                          2977 MHz
  CPU Socket:                             Populated
  CPU Status:                             Enabled
  Processor Type:                         Central Processor
  Processor Voltage:                      1.1 V
  Processor Upgrade:                      None
  Socket Designation:                     Qualcomm

L1 Instruction Cache ------------------------------------------------------

  Socket Designation:                     L1 Instruction Cache
  Cache State:                            Enabled
  Cache Location:                         Internal
  Cache Type:                             L1 Instruction
  Cache Scheme:                           Write-Through and Write-Back
  Supported SRAM Type:                    
  Current SRAM Type:                      
  Cache Speed:                            Unknown
  Error Correction Type:                  Parity
  Maximum Cache Size:                     1536 KBytes
  Installed Cache Size:                   1536 KBytes
  Cache Associativity:                    16-way Set-Associative

L1 Data Cache -------------------------------------------------------------

  Socket Designation:                     L1 Data Cache
  Cache State:                            Enabled
  Cache Location:                         Internal
  Cache Type:                             L1 Data
  Cache Scheme:                           Write-Through and Write-Back
  Supported SRAM Type:                    
  Current SRAM Type:                      
  Cache Speed:                            Unknown
  Error Correction Type:                  Parity
  Maximum Cache Size:                     768 KBytes
  Installed Cache Size:                   768 KBytes
  Cache Associativity:                    16-way Set-Associative

L2 Cache ------------------------------------------------------------------

  Socket Designation:                     L2 Cache
  Cache State:                            Enabled
  Cache Location:                         Internal
  Cache Type:                             L2 Unified
  Cache Scheme:                           Write-Through and Write-Back
  Supported SRAM Type:                    
  Current SRAM Type:                      
  Cache Speed:                            Unknown
  Error Correction Type:                  Parity
  Maximum Cache Size:                     24576 KBytes
  Installed Cache Size:                   24576 KBytes
  Cache Associativity:                    8-way Set-Associative

On Board Device -----------------------------------------------------------

  Device Description:                     ssttw
  Device Type:                            Audio Device
  Device Status:                          Disabled

OEM Strings ---------------------------------------------------------------













Portable Battery ----------------------------------------------------------

  Battery Location:                       Primary
  Battery Manufacturer:                   Panasonic
  Manufacture Date:                       ManufDate
  Serial Number:                          
  Device Name:                            
  Device Chemistry:                       Zinc Air
  Design Capacity:                        231 mWh
  Design Voltage:                         6 mV
  SBDS Verison Number:                     
  Max. Error in Battery Data:             8
  SBDS Serial Number:                     
  SBDS Manufacture Date:                  0/18/0
  SBDS Device Chemistry:                  

System Boot Information ---------------------------------------------------

  Boot Status:                            No error occurred

On Board Device -----------------------------------------------------------

  Device Description:                     Hanksville Gbe Lan Connection
  Device Type:                            Ethernet Adapter
  Device Status:                          Enabled
  Base Segment:Bus:Device:Function Number: 3:1:0:0

On Board Device -----------------------------------------------------------

  Device Description:                     WLAN
  Device Type:                            Unknown
  Device Status:                          Enabled
  Base Segment:Bus:Device:Function Number: 4:1:0:0

TPM -----------------------------------------------------------------------

  TPM Specification Version:              0.0
  TPM Vendor:                             
  TPM Description:                        TPM Device

Memory Devices ------------------------------------------------------------


Physical Memory Array -----------------------------------------------------

  Array Location:                         System board
  Array Use:                              System memory
  Error Detecting Method:                 None
  Memory Capacity:                        32 GBytes
  Memory Devices:                         1

Memory Device -------------------------------------------------------------

  Total Width:                            16 bits
  Data Width:                             16 bits
  Device Size:                            32768 MBytes
  Device Form Factor:                     TSOP
  Device Locator:                         Top - on board
  Bank Locator:                           Bank 0
  Device Type:                            LPDDR5
  Device Type Detail:                     
  Memory Speed:                           8448 MT/s
  Configured Memory Speed:                8448 MT/s
  Manufacturer:                           Micron
  Serial Number:                          
  Part Number:                            Not Available
  Asset Tag:                              Not Available

Memory Array Mapped Address -----------------------------------------------

  Starting Address:                       2147483648
  Ending Address:                         5105120534593535
  Partition Width:                        1

Memory Device Mapped Address ----------------------------------------------

  Starting Address:                       00000000
  Ending Address:                         01FFFBFF
  Partition Row Position:                 Unknown
  Interleave Position:                    1
  Interleave Data Depth:                  1

Port Connectors -----------------------------------------------------------


SAS -----------------------------------------------------------------------

  Port Type:                              SAS
  Internal Reference:                     Ctrl0Port0
  Internal Connector Type:                SAS/SATA Plug Receptacle
  External Reference:                     Primary HDD Bay*
  External Connector Type:                SAS/SATA Plug Receptacle

SATA ----------------------------------------------------------------------

  Port Type:                              SATA
  Internal Reference:                     Ctrl0Port1
  Internal Connector Type:                SAS/SATA Plug Receptacle
  External Reference:                     Secondary HDD Bay*
  External Connector Type:                SAS/SATA Plug Receptacle

Video Port ----------------------------------------------------------------

  Port Type:                              Video Port
  Internal Reference:                     HDMI
  Internal Connector Type:                Proprietary
  External Reference:                     HDMI Port 1
  External Connector Type:                Unknown

Video Port ----------------------------------------------------------------

  Port Type:                              Video Port
  Internal Reference:                     DisplayPort
  Internal Connector Type:                None
  External Reference:                     DisplayPort 1
  External Connector Type:                Unknown

System Slots --------------------------------------------------------------


1234 ----------------------------------------------------------------------

  Slot Designation:                       1234
  Slot Type:                              MCA
  Slot Usage:                             Unknown
  Slot Data Bus Width:                    64-bit
  Slot Length:                            Unknown
  Base Segment:Bus:Device:Function Number: 0:4:0:6

Memory --------------------------------------------------------------------

 [General Information]
  Total Memory Size:                      32 GBytes
  Total Memory Size [MB]:                 32768
 [Current Performance Settings]

Bus -----------------------------------------------------------------------


Video Adapter -------------------------------------------------------------


Qualcomm Qualcomm(R) Adreno(TM) Graphics ----------------------------------

 [Video Chipset]
  Video Chipset:                          Qualcomm Qualcomm(R) Adreno(TM) Graphics
  Video Memory:                           Unknown
 [Video Card]
  Video Bus:                              Integrated
  GPU Type:                               Integrated
  Video RAMDAC:                           InternalDAC
 [Performance]
  Graphics Processor Clock:               280.0 MHz
  Graphics Memory Clock:                  800.0 MHz
 [Driver Information]
  Driver Manufacturer:                    Qualcomm Incorporated
  Driver Description:                     Qualcomm(R) Adreno(TM) X1-45 GPU
  Driver Provider:                        Qualcomm Incorporated
  Driver Version:                         31.0.91.0
  Driver Date:                            24-Jan-2025
  DeviceInstanceId                        ACPI\VEN_QCOM&DEV_0D17&SUBSYS_CRD08380&REV_0001\0
  Location Paths                          ACPI(_SB_)#ACPI(GPU0)

Monitor -------------------------------------------------------------------


AU Optronics [Unknown Model: AUO0DB3] -------------------------------------

 [General Information]
  Monitor Name:                           AU Optronics [Unknown Model: AUO0DB3]
  Serial Number:                          
  Date Of Manufacture:                    Week: 27, Year: 2024
  Monitor Hardware ID:                    Monitor\AUO0DB3
  Max. Vertical Size:                     19 cm
  Max. Horizontal Size:                   30 cm
 [Advanced parameters]
  Input Signal:                           Digital
  Color Bit Depth:                        8 Bits per Primary Color
  Digital Video Interface Standard Supported: DisplayPort
  Gamma Factor:                           2.20
 [DPMS Modes]
  Standby:                                Not Supported
  Suspend:                                Not Supported
  Active Off:                             Not Supported
  Standard Colour Space (sRGB) Default:   Not Supported
  Preferred Timing Mode:                  Supported
  Default GTF (Continuous Frequency):     Supported
  DFP 1.x Compatible:                     Yes
 [Supported Video Modes]
  1920 x 1200                             301 x 188 mm, Pixel Clock 156.30 MHz
  1920 x 1200                             301 x 188 mm, Pixel Clock 104.20 MHz
 [Driver Information]
  Driver Manufacturer:                    Microsoft
  Driver Description:                     Generic PnP Monitor
  Driver Provider:                        Microsoft
  Driver Version:                         10.0.26100.3037
  Driver Date:                            20-Jun-2006
  DeviceInstanceId                        DISPLAY\AUO0DB3\3&F2D97F6&1&UID0
  Location Paths                          ACPI(_SB_)#ACPI(GPU0)#ACPI(MON0)

Drives --------------------------------------------------------------------


(S)ATA/ATAPI Drives -------------------------------------------------------


NVMe Drives ---------------------------------------------------------------


WD PC SN5000S SDEPNSJ-512G-1006 -------------------------------------------

 [General Information]
  Host Controller:                        Sandisk, Device ID: 5036
  Drive Model:                            WD PC SN5000S SDEPNSJ-512G-1006
  Drive Serial Number:                    
  Drive Firmware Revision:                HPS1N5A
  NVMe Version Supported:                 v2.0
  Drive Capacity:                         488,386 MBytes (512 GB)
  Drive Capacity [MB]:                    488386
  SCSI Address:                           0:0:0:0
  Drive Letter(s):                        C:
 [Capabilities]
  Volatile Write Cache:                   Present
  Compare Command:                        Supported
  Write Uncorrectable Command:            Supported
  Dataset Management:                     Supported
  Write Zeroes:                           Supported
  Save field set to a non-zero value:     Supported
  Reservations:                           Not Supported
  Timestamp:                              Supported
  Autonomous Power State Transitions:     Supported
  Host Memory Buffer (HMB) Capability:    Supported
  Host Memory Buffer (HMB) Minimum Size:  3292 KBytes
  Host Memory Buffer (HMB) Preferred Size: 64 MBytes
  Host Memory Buffer (HMB) Status:        Enabled
  Host Memory Buffer (HMB) Enabled Size:  64 MBytes
 [I/O Command Sets]
  NVM Command Set:                        Not Supported
  Key Value (KV) Command Set:             Not Supported
  Zoned Namespace (ZNS) Command Set:      Not Supported
  Subsystem Local Memory Command Set:     Not Supported
  Computational Programs Namespace Command Set: Not Supported
 [Self-Monitoring, Analysis and Reporting Technology (S.M.A.R.T.)]
  Available Space Below Threshold:        OK
  Temperature Exceeded Critical Threshold: OK
  Device Reliablity Degraded:             OK
  Media In Read Only Mode:                OK
  Volatile Memory Backup Device Failed:   OK
  Drive Temperature:                      30 °C
  Warning Temperature Threshold:          84 °C
  Critical Temperature Threshold:         88 °C
  Time Above Warning Temperature Threshold: 0 minutes
  Time Above Critical Temperature Threshold: 0 minutes
  Spare Capacity Available:               100%
  Device Health:                          100%
  Power Cycles:                           145
  Power On Hours:                         41 hours
  Unsafe Shutdowns:                       53
  Media Errors:                           0
  Total Host Reads:                       345 GBytes
  Total Host Writes:                      492 GBytes

Audio ---------------------------------------------------------------------


Unknown or none -----------------------------------------------------------


Network -------------------------------------------------------------------


Realtek PCIe GbE Family Controller ----------------------------------------

 [General Information]
  Network Card:                           Realtek PCIe GbE Family Controller
  Vendor Description:                     Realtek PCIe GbE Family Controller
  MAC Address:                            48-EA-62-8E-B8-4B
 [Capabilities]
  Maximum Link Speed:                     1 Gbps
  Current Link Speed:                     1 Gbps
  Transmit Buffer Size:                   193792 Bytes
  Receive Buffer Size:                    775168 Bytes

Ports ---------------------------------------------------------------------


USB -----------------------------------------------------------------------


Qualcomm(R) USB3(TM) eXtensible Host Controller ---------------------------


Root Hub ------------------------------------------------------------------


[Port1] : No Device Connected ---------------------------------------------


[Port2] : No Device Connected ---------------------------------------------


[Port3] : No Device Connected ---------------------------------------------


[Port4] : No Device Connected ---------------------------------------------


Qualcomm(R) USB3(TM) eXtensible Host Controller ---------------------------


Root Hub ------------------------------------------------------------------


[Port1] : ELAN Microelectronics, PID=0C82 ---------------------------------

 [Device Information]
  Device Manufacturer:                    ELAN Microelectronics
  Product Name:                           ELAN Microelectronics, PID=0C82
  Serial Number:                          
  USB Version Supported:                  2.00
  USB Device Speed:                       USB 1.1 Full-speed
  Driver Description:                     ELAN WBF Fingerprint Sensor
  Hardware ID:                            USB\VID_04F3&PID_0C82
 [Driver Information]
  Driver Manufacturer:                    ELAN Finger Print ARM64
  Driver Description:                     ELAN WBF Fingerprint Sensor
  Driver Provider:                        ELAN Finger Print ARM64
  Driver Version:                         3.2.12011.21003
  Driver Date:                            22-Oct-2024
  DeviceInstanceId                        USB\VID_04F3&PID_0C82\4&2179414E&0&1
  Location Paths                          ACPI(_SB_)#ACPI(USB2)#ACPI(RHUB)#ACPI(PRT0)

[Port2] : No Device Connected ---------------------------------------------


Qualcomm(R) USB3(TM) eXtensible Host Controller ---------------------------


Root Hub ------------------------------------------------------------------


[Port1] : Chicony Electronics, PID=B82C -----------------------------------

 [Device Information]
  Device Manufacturer:                    Chicony Electronics
  Product Name:                           Chicony Electronics, PID=B82C
  Serial Number:                          
  USB Version Supported:                  2.01
  USB Device Speed:                       USB 2.0 High-speed
  Driver Description:                     USB Composite Device
  Hardware ID:                            USB\VID_04F2&PID_B82C
 [Driver Information]
  Driver Manufacturer:                    Microsoft
  Driver Description:                     USB Composite Device
  Driver Provider:                        Microsoft
  Driver Version:                         10.0.26100.1882
  Driver Date:                            20-Jun-2006
  DeviceInstanceId                        USB\VID_04F2&PID_B82C\01.00.00
  Location Paths                          ACPI(_SB_)#ACPI(USB4)#ACPI(RHUB)#ACPI(PRT0)

Smart Battery -------------------------------------------------------------


Battery #0 ----------------------------------------------------------------

 [General Properties]
  Device Name:                            	RX03048XL«««««««««««
  Manufacturer Name:                      333-2D-3D-A
  Manufacture Date:                       6-30-2024
  Serial Number:                          
  Unique ID:                              333-2D-3D-A2131
  Chemistry:                              
  Designed Capacity:                      48840 mWh
  Full Charged Capacity:                  49810 mWh
  Wear Level:                             0.0 %
  Cycle Count:                            1
 [Current Power Status]
  Power Status:                           On AC Power
  Current Capacity:                       49810 mWh (100.0 %)
  Current Voltage:                        13.068 V
  Temperature:                            27.6 C
