HWiNFO® ARM64 Version 8.34-5870

DESKTOP-2SO63A4 -----------------------------------------------------------

 [Current Computer]
  Computer Name:                          DESKTOP-2SO63A4
  Computer Brand Name:                    HUAWEI GK-W7X
 [Operating System]
  Operating System:                       Microsoft Windows 11 Professional (ARM64) Build 26100.6899 (24H2)
  UEFI Boot:                              Present
  Secure Boot:                            Disabled
  Hypervisor-protected Code Integrity (HVCI): Enabled

Central Processor(s) ------------------------------------------------------

 [CPU Unit Count]
  Number Of Processor Packages (Physical): 1
  Number Of Processor Cores:              8
  Number Of Logical Processors:           8

Qualcomm Snapdragon 8cx Gen 3 ---------------------------------------------

 [General Information]
  Processor Name:                         Qualcomm Snapdragon 8cx Gen 3
  Original Processor Frequency:           2688.0 MHz
  Original Processor Frequency [MHz]:     2688
  Number of CPU Cores:                    4 x Cortex-A78, 4 x Cortex-X1
 [Cache and TLB]
  L1 Cache (Cortex-A78 Cores):            Instruction: 4 x 32 KBytes, Data: 4 x 32 KBytes
  L1 Cache (Cortex-X1 Cores):             Instruction: 4 x 64 KBytes, Data: 4 x 64 KBytes
  L2 Cache (Cortex-A78 Cores):            Integrated: 4 x 512 KBytes
  L2 Cache (Cortex-X1 Cores):             Integrated: 4 x 1 MBytes
  L3 Cache:                               2 MBytes

Motherboard ---------------------------------------------------------------

 [Computer]
  Computer Brand Name:                    HUAWEI GK-W7X
 [Motherboard]
  Motherboard Model:                      MateBook E
 [BIOS]
  BIOS Manufacturer:                      HUAWEI
  BIOS Date:                              01/31/2023
  BIOS Version:                           2.16
  Trusted Platform Module (TPM) Chip:     Trustzone, version 2.0

ACPI Devices --------------------------------------------------------------


HID Button over Interrupt Driver ------------------------------------------

  Device Name:                            HID Button over Interrupt Driver
 [Assigned Resources]
  IRQ:                                    32770
 [Alternative 1]
  IRQ:                                    32770
  IRQ:                                    32771
  IRQ:                                    32772

Goodix Fingerprint SPI Device ---------------------------------------------

  Device Name:                            Goodix Fingerprint SPI Device
 [Assigned Resources]
  IRQ:                                    32769
 [Alternative 1]
  IRQ:                                    32769

THP SPI Device Driver -----------------------------------------------------

  Device Name:                            THP SPI Device Driver
 [Assigned Resources]
 [Alternative 1]
  IRQ:                                    32791
  IRQ:                                    32792

THP SPI Device Driver -----------------------------------------------------

  Device Name:                            THP SPI Device Driver
 [Assigned Resources]
  IRQ:                                    32793
 [Alternative 1]
  IRQ:                                    32793

GPIO Laptop or Slate Indicator Driver -------------------------------------

  Device Name:                            GPIO Laptop or Slate Indicator Driver
 [Assigned Resources]
  IRQ:                                    32773
 [Alternative 1]
  IRQ:                                    32773

PCI Express Root Complex --------------------------------------------------

  Device Name:                            PCI Express Root Complex
 [Assigned Resources]
  Memory Location:                        3C300000 - 3DFFFFFF
 [Alternative 1]
  Memory Location:                        3C300000 - 3DFFFFFF

PCI Express Root Complex --------------------------------------------------

  Device Name:                            PCI Express Root Complex
 [Assigned Resources]
  Memory Location:                        30300000 - 31FFFFFF
 [Alternative 1]
  Memory Location:                        30300000 - 31FFFFFF

Qualcomm(R) System Manager Device -----------------------------------------

  Device Name:                            Qualcomm(R) System Manager Device
 [Assigned Resources]
  IRQ:                                    32768
 [Alternative 1]
  Memory Location:                        8089E000
  IRQ:                                    32768

Qualcomm(R) BAM Bus Device ------------------------------------------------

  Device Name:                            Qualcomm(R) BAM Bus Device
 [Assigned Resources]
  Memory Location:                        01DC4000 - 01DE7FFF
 [Alternative 1]
  Memory Location:                        01DC4000 - 01DE7FFF
  IRQ:                                    304

Qualcomm(R) BAM Bus Device ------------------------------------------------

  Device Name:                            Qualcomm(R) BAM Bus Device
 [Assigned Resources]
  Memory Location:                        03A84000 - 03AB5FFF
 [Alternative 1]
  Memory Location:                        03A84000 - 03AB5FFF
  IRQ:                                    196

Qualcomm(R) BAM Bus Device ------------------------------------------------

  Device Name:                            Qualcomm(R) BAM Bus Device
 [Assigned Resources]
  Memory Location:                        0A904000 - 0A91AFFF
 [Alternative 1]
  Memory Location:                        0A904000 - 0A91AFFF
  IRQ:                                    844

Qualcomm(R) BAM Bus Device ------------------------------------------------

  Device Name:                            Qualcomm(R) BAM Bus Device
 [Assigned Resources]
  Memory Location:                        06064000 - 06078FFF
 [Alternative 1]
  Memory Location:                        06064000 - 06078FFF
  IRQ:                                    199

Qualcomm(R) BAM Bus Device ------------------------------------------------

  Device Name:                            Qualcomm(R) BAM Bus Device
 [Assigned Resources]
  Memory Location:                        0A704000 - 0A71AFFF
 [Alternative 1]
  Memory Location:                        0A704000 - 0A71AFFF
  IRQ:                                    839

Qualcomm(R) SPMI Bus Device -----------------------------------------------

  Device Name:                            Qualcomm(R) SPMI Bus Device
 [Assigned Resources]
  Memory Location:                        0C400000 - 0EBFFFFF
 [Alternative 1]
  Memory Location:                        0C400000 - 0EBFFFFF

Qualcomm(R) System Manager GPIO Device ------------------------------------

  Device Name:                            Qualcomm(R) System Manager GPIO Device
 [Assigned Resources]
  Memory Location:                        0F100000 - 0F3FFFFF
  IRQ:                                    240
  IRQ:                                    274
 [Alternative 1]
  Memory Location:                        0F100000
  IRQ:                                    240
  IRQ:                                    240
  IRQ:                                    240
  IRQ:                                    240
  IRQ:                                    764
  IRQ:                                    552
  IRQ:                                    273
  IRQ:                                    274
  IRQ:                                    301
  IRQ:                                    409
  IRQ:                                    732
  IRQ:                                    676
  IRQ:                                    685
  IRQ:                                    700

Qualcomm(R) SPI Device ----------------------------------------------------

  Device Name:                            Qualcomm(R) SPI Device
 [Assigned Resources]
  Memory Location:                        00890000 - 00893FFF
 [Alternative 1]
  Memory Location:                        00890000 - 00893FFF
  IRQ:                                    618

Qualcomm(R) SPI Device ----------------------------------------------------

  Device Name:                            Qualcomm(R) SPI Device
 [Assigned Resources]
  Memory Location:                        00998000 - 0099BFFF
 [Alternative 1]
  Memory Location:                        00998000 - 0099BFFF
  IRQ:                                    639

Qualcomm(R) I2C Bus Device ------------------------------------------------

  Device Name:                            Qualcomm(R) I2C Bus Device
 [Assigned Resources]
  Memory Location:                        00A9C000 - 00A9FFFF
 [Alternative 1]
  Memory Location:                        00A9C000 - 00A9FFFF
  IRQ:                                    868

Qualcomm(R) I2C Bus Device ------------------------------------------------

  Device Name:                            Qualcomm(R) I2C Bus Device
 [Assigned Resources]
  Memory Location:                        00894000 - 00897FFF
 [Alternative 1]
  Memory Location:                        00894000 - 00897FFF
  IRQ:                                    619

Qualcomm(R) I2C Bus Device ------------------------------------------------

  Device Name:                            Qualcomm(R) I2C Bus Device
 [Assigned Resources]
  Memory Location:                        00984000 - 00987FFF
 [Alternative 1]
  Memory Location:                        00984000 - 00987FFF
  IRQ:                                    634

Qualcomm(R) I2C Bus Device ------------------------------------------------

  Device Name:                            Qualcomm(R) I2C Bus Device
 [Assigned Resources]
  Memory Location:                        00990000 - 00993FFF
 [Alternative 1]
  Memory Location:                        00990000 - 00993FFF
  IRQ:                                    637

Qualcomm(R) I2C Bus Device ------------------------------------------------

  Device Name:                            Qualcomm(R) I2C Bus Device
 [Assigned Resources]
  Memory Location:                        00A8C000 - 00A8FFFF
 [Alternative 1]
  Memory Location:                        00A8C000 - 00A8FFFF
  IRQ:                                    388

Qualcomm(R) I2C Bus Device ------------------------------------------------

  Device Name:                            Qualcomm(R) I2C Bus Device
 [Assigned Resources]
  Memory Location:                        00A90000 - 00A93FFF
 [Alternative 1]
  Memory Location:                        00A90000 - 00A93FFF
  IRQ:                                    389

Qualcomm(R) Analog-to-Digital Converter Device ----------------------------

  Device Name:                            Qualcomm(R) Analog-to-Digital Converter Device
 [Assigned Resources]
 [Alternative 1]
  IRQ:                                    32782
  IRQ:                                    32783

Qualcomm(R) UART Bus Device -----------------------------------------------

  Device Name:                            Qualcomm(R) UART Bus Device
 [Assigned Resources]
  Memory Location:                        00884000 - 00887FFF
 [Alternative 1]
  Memory Location:                        00884000 - 00887FFF
  IRQ:                                    615
  IRQ:                                    32785

Qualcomm(R) UART Bus Device -----------------------------------------------

  Device Name:                            Qualcomm(R) UART Bus Device
 [Assigned Resources]
  Memory Location:                        00988000 - 0098BFFF
 [Alternative 1]
  Memory Location:                        00988000 - 0098BFFF
  IRQ:                                    635
  IRQ:                                    32784

Qualcomm(R) System Manager Power Engine Plug-in Device --------------------

  Device Name:                            Qualcomm(R) System Manager Power Engine Plug-in Device
 [Assigned Resources]
  IRQ:                                    538
  IRQ:                                    604
  IRQ:                                    37
 [Alternative 1]
  IRQ:                                    538
  IRQ:                                    540
  IRQ:                                    539
  IRQ:                                    541
  IRQ:                                    604
  IRQ:                                    641
  IRQ:                                    605
  IRQ:                                    642
  IRQ:                                    37
  IRQ:                                    817
  IRQ:                                    63
  IRQ:                                    64
  IRQ:                                    613

Qualcomm(R) Audio DSP Subsystem Device ------------------------------------

  Device Name:                            Qualcomm(R) Audio DSP Subsystem Device
 [Assigned Resources]
  IRQ:                                    518
 [Alternative 1]
  IRQ:                                    518

Qualcomm(R) Sensor Subsystem Device ---------------------------------------

  Device Name:                            Qualcomm(R) Sensor Subsystem Device
 [Assigned Resources]
  IRQ:                                    198
 [Alternative 1]
  IRQ:                                    198

Qualcomm(R) Spectra(TM) 395 ISP Camera Device -----------------------------

  Device Name:                            Qualcomm(R) Spectra(TM) 395 ISP Camera Device
 [Assigned Resources]
  IRQ:                                    493
  IRQ:                                    798
  IRQ:                                    793
  IRQ:                                    391
  IRQ:                                    496
 [Alternative 1]
  IRQ:                                    493
  IRQ:                                    319
  IRQ:                                    864
  IRQ:                                    799
  IRQ:                                    798
  IRQ:                                    495
  IRQ:                                    501
  IRQ:                                    392
  IRQ:                                    793
  IRQ:                                    792
  IRQ:                                    508
  IRQ:                                    500
  IRQ:                                    391
  IRQ:                                    791
  IRQ:                                    790
  IRQ:                                    497
  IRQ:                                    496
  IRQ:                                    499
  IRQ:                                    498
  IRQ:                                    673
  IRQ:                                    672
  IRQ:                                    796
  IRQ:                                    794
  IRQ:                                    32797

Qualcomm(R) System Manager PMIC GPIO Framework Extension Device -----------

  Device Name:                            Qualcomm(R) System Manager PMIC GPIO Framework Extension Device
 [Assigned Resources]
  IRQ:                                    513
 [Alternative 1]
  IRQ:                                    513

Qualcomm(R) Spectra(TM) 395 ISP Camera Platform Device --------------------

  Device Name:                            Qualcomm(R) Spectra(TM) 395 ISP Camera Platform Device
 [Assigned Resources]
  Memory Location:                        0AC40000 - 0AC40FFF
  Memory Location:                        0AC4C000 - 0AC4CFFF
  IRQ:                                    683
 [Alternative 1]
  Memory Location:                        0AC40000
  Memory Location:                        0AC22000 - 0AC2D3FF
  Memory Location:                        0AC4A000
  Memory Location:                        0AC4B000
  Memory Location:                        0AC4C000
  Memory Location:                        0AC4D000
  IRQ:                                    492
  IRQ:                                    303
  IRQ:                                    683
  IRQ:                                    682
  IRQ:                                    491

Qualcomm(R) Spectra(TM) 395 ISP Camera JPEG Encoder Device ----------------

  Device Name:                            Qualcomm(R) Spectra(TM) 395 ISP Camera JPEG Encoder Device
 [Assigned Resources]
  Memory Location:                        0AC4E000 - 0AC51FFF
 [Alternative 1]
  Memory Location:                        0AC4E000 - 0AC51FFF
  Memory Location:                        0AC52000
  IRQ:                                    506
  IRQ:                                    507

Qualcomm(R) Bluetooth UART Transport Driver -------------------------------

  Device Name:                            Qualcomm(R) Bluetooth UART Transport Driver
 [Assigned Resources]
 [Alternative 1]

Qualcomm(R) Power Management FGBCL Device ---------------------------------

  Device Name:                            Qualcomm(R) Power Management FGBCL Device
 [Assigned Resources]
  IRQ:                                    32774
  IRQ:                                    32778
 [Alternative 1]
  IRQ:                                    32774
  IRQ:                                    32775
  IRQ:                                    32776
  IRQ:                                    32777
  IRQ:                                    32778
  IRQ:                                    32779
  IRQ:                                    32780
  IRQ:                                    32781

Qualcomm(R) GPI Bus Device ------------------------------------------------

  Device Name:                            Qualcomm(R) GPI Bus Device
 [Assigned Resources]
  Memory Location:                        00904000 - 00953FFF
 [Alternative 1]
  Memory Location:                        00904000 - 00953FFF
  IRQ:                                    276
  IRQ:                                    277
  IRQ:                                    279

Qualcomm(R) GPI Bus Device ------------------------------------------------

  Device Name:                            Qualcomm(R) GPI Bus Device
 [Assigned Resources]
  Memory Location:                        00A04000 - 00A53FFF
 [Alternative 1]
  Memory Location:                        00A04000 - 00A53FFF
  IRQ:                                    311
  IRQ:                                    312

Qualcomm(R) GPI Bus Device ------------------------------------------------

  Device Name:                            Qualcomm(R) GPI Bus Device
 [Assigned Resources]
  Memory Location:                        00804000 - 00853FFF
 [Alternative 1]
  Memory Location:                        00804000 - 00853FFF
  IRQ:                                    620
  IRQ:                                    621
  IRQ:                                    623

Synopsys USB 3.0 Dual-Role Controller -------------------------------------

  Device Name:                            Synopsys USB 3.0 Dual-Role Controller
 [Assigned Resources]
  Memory Location:                        0A600000 - 0A6FFFFE
 [Alternative 1]
  Memory Location:                        0A600000 - 0A6FFFFE

Synopsys USB 3.0 Dual-Role Controller -------------------------------------

  Device Name:                            Synopsys USB 3.0 Dual-Role Controller
 [Assigned Resources]
  Memory Location:                        0A800000 - 0A8FFFFE
 [Alternative 1]
  Memory Location:                        0A800000 - 0A8FFFFE

Qualcomm(R) PCIe Platform Extension Plugin --------------------------------

  Device Name:                            Qualcomm(R) PCIe Platform Extension Plugin
 [Assigned Resources]
  I/O Port:                               0003 - 0002
  Memory Location:                        01FCA044 - 01FCA047
  IRQ:                                    0
  DMA:                                    0
 [Alternative 1]
  Memory Location:                        01FCA044
  Memory Location:                        01FCF024

Qualcomm(R) Spectra(TM) 395 ISP Camera MipiCsi Device ---------------------

  Device Name:                            Qualcomm(R) Spectra(TM) 395 ISP Camera MipiCsi Device
 [Assigned Resources]
  Memory Location:                        0AC65000 - 0AC66FFF
  Memory Location:                        0ACF5000 - 0ACF51FF
  IRQ:                                    509
 [Alternative 1]
  Memory Location:                        0AC65000
  Memory Location:                        0AC67000 - 0AC68FFF
  Memory Location:                        0AC5A000
  Memory Location:                        0AC5C000
  Memory Location:                        0ACF5000
  Memory Location:                        0ACF5200
  Memory Location:                        0ACF5400
  Memory Location:                        0ACF5600
  IRQ:                                    509
  IRQ:                                    510
  IRQ:                                    511
  IRQ:                                    480

Qualcomm(R) USB3(TM) eXtensible Host Controller ---------------------------

  Device Name:                            Qualcomm(R) USB3(TM) eXtensible Host Controller
 [Assigned Resources]
  Memory Location:                        0A400000 - 0A4FFFFE
  IRQ:                                    166
  IRQ:                                    644
 [Alternative 1]
  Memory Location:                        0A400000
  IRQ:                                    165
  IRQ:                                    162
  IRQ:                                    528
  IRQ:                                    166
  IRQ:                                    167
  IRQ:                                    529
  IRQ:                                    643
  IRQ:                                    644
  IRQ:                                    645
  IRQ:                                    646
  IRQ:                                    647
  IRQ:                                    648
  IRQ:                                    649
  IRQ:                                    650

Qualcomm(R) USB Type-C Device ---------------------------------------------

  Device Name:                            Qualcomm(R) USB Type-C Device
 [Assigned Resources]
  Memory Location:                        808A0040 - 808A005F
 [Alternative 1]
  Memory Location:                        808A0040 - 808A005F

Qualcomm(R) Compute DSP Subsystem Device ----------------------------------

  Device Name:                            Qualcomm(R) Compute DSP Subsystem Device
 [Assigned Resources]
  IRQ:                                    610
 [Alternative 1]
  IRQ:                                    610

Qualcomm(R) Inter Processor Communication Interrupt Device ----------------

  Device Name:                            Qualcomm(R) Inter Processor Communication Interrupt Device
 [Assigned Resources]
  IRQ:                                    261
 [Alternative 1]
  IRQ:                                    261
  IRQ:                                    262
  IRQ:                                    263
  IRQ:                                    900

Qualcomm PMIC Die Temp Alarm Sensor Device --------------------------------

  Device Name:                            Qualcomm PMIC Die Temp Alarm Sensor Device
 [Assigned Resources]
  IRQ:                                    32786
 [Alternative 1]
  IRQ:                                    32786

Qualcomm PMIC Die Temp Alarm Sensor Device --------------------------------

  Device Name:                            Qualcomm PMIC Die Temp Alarm Sensor Device
 [Assigned Resources]
  IRQ:                                    32787
 [Alternative 1]
  IRQ:                                    32787

Qualcomm PMIC Die Temp Alarm Sensor Device --------------------------------

  Device Name:                            Qualcomm PMIC Die Temp Alarm Sensor Device
 [Assigned Resources]
  IRQ:                                    32788
 [Alternative 1]
  IRQ:                                    32788

Qualcomm PMIC Die Temp Alarm Sensor Device --------------------------------

  Device Name:                            Qualcomm PMIC Die Temp Alarm Sensor Device
 [Assigned Resources]
  IRQ:                                    32789
 [Alternative 1]
  IRQ:                                    32789

Qualcomm SoC Secure Digital host controller -------------------------------

  Device Name:                            Qualcomm SoC Secure Digital host controller
 [Assigned Resources]
  Memory Location:                        08804000 - 08804FFF
 [Alternative 1]
  Memory Location:                        08804000 - 08804FFF
  IRQ:                                    239
  IRQ:                                    32794

UCM-UCSI ACPI Device ------------------------------------------------------

  Device Name:                            UCM-UCSI ACPI Device
 [Assigned Resources]
  Memory Location:                        808A0000 - 808A002F
 [Alternative 1]
  Memory Location:                        808A0000 - 808A002F

Qualcomm(R) System MMU Device ---------------------------------------------

  Device Name:                            Qualcomm(R) System MMU Device
 [Assigned Resources]
  Memory Location:                        15000000 - 150FFFFF
  IRQ:                                    138
  IRQ:                                    142
  IRQ:                                    146
  IRQ:                                    150
  IRQ:                                    216
  IRQ:                                    220
  IRQ:                                    224
  IRQ:                                    350
  IRQ:                                    354
  IRQ:                                    358
  IRQ:                                    362
  IRQ:                                    366
  IRQ:                                    370
 [Alternative 1]
  Memory Location:                        15000000
  IRQ:                                    135
  IRQ:                                    136
  IRQ:                                    137
  IRQ:                                    138
  IRQ:                                    139
  IRQ:                                    140
  IRQ:                                    141
  IRQ:                                    142
  IRQ:                                    143
  IRQ:                                    144
  IRQ:                                    145
  IRQ:                                    146
  IRQ:                                    147
  IRQ:                                    148
  IRQ:                                    149
  IRQ:                                    150
  IRQ:                                    213
  IRQ:                                    214
  IRQ:                                    215
  IRQ:                                    216
  IRQ:                                    217
  IRQ:                                    218
  IRQ:                                    219
  IRQ:                                    220
  IRQ:                                    221
  IRQ:                                    222
  IRQ:                                    223
  IRQ:                                    224
  IRQ:                                    347
  IRQ:                                    348
  IRQ:                                    349
  IRQ:                                    350
  IRQ:                                    351
  IRQ:                                    352
  IRQ:                                    353
  IRQ:                                    354
  IRQ:                                    355
  IRQ:                                    356
  IRQ:                                    357
  IRQ:                                    358
  IRQ:                                    359
  IRQ:                                    360
  IRQ:                                    361
  IRQ:                                    362
  IRQ:                                    363
  IRQ:                                    364
  IRQ:                                    365
  IRQ:                                    366
  IRQ:                                    367
  IRQ:                                    368
  IRQ:                                    369
  IRQ:                                    370
  IRQ:                                    371
  IRQ:                                    372
  IRQ:                                    373
  IRQ:                                    374
  IRQ:                                    375
  IRQ:                                    376
  IRQ:                                    377
  IRQ:                                    427
  IRQ:                                    428
  IRQ:                                    429
  IRQ:                                    430
  IRQ:                                    431
  IRQ:                                    432

Qualcomm(R) System MMU Device ---------------------------------------------

  Device Name:                            Qualcomm(R) System MMU Device
 [Assigned Resources]
  Memory Location:                        03DA0000 - 03DBFFFF
  IRQ:                                    715
  IRQ:                                    719
 [Alternative 1]
  Memory Location:                        03DA0000
  IRQ:                                    712
  IRQ:                                    713
  IRQ:                                    714
  IRQ:                                    715
  IRQ:                                    716
  IRQ:                                    717
  IRQ:                                    718
  IRQ:                                    719
  IRQ:                                    720
  IRQ:                                    735

Qualcomm(R) Adreno(TM) 8cx Gen 3 GPU --------------------------------------

  Device Name:                            Qualcomm(R) Adreno(TM) 8cx Gen 3 GPU
 [Assigned Resources]
  Memory Location:                        0AE00000 - 0AFFFFFF
  Memory Location:                        03DE0000 - 03DEFFFF
  IRQ:                                    878
  IRQ:                                    333
 [Alternative 1]
  Memory Location:                        0AE00000
  Memory Location:                        088E0000
  Memory Location:                        03D00000
  Memory Location:                        03D60000
  Memory Location:                        0B290000
  Memory Location:                        0B490000
  Memory Location:                        03D90000
  Memory Location:                        03DE0000
  Memory Location:                        0C200000
  Memory Location:                        0AA00000
  IRQ:                                    115
  IRQ:                                    885
  IRQ:                                    878
  IRQ:                                    332
  IRQ:                                    333
  IRQ:                                    206

Qualcomm(R) System Cache Device -------------------------------------------

  Device Name:                            Qualcomm(R) System Cache Device
 [Assigned Resources]
  Memory Location:                        09600000 - 0964FFFF
  DMA:                                    0
 [Alternative 1]
  Memory Location:                        09600000
  Memory Location:                        01FC8088
  IRQ:                                    614

SMBIOS DMI ----------------------------------------------------------------


BIOS ----------------------------------------------------------------------

  BIOS Vendor:                            HUAWEI
  BIOS Version:                           2.16
  BIOS Release Date:                      01/31/2023
  BIOS Start Segment:                     E000
  BIOS Size:                              64 MBytes
  System BIOS Version:                    2.16
  Embedded Controller Firmware Version:   2.16
  ISA Support:                            Not Present
  MCA Support:                            Not Present
  EISA Support:                           Not Present
  PCI Support:                            Present
  PC Card (PCMCIA) Support:               Not Present
  Plug-and-Play Support:                  Present
  APM Support:                            Not Present
  Flash BIOS:                             Present
  BIOS Shadow:                            Present
  VL-VESA Support:                        Not Present
  ESCD Support:                           Not Present
  Boot from CD:                           Present
  Selectable Boot:                        Present
  BIOS ROM Socketed:                      Not Present
  Boot from PC Card:                      Not Present
  EDD Support:                            Present
  NEC PC-98 Support:                      Not Present
  ACPI Support:                           Present
  USB Legacy Support:                     Present
  AGP Support:                            Not Present
  I2O Boot Support:                       Not Present
  LS-120 Boot Support:                    Not Present
  ATAPI ZIP Drive Boot Support:           Not Present
  IEE1394 Boot Support:                   Not Present
  Smart Battery Support:                  Present
  BIOS Boot Specification Support:        Present
  Function key-initiated Network Service Boot Support: Not Present
  Targeted Content Distribution Support:  Present
  UEFI Specification Support:             Present
  Virtual Machine:                        Not Present

L1 Instruction Cache ------------------------------------------------------

  Socket Designation:                     L1 Instruction Cache
  Cache State:                            Enabled
  Cache Location:                         Internal
  Cache Type:                             L1 Instruction
  Cache Scheme:                           Write-Through and Write-Back
  Supported SRAM Type:                    
  Current SRAM Type:                      
  Cache Speed:                            Unknown
  Error Correction Type:                  Parity
  Maximum Cache Size:                     384 KBytes
  Installed Cache Size:                   384 KBytes
  Cache Associativity:                    16-way Set-Associative

L1 Data Cache -------------------------------------------------------------

  Socket Designation:                     L1 Data Cache
  Cache State:                            Enabled
  Cache Location:                         Internal
  Cache Type:                             L1 Data
  Cache Scheme:                           Write-Through and Write-Back
  Supported SRAM Type:                    
  Current SRAM Type:                      
  Cache Speed:                            Unknown
  Error Correction Type:                  Parity
  Maximum Cache Size:                     384 KBytes
  Installed Cache Size:                   384 KBytes
  Cache Associativity:                    16-way Set-Associative

L2 Cache ------------------------------------------------------------------

  Socket Designation:                     L2 Cache
  Cache State:                            Enabled
  Cache Location:                         Internal
  Cache Type:                             L2 Unified
  Cache Scheme:                           Write-Through and Write-Back
  Supported SRAM Type:                    
  Current SRAM Type:                      
  Cache Speed:                            Unknown
  Error Correction Type:                  Parity
  Maximum Cache Size:                     1280 KBytes
  Installed Cache Size:                   1280 KBytes
  Cache Associativity:                    8-way Set-Associative

L3 Cache ------------------------------------------------------------------

  Socket Designation:                     L3 Cache
  Cache State:                            Enabled
  Cache Location:                         Internal
  Cache Type:                             L3 Unified
  Cache Scheme:                           Write-Through and Write-Back
  Supported SRAM Type:                    
  Current SRAM Type:                      
  Cache Speed:                            Unknown
  Error Correction Type:                  Parity
  Maximum Cache Size:                     2048 KBytes
  Installed Cache Size:                   2048 KBytes
  Cache Associativity:                    8-way Set-Associative

Processor -----------------------------------------------------------------

  Processor Manufacturer:                 Qualcomm Technologies Inc
  Processor Version:                      Snapdragon (TM) 8cx Gen 3 @ 2.69 GHz
  External Clock:                         N/A
  Maximum Clock Supported:                2688 MHz
  Current Clock:                          1536 MHz
  CPU Socket:                             Populated
  CPU Status:                             Enabled
  Processor Type:                         Central Processor
  Processor Voltage:                      1.1 V
  Processor Upgrade:                      None
  Socket Designation:                     CPU0

System --------------------------------------------------------------------

  System Manufacturer:                    HUAWEI
  Product Name:                           GK-W7X
  Product Version:                        M1010
  Product Serial Number:                  NCSBB23611801652
  UUID:                                   {13042320-B23C-2A33-598D-3CB233B41B19}
  SKU Number:                             C170
  Family:                                 MateBook E

System Enclosure ----------------------------------------------------------

  Manufacturer:                           HUAWEI
  Case Type:                              Detachable
  Version:                                M1010
  Serial Number:                          NCSBB23611801652
  Asset Tag Number:                       N/A

Mainboard -----------------------------------------------------------------

  Mainboard Manufacturer:                 HUAWEI
  Mainboard Name:                         GK-W7X-PCB
  Mainboard Version:                      M1010
  Mainboard Serial Number:                BBMC4Z2366000237
  Asset Tag:                              N/A
  Location in chassis:                    Null

OEM Strings ---------------------------------------------------------------










BIOS Language -------------------------------------------------------------




Built-in Pointing Device --------------------------------------------------

  Device Type:                            Touch Screen
  Interface Type:                         Unknown
  Number of Buttons:                      1

Portable Battery ----------------------------------------------------------

  Battery Location:                       in the back, on the left-hand side
  Battery Manufacturer:                   SUNWODA
  Manufacture Date:                       10/25/2022
  Serial Number:                          6419
  Device Name:                            HB30A8P9ECW-22T1
  Device Chemistry:                       Lithium-ion
  Design Capacity:                        0 mWh
  Design Voltage:                         7640 mV
  SBDS Verison Number:                    Null
  Max. Error in Battery Data:             Unknown
  SBDS Serial Number:                     Unknown
  SBDS Manufacture Date:                  Unknown
  SBDS Device Chemistry:                  Null

Memory Devices ------------------------------------------------------------


Physical Memory Array -----------------------------------------------------

  Array Location:                         System board
  Array Use:                              System memory
  Error Detecting Method:                 None
  Memory Capacity:                        16 GBytes
  Memory Devices:                         1

Memory Device -------------------------------------------------------------

  Total Width:                            64 bits
  Data Width:                             64 bits
  Device Size:                            16384 MBytes
  Device Form Factor:                     TSOP
  Device Locator:                         Top - on board
  Bank Locator:                           Bank 0
  Device Type:                            LPDDR4
  Device Type Detail:                     
  Memory Speed:                           2133 MT/s
  Configured Memory Speed:                2133 MT/s
  Manufacturer:                           MAS_XHFC
  Serial Number:                          Null
  Part Number:                            CXDB5CCAM-ML
  Asset Tag:                              Null

Memory Array Mapped Address -----------------------------------------------

  Starting Address:                       00000000
  Ending Address:                         00FFFFFF
  Partition Width:                        1

Memory Device Mapped Address ----------------------------------------------

  Starting Address:                       00000000
  Ending Address:                         00FFFFFF
  Partition Row Position:                 Unknown
  Interleave Position:                    Unknown
  Interleave Data Depth:                  Unknown

System Slots --------------------------------------------------------------


PCI-0 ---------------------------------------------------------------------

  Slot Designation:                       PCI-0
  Slot Type:                              PCI Express x4
  Slot Usage:                             In use
  Slot Data Bus Width:                    4x / x4
  Slot Length:                            Unknown
  Base Segment:Bus:Device:Function Number: 0:1:0:0

Memory --------------------------------------------------------------------

 [General Information]
  Total Memory Size:                      16 GBytes
  Total Memory Size [MB]:                 16384
 [Current Performance Settings]

Row: 0 [Bank 0/Top - on board] - 16 GB LPDDR4 SDRAM MAS_XHFC CXDB5CCAM-ML -

 [General Row Information]
  Row Number:                             0
  Row Size:                               16 GBytes
  Memory Type:                            LPDDR4 SDRAM
  Module Manufacturer:                    MAS_XHFC
  Module Model:                           CXDB5CCAM-ML
  Module Type:                            LPDDR4 SDRAM
  Module Serial Number:                   Null

Bus -----------------------------------------------------------------------


Video Adapter -------------------------------------------------------------


Qualcomm Adreno 690 -------------------------------------------------------

 [Video Chipset]
  Video Chipset:                          Qualcomm Adreno 690
  Video Memory:                           Unknown
 [Video Card]
  Video Card:                             Unknown
  Video Bus:                              Integrated
  GPU Type:                               Integrated
  Video RAMDAC:                           InternalDAC
 [Performance]
  Graphics Processor Clock:               270.0 MHz
  Graphics Memory Clock:                  800.0 MHz
 [Driver Information]
  Driver Manufacturer:                    Huawei
  Driver Description:                     Virtual Display Device
  Driver Provider:                        Huawei
  Driver Version:                         1.0.0.9
  Driver Date:                            18-Nov-2022
  DeviceInstanceId                        INDIRECTDSP\VIRTUALDISPLAYDRIVER\1&79F5D87&6&01

Monitor -------------------------------------------------------------------


TCL CSOT [Unknown Model: CSO0312] -----------------------------------------

 [General Information]
  Monitor Name:                           TCL CSOT [Unknown Model: CSO0312]
  Monitor Name (Manuf):                   PPC357DB1
  Serial Number:                          1
  Date Of Manufacture:                    Week: 1, Year: 2017
  Monitor Hardware ID:                    Monitor\CSO0312
  Max. Vertical Size:                     26 cm
  Max. Horizontal Size:                   16 cm
 [Advanced parameters]
  Input Signal:                           Digital
  Gamma Factor:                           2.20
 [DPMS Modes]
  Standby:                                Not Supported
  Suspend:                                Not Supported
  Active Off:                             Not Supported
  Standard Colour Space (sRGB) Default:   Not Supported
  Preferred Timing Mode:                  Supported
  Default GTF (Continuous Frequency):     Not Supported
  DFP 1.x Compatible:                     No
 [Supported Video Modes]
  1600 x 2560                             166 x 265 mm, Pixel Clock 285.63 MHz
 [Chromaticity Coordinates]
  Red [x,y]:                               0.6504, 0.3301
  Green [x,y]:                             0.2002, 0.7002
  Blue [x,y]:                              0.1494, 0.0713
  White [x,y]:                             0.3105, 0.3281
 [Color Gamut]
  sRGB Coverage:                          134.728 %
  AdobeRGB Coverage:                      99.876 %
  DCI-P3 Coverage:                        99.318 %
  NTSC Coverage:                          95.425 %
  BT.2020 Coverage:                       71.254 %
  HDR Support:                            Not Supported
  HDR10+ Support:                         Not Supported
  AMD FreeSync Support:                   Not Supported
  NVIDIA G-Sync Support:                  Not Supported
  HDMI AdaptiveSync Support:              Not Supported
  VESA AdaptiveSync Support:              Not Supported
 [Driver Information]
  Driver Manufacturer:                    Huawei Device Co., Ltd.
  Driver Description:                     CSO PnP Monitor
  Driver Provider:                        Huawei Device Co., Ltd.
  Driver Version:                         23.8.16.1
  Driver Date:                            16-Aug-2023
  DeviceInstanceId                        DISPLAY\CSO0312\3&1F76B6D8&1&UID0
  Location Paths                          ACPI(_SB_)#ACPI(GPU0)#ACPI(MON0)

Drives --------------------------------------------------------------------


(S)ATA/ATAPI Drives -------------------------------------------------------


NVMe Drives ---------------------------------------------------------------


PCIe-8 SSD 512GB ----------------------------------------------------------

 [General Information]
  Host Controller:                        Silicon Motion, Device ID: 1001
  Drive Model:                            PCIe-8 SSD 512GB
  Drive Serial Number:                    YMA1512JA2218000YW
  Drive Firmware Revision:                YM00D216
  NVMe Version Supported:                 v1.3
  Drive Capacity:                         488,386 MBytes (512 GB)
  Drive Capacity [MB]:                    488386
  SCSI Address:                           0:0:0:0
  Drive Letter(s):                        C:, D:
 [Capabilities]
  Volatile Write Cache:                   Present
  Compare Command:                        Supported
  Write Uncorrectable Command:            Supported
  Dataset Management:                     Supported
  Write Zeroes:                           Supported
  Save field set to a non-zero value:     Supported
  Reservations:                           Not Supported
  Timestamp:                              Supported
  Autonomous Power State Transitions:     Supported
  Host Memory Buffer (HMB) Capability:    Not Supported
 [I/O Command Sets]
  NVM Command Set:                        Not Supported
  Key Value (KV) Command Set:             Not Supported
  Zoned Namespace (ZNS) Command Set:      Not Supported
  Subsystem Local Memory Command Set:     Not Supported
  Computational Programs Namespace Command Set: Not Supported
 [Self-Monitoring, Analysis and Reporting Technology (S.M.A.R.T.)]
  Available Space Below Threshold:        OK
  Temperature Exceeded Critical Threshold: OK
  Device Reliablity Degraded:             OK
  Media In Read Only Mode:                OK
  Volatile Memory Backup Device Failed:   OK
  Drive Temperature:                      28 °C
  Warning Temperature Threshold:          75 °C
  Critical Temperature Threshold:         90 °C
  Time Above Warning Temperature Threshold: 0 minutes
  Time Above Critical Temperature Threshold: 0 minutes
  Spare Capacity Available:               100%
  Device Health:                          99%
  Power Cycles:                           27493
  Power On Hours:                         1332 hours
  Unsafe Shutdowns:                       146
  Media Errors:                           0
  Total Host Reads:                       3.35 TBytes
  Total Host Writes:                      5.03 TBytes

Audio ---------------------------------------------------------------------


Unknown or none -----------------------------------------------------------


Network -------------------------------------------------------------------


Qualcomm WCN685x Wi-Fi 6E Dual Band Simultaneous (DBS) WiFiCx Network Adapter

 [General Information]
  Network Card:                           Qualcomm WCN685x Wi-Fi 6E Dual Band Simultaneous (DBS) WiFiCx Network Adapter
  Vendor Description:                     Microsoft
  MAC Address:                            5E-B2-33-2A-59-8D
 [Capabilities]
  Maximum Link Speed:                     2100 Mbps
  Current Link Speed:                     2100 Mbps
  Transmit Buffer Size:                   6201344 Bytes
  Receive Buffer Size:                    6201344 Bytes

Ports ---------------------------------------------------------------------


USB -----------------------------------------------------------------------


Qualcomm(R) USB3(TM) eXtensible Host Controller ---------------------------


Root Hub ------------------------------------------------------------------


[Port1] : No Device Connected ---------------------------------------------


[Port2] : No Device Connected ---------------------------------------------


Qualcomm(R) USB3(TM) eXtensible Host Controller ---------------------------


Root Hub ------------------------------------------------------------------


[Port1] : No Device Connected ---------------------------------------------


[Port2] : No Device Connected ---------------------------------------------


[Port3] : Huawei Technologies, PID=10B8 -----------------------------------

 [Device Information]
  Device Manufacturer:                    N/A
  Product Name:                           N/A
  Serial Number:                          N/A
  USB Version Supported:                  1.01
  USB Speed Capable:                      USB 1.1 Full-speed
  USB Speed Connected:                    USB 1.1 Full-speed
  Maximum Current:                        100 mA
  Driver Description:                     USB Composite Device
  Hardware ID:                            USB\VID_12D1&PID_10B8
 [Driver Information]
  Driver Manufacturer:                    Microsoft
  Driver Description:                     USB Composite Device
  Driver Provider:                        Microsoft
  Driver Version:                         10.0.26100.6899
  Driver Date:                            21-Jun-2006
  DeviceInstanceId                        USB\VID_12D1&PID_10B8\4&144A01D&0&3
  Location Paths                          ACPI(_SB_)#ACPI(USB2)#ACPI(RHUB)#ACPI(MP2_)

[Port4] : No Device Connected ---------------------------------------------


[Port5] : No Device Connected ---------------------------------------------


[Port6] : No Device Connected ---------------------------------------------


Smart Battery -------------------------------------------------------------


Battery #0 ----------------------------------------------------------------

 [General Properties]
  Device Name:                            HB30C4J7ECW-21
  Manufacturer Name:                      SUNWODA
  Serial Number:                          25625
  Unique ID:                              25625SUNWODAHB30C4J7ECW-21
  Chemistry:                              Lithium Ion
  Designed Capacity:                      45076 mWh
  Full Charged Capacity:                  44144 mWh
  Wear Level:                             2.1 %
  Cycle Count:                            37
 [Current Power Status]
  Power Status:                           Charging, On AC Power
  Current Capacity:                       22867 mWh (51.8 %)
  Current Voltage:                        8.334 V
  Charge Rate:                            25411 mW
